2021-12-17 17:04:09,499 WARNING werkzeug MainThread :  * Debugger is active!
2021-12-17 17:04:09,499 INFO werkzeug MainThread :  * Debugger PIN: 122-984-268
2021-12-17 17:04:13,404 INFO werkzeug Thread-2 : 127.0.0.1 - - [17/Dec/2021 17:04:13] "POST /yaml-template HTTP/1.1" 200 -
2021-12-17 17:04:25,614 INFO werkzeug MainThread :  * Detected change in '/home/tulin/PycharmProjects/pythonProject/app/json_parser.py', reloading
2021-12-17 17:04:25,792 WARNING werkzeug MainThread :  * Debugger is active!
2021-12-17 17:04:25,792 INFO werkzeug MainThread :  * Debugger PIN: 122-984-268
2021-12-17 17:04:28,470 INFO werkzeug MainThread :  * Running on http://127.0.0.1:5000/ (Press CTRL+C to quit)
2021-12-17 17:04:28,472 INFO werkzeug MainThread :  * Restarting with stat
2021-12-17 17:04:28,631 WARNING werkzeug MainThread :  * Debugger is active!
2021-12-17 17:04:28,631 INFO werkzeug MainThread :  * Debugger PIN: 122-984-268
2021-12-17 17:04:30,913 INFO werkzeug Thread-2 : 127.0.0.1 - - [17/Dec/2021 17:04:30] "POST /yaml-template HTTP/1.1" 200 -
2021-12-17 17:04:48,768 INFO werkzeug MainThread :  * Detected change in '/home/tulin/PycharmProjects/pythonProject/app/json_parser.py', reloading
2021-12-17 17:04:48,792 INFO werkzeug MainThread :  * Restarting with stat
2021-12-17 17:04:48,951 WARNING werkzeug MainThread :  * Debugger is active!
2021-12-17 17:04:48,951 INFO werkzeug MainThread :  * Debugger PIN: 122-984-268
2021-12-17 17:04:57,024 INFO werkzeug MainThread :  * Detected change in '/home/tulin/PycharmProjects/pythonProject/app/json_parser.py', reloading
2021-12-17 17:04:57,049 INFO werkzeug MainThread :  * Restarting with stat
2021-12-17 17:04:57,205 WARNING werkzeug MainThread :  * Debugger is active!
2021-12-17 17:04:57,206 INFO werkzeug MainThread :  * Debugger PIN: 122-984-268
2021-12-17 17:04:58,006 INFO werkzeug Thread-2 : 127.0.0.1 - - [17/Dec/2021 17:04:58] "POST /yaml-template HTTP/1.1" 200 -
2021-12-17 17:05:49,552 INFO werkzeug MainThread :  * Detected change in '/home/tulin/PycharmProjects/pythonProject/app/json_parser.py', reloading
2021-12-17 17:05:49,587 INFO werkzeug MainThread :  * Restarting with stat
2021-12-17 17:05:59,848 INFO werkzeug MainThread :  * Restarting with stat
