2021-12-17 17:08:08,898 WARNING werkzeug MainThread :  * Debugger is active!
2021-12-17 17:08:08,899 INFO werkzeug MainThread :  * Debugger PIN: 122-984-268
2021-12-17 17:08:12,726 INFO werkzeug MainThread :  * Running on http://127.0.0.1:5000/ (Press CTRL+C to quit)
2021-12-17 17:08:12,728 INFO werkzeug MainThread :  * Restarting with stat
2021-12-17 17:08:12,893 WARNING werkzeug MainThread :  * Debugger is active!
2021-12-17 17:08:12,893 INFO werkzeug MainThread :  * Debugger PIN: 122-984-268
2021-12-17 17:08:17,529 INFO werkzeug Thread-2 : 127.0.0.1 - - [17/Dec/2021 17:08:17] "POST /yaml-template HTTP/1.1" 200 -
2021-12-17 17:08:26,996 INFO werkzeug MainThread :  * Detected change in '/home/tulin/PycharmProjects/pythonProject/app/json_parser.py', reloading
2021-12-17 17:08:27,026 INFO werkzeug MainThread :  * Restarting with stat
2021-12-17 17:08:27,184 WARNING werkzeug MainThread :  * Debugger is active!
2021-12-17 17:08:27,184 INFO werkzeug MainThread :  * Debugger PIN: 122-984-268
2021-12-17 17:08:31,867 INFO werkzeug Thread-2 : 127.0.0.1 - - [17/Dec/2021 17:08:31] "POST /yaml-template HTTP/1.1" 200 -
2021-12-17 17:08:45,321 INFO werkzeug MainThread :  * Detected change in '/home/tulin/PycharmProjects/pythonProject/app/json_parser.py', reloading
2021-12-17 17:08:45,348 INFO werkzeug MainThread :  * Restarting with stat
2021-12-17 17:08:45,503 WARNING werkzeug MainThread :  * Debugger is active!
2021-12-17 17:08:45,503 INFO werkzeug MainThread :  * Debugger PIN: 122-984-268
2021-12-17 17:08:53,480 INFO werkzeug Thread-2 : 127.0.0.1 - - [17/Dec/2021 17:08:53] "[35m[1mPOST /yaml-template HTTP/1.1[0m" 500 -
2021-12-17 17:09:24,787 INFO werkzeug MainThread :  * Detected change in '/home/tulin/PycharmProjects/pythonProject/app/json_parser.py', reloading
2021-12-17 17:09:24,820 INFO werkzeug MainThread :  * Restarting with stat
2021-12-17 17:09:39,097 INFO werkzeug MainThread :  * Restarting with stat
2021-12-17 17:10:18,637 INFO werkzeug MainThread :  * Restarting with stat
2021-12-17 17:11:00,073 INFO werkzeug MainThread :  * Restarting with stat
2021-12-17 17:11:15,363 INFO werkzeug MainThread :  * Restarting with stat
