2022-02-23 14:54:42,797 INFO werkzeug MainThread :  * Running on http://127.0.0.1:5000/ (Press CTRL+C to quit)
2022-02-23 14:54:42,809 INFO werkzeug MainThread :  * Restarting with stat
2022-02-23 14:54:42,963 WARNING werkzeug MainThread :  * Debugger is active!
2022-02-23 14:54:43,019 INFO werkzeug MainThread :  * Debugger PIN: 328-217-280
2022-02-23 14:54:46,323 INFO werkzeug Thread-2 : 127.0.0.1 - - [23/Feb/2022 14:54:46] "POST /yaml-template?cluster_name=cluster_tosca_7 HTTP/1.1" 200 -
2022-02-23 14:55:07,225 INFO werkzeug MainThread :  * Detected change in '/home/tulin/PycharmProjects/pythonProject/app/views.py', reloading
2022-02-23 14:55:07,251 INFO werkzeug MainThread :  * Restarting with stat
2022-02-23 14:56:23,126 INFO werkzeug MainThread :  * Restarting with stat
2022-02-23 14:57:09,756 INFO werkzeug MainThread :  * Restarting with stat
2022-02-23 14:57:23,085 INFO werkzeug MainThread :  * Restarting with stat
2022-02-23 15:02:03,071 INFO werkzeug MainThread :  * Restarting with stat
2022-02-23 15:02:20,440 INFO werkzeug MainThread :  * Restarting with stat
2022-02-23 15:04:16,794 INFO werkzeug MainThread :  * Restarting with stat
2022-02-23 15:08:23,518 INFO werkzeug MainThread :  * Restarting with stat
2022-02-23 15:10:10,942 INFO werkzeug MainThread :  * Restarting with stat
2022-02-23 15:10:31,352 INFO werkzeug MainThread :  * Restarting with stat
2022-02-23 15:11:28,119 INFO werkzeug MainThread :  * Restarting with stat
2022-02-23 15:11:49,544 INFO werkzeug MainThread :  * Restarting with stat
2022-02-23 15:12:13,970 INFO werkzeug MainThread :  * Restarting with stat
2022-02-23 15:12:34,373 INFO werkzeug MainThread :  * Restarting with stat
2022-02-23 15:13:46,299 INFO werkzeug MainThread :  * Restarting with stat
2022-02-23 15:16:45,352 INFO werkzeug MainThread :  * Restarting with stat
