2022-02-25 20:11:01,604 WARNING werkzeug MainThread :  * Debugger is active!
2022-02-25 20:11:01,605 INFO werkzeug MainThread :  * Debugger PIN: 277-721-888
2022-02-25 20:11:02,168 INFO werkzeug Thread-2 : 127.0.0.1 - - [25/Feb/2022 20:11:02] "POST /yaml-template?cluster_name=cluster_tosca_10 HTTP/1.1" 200 -
2022-02-25 20:11:11,945 INFO werkzeug MainThread :  * Running on http://127.0.0.1:5000/ (Press CTRL+C to quit)
2022-02-25 20:11:11,947 INFO werkzeug MainThread :  * Restarting with stat
2022-02-25 20:11:12,107 WARNING werkzeug MainThread :  * Debugger is active!
2022-02-25 20:11:12,107 INFO werkzeug MainThread :  * Debugger PIN: 277-721-888
2022-02-25 20:11:14,143 INFO werkzeug Thread-2 : 127.0.0.1 - - [25/Feb/2022 20:11:14] "POST /yaml-template?cluster_name=cluster_tosca_10 HTTP/1.1" 200 -
2022-02-25 20:12:20,747 INFO werkzeug MainThread :  * Detected change in '/home/tulin/PycharmProjects/pythonProject/app/yaml_parser.py', reloading
2022-02-25 20:12:20,777 INFO werkzeug MainThread :  * Restarting with stat
2022-02-25 20:12:37,127 INFO werkzeug MainThread :  * Restarting with stat
2022-02-25 20:12:38,349 INFO werkzeug MainThread :  * Restarting with stat
2022-02-25 20:12:47,649 INFO werkzeug MainThread :  * Restarting with stat
2022-02-25 20:13:47,422 INFO werkzeug MainThread :  * Restarting with stat
2022-02-25 20:20:28,488 INFO werkzeug MainThread :  * Restarting with stat
2022-02-25 20:21:41,426 INFO werkzeug MainThread :  * Restarting with stat
2022-02-25 20:22:00,805 INFO werkzeug MainThread :  * Restarting with stat
2022-02-25 20:24:12,380 INFO werkzeug MainThread :  * Restarting with stat
2022-02-25 20:24:51,970 INFO werkzeug MainThread :  * Restarting with stat
2022-02-25 20:29:20,825 INFO werkzeug MainThread :  * Restarting with stat
