2022-02-25 18:13:04,470 WARNING werkzeug MainThread :  * Debugger is active!
2022-02-25 18:13:04,471 INFO werkzeug MainThread :  * Debugger PIN: 277-721-888
2022-02-25 18:13:04,663 INFO werkzeug Thread-2 : 127.0.0.1 - - [25/Feb/2022 18:13:04] "[35m[1mPOST /yaml-template?cluster_name=cluster_tosca_10 HTTP/1.1[0m" 500 -
2022-02-25 18:13:12,553 INFO werkzeug MainThread :  * Detected change in '/home/tulin/PycharmProjects/pythonProject/app/yaml_parser.py', reloading
2022-02-25 18:13:12,736 WARNING werkzeug MainThread :  * Debugger is active!
2022-02-25 18:13:12,737 INFO werkzeug MainThread :  * Debugger PIN: 277-721-888
2022-02-25 18:13:13,954 INFO werkzeug Thread-2 : 127.0.0.1 - - [25/Feb/2022 18:13:13] "[35m[1mPOST /yaml-template?cluster_name=cluster_tosca_10 HTTP/1.1[0m" 500 -
2022-02-25 18:13:48,138 INFO werkzeug MainThread :  * Detected change in '/home/tulin/PycharmProjects/pythonProject/app/data_classes.py', reloading
2022-02-25 18:13:48,327 WARNING werkzeug MainThread :  * Debugger is active!
2022-02-25 18:13:48,328 INFO werkzeug MainThread :  * Debugger PIN: 277-721-888
2022-02-25 18:13:59,985 INFO werkzeug MainThread :  * Running on http://127.0.0.1:5000/ (Press CTRL+C to quit)
2022-02-25 18:13:59,986 INFO werkzeug MainThread :  * Restarting with stat
2022-02-25 18:15:13,938 INFO werkzeug MainThread :  * Restarting with stat
2022-02-25 18:15:46,486 INFO werkzeug MainThread :  * Restarting with stat
2022-02-25 18:16:12,971 INFO werkzeug MainThread :  * Restarting with stat
2022-02-25 18:16:47,552 INFO werkzeug MainThread :  * Restarting with stat
2022-02-25 18:16:51,787 INFO werkzeug MainThread :  * Restarting with stat
2022-02-25 18:19:23,565 INFO werkzeug MainThread :  * Restarting with stat
2022-02-25 18:19:30,837 INFO werkzeug MainThread :  * Restarting with stat
2022-02-25 18:19:45,181 INFO werkzeug MainThread :  * Restarting with stat
2022-02-25 18:20:03,629 INFO werkzeug MainThread :  * Restarting with stat
2022-02-25 18:28:55,480 INFO werkzeug MainThread :  * Restarting with stat
2022-02-25 18:30:36,786 INFO werkzeug MainThread :  * Restarting with stat
2022-02-25 18:31:08,349 INFO werkzeug MainThread :  * Restarting with stat
2022-02-25 18:32:12,209 INFO werkzeug MainThread :  * Restarting with stat
2022-02-25 18:34:25,840 INFO werkzeug MainThread :  * Restarting with stat
2022-02-25 18:34:43,217 INFO werkzeug MainThread :  * Restarting with stat
