2022-03-02 15:09:36,810 INFO werkzeug MainThread :  * Running on http://127.0.0.1:5000/ (Press CTRL+C to quit)
2022-03-02 15:09:36,817 INFO werkzeug MainThread :  * Restarting with stat
2022-03-02 15:09:36,971 WARNING werkzeug MainThread :  * Debugger is active!
2022-03-02 15:09:37,028 INFO werkzeug MainThread :  * Debugger PIN: 799-069-225
2022-03-02 15:09:43,276 INFO root Thread-2 : Get connection to ('10.100.151.128', 9669)
2022-03-02 15:09:43,298 INFO werkzeug Thread-2 : 127.0.0.1 - - [02/Mar/2022 15:09:43] "POST /yaml-template?cluster_name=cluster_tosca_23 HTTP/1.1" 200 -
2022-03-02 15:09:46,108 INFO root Thread-3 : Get connection to ('10.100.151.128', 9669)
2022-03-02 15:09:53,530 INFO werkzeug Thread-3 : 127.0.0.1 - - [02/Mar/2022 15:09:53] "POST /yaml-template?cluster_name=cluster_tosca_24 HTTP/1.1" 200 -
2022-03-02 15:12:19,647 INFO werkzeug MainThread :  * Detected change in '/home/tulin/PycharmProjects/pythonProject/app/views.py', reloading
2022-03-02 15:12:19,671 INFO werkzeug MainThread :  * Restarting with stat
2022-03-02 15:17:07,730 INFO werkzeug MainThread :  * Restarting with stat
2022-03-02 15:18:12,643 INFO werkzeug MainThread :  * Restarting with stat
2022-03-02 15:24:07,402 INFO werkzeug MainThread :  * Restarting with stat
2022-03-02 15:24:13,675 INFO werkzeug MainThread :  * Restarting with stat
2022-03-02 15:51:54,931 INFO werkzeug MainThread :  * Restarting with stat
2022-03-02 15:56:20,303 INFO werkzeug MainThread :  * Restarting with stat
2022-03-02 15:57:04,034 INFO werkzeug MainThread :  * Restarting with stat
2022-03-02 15:58:00,860 INFO werkzeug MainThread :  * Restarting with stat
2022-03-02 15:59:39,218 INFO werkzeug MainThread :  * Restarting with stat
2022-03-02 16:00:32,979 INFO werkzeug MainThread :  * Restarting with stat
2022-03-02 16:03:44,260 INFO werkzeug MainThread :  * Restarting with stat
2022-03-02 16:04:28,920 INFO werkzeug MainThread :  * Restarting with stat
2022-03-02 16:07:09,826 INFO werkzeug MainThread :  * Restarting with stat
2022-03-02 16:07:13,091 INFO werkzeug MainThread :  * Restarting with stat
2022-03-02 16:07:51,744 INFO werkzeug MainThread :  * Restarting with stat
2022-03-02 16:10:11,466 INFO werkzeug MainThread :  * Restarting with stat
2022-03-02 16:10:56,173 INFO werkzeug MainThread :  * Restarting with stat
2022-03-02 16:11:02,432 INFO werkzeug MainThread :  * Restarting with stat
