2022-03-09 18:34:30,322 INFO werkzeug MainThread :  * Running on http://127.0.0.1:5000/ (Press CTRL+C to quit)
2022-03-09 18:34:30,324 INFO werkzeug MainThread :  * Restarting with stat
2022-03-09 18:34:30,491 WARNING werkzeug MainThread :  * Debugger is active!
2022-03-09 18:34:30,491 INFO werkzeug MainThread :  * Debugger PIN: 401-824-779
2022-03-09 18:34:33,032 INFO werkzeug Thread-2 : 127.0.0.1 - - [09/Mar/2022 18:34:33] "[31m[1mPUT /yaml-template?cluster_name=cluster_tosca_57 HTTP/1.1[0m" 405 -
2022-03-09 18:34:43,576 INFO werkzeug Thread-3 : 127.0.0.1 - - [09/Mar/2022 18:34:43] "[31m[1mPUT /yaml-template?cluster_name=cluster_tosca_57 HTTP/1.1[0m" 405 -
2022-03-09 18:34:58,271 INFO werkzeug Thread-4 : 127.0.0.1 - - [09/Mar/2022 18:34:58] "[31m[1mPOST /yaml-template?cluster_name=cluster_tosca_57 HTTP/1.1[0m" 405 -
2022-03-09 18:35:14,550 INFO werkzeug Thread-5 : 127.0.0.1 - - [09/Mar/2022 18:35:14] "[31m[1mPOST /yaml-template?cluster_name=cluster_tosca_57 HTTP/1.1[0m" 405 -
2022-03-09 18:35:28,172 INFO werkzeug MainThread :  * Detected change in '/home/tulin/PycharmProjects/pythonProject/app/views.py', reloading
2022-03-09 18:35:28,197 INFO werkzeug MainThread :  * Restarting with stat
2022-03-09 18:41:18,963 INFO werkzeug MainThread :  * Restarting with stat
2022-03-09 18:44:58,808 INFO werkzeug MainThread :  * Restarting with stat
2022-03-09 18:45:05,069 INFO werkzeug MainThread :  * Restarting with stat
2022-03-09 18:46:57,548 INFO werkzeug MainThread :  * Restarting with stat
2022-03-09 18:47:03,833 INFO werkzeug MainThread :  * Restarting with stat
2022-03-09 18:50:02,682 INFO werkzeug MainThread :  * Restarting with stat
2022-03-09 18:50:09,970 INFO werkzeug MainThread :  * Restarting with stat
2022-03-09 19:24:41,440 INFO werkzeug MainThread :  * Restarting with stat
2022-03-09 19:28:43,037 INFO werkzeug MainThread :  * Restarting with stat
2022-03-09 19:43:29,301 INFO werkzeug MainThread :  * Restarting with stat
2022-03-09 19:43:37,616 INFO werkzeug MainThread :  * Restarting with stat
2022-03-09 19:46:45,316 INFO werkzeug MainThread :  * Restarting with stat
2022-03-09 19:53:13,432 INFO werkzeug MainThread :  * Restarting with stat
2022-03-09 19:53:17,674 INFO werkzeug MainThread :  * Restarting with stat
2022-03-09 19:57:15,060 INFO werkzeug MainThread :  * Restarting with stat
2022-03-09 20:02:16,094 INFO werkzeug MainThread :  * Restarting with stat
2022-03-09 20:02:33,485 INFO werkzeug MainThread :  * Restarting with stat
2022-03-09 20:02:35,703 INFO werkzeug MainThread :  * Restarting with stat
2022-03-09 20:16:45,367 INFO werkzeug MainThread :  * Restarting with stat
