2022-05-31 18:17:44,181 INFO werkzeug MainThread :  * Running on http://127.0.0.1:5000 (Press CTRL+C to quit)
2022-05-31 18:17:44,182 INFO werkzeug MainThread :  * Restarting with stat
2022-05-31 18:17:44,332 WARNING werkzeug MainThread :  * Debugger is active!
2022-05-31 18:17:47,305 INFO werkzeug MainThread :  * Debugger PIN: 774-930-408
2022-05-31 18:17:50,518 INFO werkzeug MainThread :  * Running on http://127.0.0.1:5000 (Press CTRL+C to quit)
2022-05-31 18:17:50,519 INFO werkzeug MainThread :  * Restarting with stat
2022-05-31 18:17:50,748 WARNING werkzeug MainThread :  * Debugger is active!
2022-05-31 18:17:50,748 INFO werkzeug MainThread :  * Debugger PIN: 774-930-408
2022-05-31 18:18:17,879 INFO werkzeug Thread-2 : 127.0.0.1 - - [31/May/2022 18:18:17] "[32mPOST /yaml-template?cluster_name=clustercurl HTTP/1.1[0m" 308 -
2022-05-31 18:18:17,882 INFO werkzeug Thread-3 : 127.0.0.1 - - [31/May/2022 18:18:17] "[32mPOST /yaml-template?cluster_name=cluster HTTP/1.1[0m" 308 -
2022-05-31 18:18:23,498 INFO werkzeug Thread-4 : 127.0.0.1 - - [31/May/2022 18:18:23] "[32mPOST /yaml-template?cluster_name=cluster HTTP/1.1[0m" 308 -
2022-05-31 18:19:42,886 INFO werkzeug Thread-5 : 127.0.0.1 - - [31/May/2022 18:19:42] "[35m[1mPOST /yaml-template/?cluster_name=cluster_test HTTP/1.1[0m" 500 -
2022-05-31 18:20:12,974 INFO werkzeug Thread-6 : 127.0.0.1 - - [31/May/2022 18:20:12] "[35m[1mPOST /yaml-template/?cluster_name=cluster_test HTTP/1.1[0m" 500 -
2022-05-31 18:20:48,611 INFO werkzeug Thread-7 : 127.0.0.1 - - [31/May/2022 18:20:48] "POST /yaml-template/?cluster_name=cluster_test HTTP/1.1" 200 -
2022-05-31 18:24:26,233 INFO werkzeug MainThread :  * Detected change in '/home/dmitry/PycharmProjects/API_COURSE/app/parser/tosca_v_1_3/Directives.py', reloading
2022-05-31 18:24:26,254 INFO werkzeug MainThread :  * Restarting with stat
2022-05-31 18:28:35,991 INFO werkzeug MainThread :  * Restarting with stat
2022-05-31 18:30:56,215 INFO werkzeug MainThread :  * Restarting with stat
2022-05-31 18:31:12,912 INFO werkzeug MainThread :  * Restarting with stat
2022-05-31 18:31:38,968 INFO werkzeug MainThread :  * Restarting with stat
2022-05-31 18:32:59,498 INFO werkzeug MainThread :  * Restarting with stat
2022-05-31 18:33:19,056 INFO werkzeug MainThread :  * Restarting with stat
2022-05-31 18:34:46,427 INFO werkzeug MainThread :  * Restarting with stat
2022-05-31 18:35:56,580 INFO werkzeug MainThread :  * Restarting with stat
2022-05-31 18:36:18,142 INFO werkzeug MainThread :  * Restarting with stat
2022-05-31 18:36:47,775 INFO werkzeug MainThread :  * Restarting with stat
2022-05-31 18:41:55,229 INFO werkzeug MainThread :  * Restarting with stat
2022-05-31 18:47:32,356 INFO werkzeug MainThread :  * Restarting with stat
2022-05-31 18:47:42,732 INFO werkzeug MainThread :  * Restarting with stat
2022-05-31 18:47:58,280 INFO werkzeug MainThread :  * Restarting with stat
2022-05-31 18:48:09,807 INFO werkzeug MainThread :  * Restarting with stat
2022-05-31 18:51:35,521 INFO werkzeug MainThread :  * Restarting with stat
2022-05-31 18:52:09,717 INFO werkzeug MainThread :  * Restarting with stat
2022-05-31 18:52:43,388 INFO werkzeug MainThread :  * Restarting with stat
2022-05-31 18:53:24,198 INFO werkzeug MainThread :  * Restarting with stat
2022-05-31 18:55:18,220 INFO werkzeug MainThread :  * Restarting with stat
2022-05-31 19:00:24,901 INFO werkzeug MainThread :  * Restarting with stat
2022-05-31 19:01:30,170 INFO werkzeug MainThread :  * Restarting with stat
2022-05-31 19:02:22,187 INFO werkzeug MainThread :  * Restarting with stat
2022-05-31 19:02:35,657 INFO werkzeug MainThread :  * Restarting with stat
2022-05-31 19:03:20,464 INFO werkzeug MainThread :  * Restarting with stat
2022-05-31 19:04:21,684 INFO werkzeug MainThread :  * Restarting with stat
2022-05-31 19:04:39,303 INFO werkzeug MainThread :  * Restarting with stat
2022-05-31 19:05:07,870 INFO werkzeug MainThread :  * Restarting with stat
2022-05-31 19:06:11,018 INFO werkzeug MainThread :  * Restarting with stat
2022-05-31 19:07:57,669 INFO werkzeug MainThread :  * Restarting with stat
2022-05-31 19:09:00,102 INFO werkzeug MainThread :  * Restarting with stat
2022-05-31 19:09:17,538 INFO werkzeug MainThread :  * Restarting with stat
2022-05-31 19:09:24,928 INFO werkzeug MainThread :  * Restarting with stat
2022-05-31 19:09:50,629 INFO werkzeug MainThread :  * Restarting with stat
2022-05-31 19:11:32,284 INFO werkzeug MainThread :  * Restarting with stat
2022-05-31 19:12:26,234 INFO werkzeug MainThread :  * Restarting with stat
2022-05-31 19:13:44,589 INFO werkzeug MainThread :  * Restarting with stat
2022-05-31 19:14:25,382 INFO werkzeug MainThread :  * Restarting with stat
2022-05-31 19:28:29,814 INFO werkzeug MainThread :  * Restarting with stat
2022-05-31 19:28:38,208 INFO werkzeug MainThread :  * Restarting with stat
2022-05-31 19:29:04,786 INFO werkzeug MainThread :  * Restarting with stat
2022-05-31 19:29:33,486 INFO werkzeug MainThread :  * Restarting with stat
2022-05-31 19:30:06,116 INFO werkzeug MainThread :  * Restarting with stat
2022-05-31 19:30:22,549 INFO werkzeug MainThread :  * Restarting with stat
2022-05-31 19:34:00,903 INFO werkzeug MainThread :  * Restarting with stat
2022-05-31 19:35:26,270 INFO werkzeug MainThread :  * Restarting with stat
2022-05-31 19:38:21,295 INFO werkzeug MainThread :  * Restarting with stat
2022-05-31 19:40:14,135 INFO werkzeug MainThread :  * Restarting with stat
2022-05-31 19:41:14,211 INFO werkzeug MainThread :  * Restarting with stat
2022-05-31 19:41:31,690 INFO werkzeug MainThread :  * Restarting with stat
2022-05-31 19:42:05,422 INFO werkzeug MainThread :  * Restarting with stat
2022-05-31 19:46:14,832 INFO werkzeug MainThread :  * Restarting with stat
2022-05-31 19:47:16,967 INFO werkzeug MainThread :  * Restarting with stat
2022-05-31 19:48:36,457 INFO werkzeug MainThread :  * Restarting with stat
2022-05-31 20:36:26,999 INFO werkzeug MainThread :  * Restarting with stat
2022-05-31 20:38:00,658 INFO werkzeug MainThread :  * Restarting with stat
2022-05-31 20:42:05,601 INFO werkzeug MainThread :  * Restarting with stat
2022-05-31 21:33:17,593 INFO werkzeug MainThread :  * Restarting with stat
2022-05-31 21:35:19,319 INFO werkzeug MainThread :  * Restarting with stat
2022-05-31 21:36:13,385 INFO werkzeug MainThread :  * Restarting with stat
2022-05-31 21:36:17,745 INFO werkzeug MainThread :  * Restarting with stat
2022-05-31 21:36:24,207 INFO werkzeug MainThread :  * Restarting with stat
2022-05-31 21:36:40,788 INFO werkzeug MainThread :  * Restarting with stat
2022-05-31 21:36:46,232 INFO werkzeug MainThread :  * Restarting with stat
2022-05-31 21:37:33,114 INFO werkzeug MainThread :  * Restarting with stat
2022-05-31 21:39:19,663 INFO werkzeug MainThread :  * Restarting with stat
2022-05-31 21:40:27,823 INFO werkzeug MainThread :  * Restarting with stat
2022-05-31 21:41:08,612 INFO werkzeug MainThread :  * Restarting with stat
2022-05-31 21:42:13,790 INFO werkzeug MainThread :  * Restarting with stat
2022-05-31 21:43:42,177 INFO werkzeug MainThread :  * Restarting with stat
2022-05-31 21:44:36,168 INFO werkzeug MainThread :  * Restarting with stat
2022-05-31 21:45:04,828 INFO werkzeug MainThread :  * Restarting with stat
2022-05-31 21:45:46,703 INFO werkzeug MainThread :  * Restarting with stat
2022-05-31 21:45:52,004 INFO werkzeug MainThread :  * Restarting with stat
2022-05-31 21:46:00,346 INFO werkzeug MainThread :  * Restarting with stat
2022-05-31 21:46:12,784 INFO werkzeug MainThread :  * Restarting with stat
2022-05-31 21:46:39,684 INFO werkzeug MainThread :  * Restarting with stat
2022-05-31 21:47:14,382 INFO werkzeug MainThread :  * Restarting with stat
2022-05-31 21:47:23,790 INFO werkzeug MainThread :  * Restarting with stat
2022-05-31 21:47:58,525 INFO werkzeug MainThread :  * Restarting with stat
2022-05-31 21:48:24,053 INFO werkzeug MainThread :  * Restarting with stat
2022-05-31 21:50:27,684 INFO werkzeug MainThread :  * Restarting with stat
2022-05-31 21:54:11,894 INFO werkzeug MainThread :  * Restarting with stat
2022-05-31 21:57:52,059 INFO werkzeug MainThread :  * Restarting with stat
2022-05-31 21:59:45,875 INFO werkzeug MainThread :  * Restarting with stat
2022-05-31 22:01:02,087 INFO werkzeug MainThread :  * Restarting with stat
2022-05-31 22:01:09,440 INFO werkzeug MainThread :  * Restarting with stat
2022-05-31 22:01:19,785 INFO werkzeug MainThread :  * Restarting with stat
2022-05-31 22:02:05,585 INFO werkzeug MainThread :  * Restarting with stat
2022-05-31 22:03:14,766 INFO werkzeug MainThread :  * Restarting with stat
2022-05-31 22:04:50,211 INFO werkzeug MainThread :  * Restarting with stat
2022-05-31 22:05:52,204 INFO werkzeug MainThread :  * Restarting with stat
2022-05-31 22:06:14,741 INFO werkzeug MainThread :  * Restarting with stat
2022-05-31 22:06:39,425 INFO werkzeug MainThread :  * Restarting with stat
2022-05-31 22:08:15,886 INFO werkzeug MainThread :  * Restarting with stat
2022-05-31 22:09:22,883 INFO werkzeug MainThread :  * Restarting with stat
2022-05-31 22:11:17,977 INFO werkzeug MainThread :  * Restarting with stat
2022-05-31 22:13:28,241 INFO werkzeug MainThread :  * Restarting with stat
2022-05-31 22:15:01,759 INFO werkzeug MainThread :  * Restarting with stat
2022-05-31 22:15:58,668 INFO werkzeug MainThread :  * Restarting with stat
2022-05-31 22:16:17,084 INFO werkzeug MainThread :  * Restarting with stat
2022-05-31 22:16:52,103 INFO werkzeug MainThread :  * Restarting with stat
