2021-12-27 17:11:45,373 INFO werkzeug MainThread :  * Running on http://127.0.0.1:5000/ (Press CTRL+C to quit)
2021-12-27 17:11:45,375 INFO werkzeug MainThread :  * Restarting with stat
2021-12-27 17:11:45,534 WARNING werkzeug MainThread :  * Debugger is active!
2021-12-27 17:11:45,535 INFO werkzeug MainThread :  * Debugger PIN: 123-483-832
2021-12-27 17:11:48,112 INFO werkzeug Thread-2 : 127.0.0.1 - - [27/Dec/2021 17:11:48] "POST /yaml-template HTTP/1.1" 200 -
2021-12-27 17:12:02,713 INFO werkzeug MainThread :  * Detected change in '/home/tulin/PycharmProjects/pythonProject/app/communication_with_nebula.py', reloading
2021-12-27 17:12:02,738 INFO werkzeug MainThread :  * Restarting with stat
2021-12-27 17:14:16,405 INFO werkzeug MainThread :  * Restarting with stat
2021-12-27 17:14:48,960 INFO werkzeug MainThread :  * Restarting with stat
2021-12-27 17:16:03,923 INFO werkzeug MainThread :  * Restarting with stat
2021-12-27 17:17:48,107 INFO werkzeug MainThread :  * Restarting with stat
2021-12-27 17:18:07,480 INFO werkzeug MainThread :  * Restarting with stat
2021-12-27 17:18:56,162 INFO werkzeug MainThread :  * Restarting with stat
2021-12-27 17:22:08,400 INFO werkzeug MainThread :  * Restarting with stat
2021-12-27 17:22:37,860 INFO werkzeug MainThread :  * Restarting with stat
2021-12-27 17:22:47,152 INFO werkzeug MainThread :  * Restarting with stat
2021-12-27 17:22:56,435 INFO werkzeug MainThread :  * Restarting with stat
2021-12-27 17:23:24,906 INFO werkzeug MainThread :  * Restarting with stat
2021-12-27 17:23:39,233 INFO werkzeug MainThread :  * Restarting with stat
2021-12-27 17:24:01,643 INFO werkzeug MainThread :  * Restarting with stat
