2021-12-27 14:38:40,334 INFO werkzeug MainThread :  * Running on http://127.0.0.1:5000/ (Press CTRL+C to quit)
2021-12-27 14:38:40,336 INFO werkzeug MainThread :  * Restarting with stat
2021-12-27 14:38:40,507 WARNING werkzeug MainThread :  * Debugger is active!
2021-12-27 14:38:40,507 INFO werkzeug MainThread :  * Debugger PIN: 123-483-832
2021-12-27 14:38:42,637 INFO werkzeug Thread-2 : 127.0.0.1 - - [27/Dec/2021 14:38:42] "POST /yaml-template HTTP/1.1" 200 -
2021-12-27 14:39:06,771 INFO werkzeug MainThread :  * Detected change in '/home/tulin/PycharmProjects/pythonProject/app/views.py', reloading
2021-12-27 14:39:06,798 INFO werkzeug MainThread :  * Restarting with stat
2021-12-27 14:40:05,584 INFO werkzeug MainThread :  * Restarting with stat
2021-12-27 14:43:56,873 INFO werkzeug MainThread :  * Restarting with stat
2021-12-27 14:46:06,260 INFO werkzeug MainThread :  * Restarting with stat
2021-12-27 14:50:25,502 INFO werkzeug MainThread :  * Restarting with stat
2021-12-27 14:51:24,320 INFO werkzeug MainThread :  * Restarting with stat
2021-12-27 14:55:11,719 INFO werkzeug MainThread :  * Restarting with stat
2021-12-27 14:55:41,222 INFO werkzeug MainThread :  * Restarting with stat
2021-12-27 14:57:04,204 INFO werkzeug MainThread :  * Restarting with stat
2021-12-27 14:57:10,469 INFO werkzeug MainThread :  * Restarting with stat
2021-12-27 15:02:31,939 INFO werkzeug MainThread :  * Restarting with stat
2021-12-27 15:03:45,824 INFO werkzeug MainThread :  * Restarting with stat
2021-12-27 15:04:12,305 INFO werkzeug MainThread :  * Restarting with stat
2021-12-27 15:04:46,845 INFO werkzeug MainThread :  * Restarting with stat
2021-12-27 15:05:59,794 INFO werkzeug MainThread :  * Restarting with stat
2021-12-27 15:06:46,426 INFO werkzeug MainThread :  * Restarting with stat
2021-12-27 15:07:05,805 INFO werkzeug MainThread :  * Restarting with stat
2021-12-27 15:07:22,169 INFO werkzeug MainThread :  * Restarting with stat
2021-12-27 15:08:46,238 INFO werkzeug MainThread :  * Restarting with stat
2021-12-27 15:10:20,295 INFO werkzeug MainThread :  * Restarting with stat
2021-12-27 15:10:37,669 INFO werkzeug MainThread :  * Restarting with stat
2021-12-27 15:12:08,744 INFO werkzeug MainThread :  * Restarting with stat
2021-12-27 15:12:37,224 INFO werkzeug MainThread :  * Restarting with stat
2021-12-27 15:13:07,752 INFO werkzeug MainThread :  * Restarting with stat
2021-12-27 15:14:20,670 INFO werkzeug MainThread :  * Restarting with stat
2021-12-27 15:16:27,112 INFO werkzeug MainThread :  * Restarting with stat
2021-12-27 15:17:00,618 INFO werkzeug MainThread :  * Restarting with stat
2021-12-27 15:21:43,652 INFO werkzeug MainThread :  * Restarting with stat
2021-12-27 15:22:32,379 INFO werkzeug MainThread :  * Restarting with stat
2021-12-27 15:22:51,756 INFO werkzeug MainThread :  * Restarting with stat
2021-12-27 15:23:11,231 INFO werkzeug MainThread :  * Restarting with stat
2021-12-27 15:23:58,856 INFO werkzeug MainThread :  * Restarting with stat
2021-12-27 15:25:08,815 INFO werkzeug MainThread :  * Restarting with stat
2021-12-27 15:25:51,360 INFO werkzeug MainThread :  * Restarting with stat
