2022-02-28 14:02:29,407 INFO werkzeug MainThread :  * Running on http://127.0.0.1:5000/ (Press CTRL+C to quit)
2022-02-28 14:02:29,421 INFO werkzeug MainThread :  * Restarting with stat
2022-02-28 14:02:29,611 WARNING werkzeug MainThread :  * Debugger is active!
2022-02-28 14:02:29,663 INFO werkzeug MainThread :  * Debugger PIN: 104-682-689
2022-02-28 14:02:32,100 INFO werkzeug Thread-2 : 127.0.0.1 - - [28/Feb/2022 14:02:32] "POST /yaml-template?cluster_name=cluster_tosca_10 HTTP/1.1" 200 -
2022-02-28 14:03:17,067 INFO werkzeug MainThread :  * Detected change in '/home/tulin/PycharmProjects/pythonProject/app/yaml_parser.py', reloading
2022-02-28 14:03:17,101 INFO werkzeug MainThread :  * Restarting with stat
2022-02-28 14:03:36,527 INFO werkzeug MainThread :  * Restarting with stat
2022-02-28 14:10:48,005 INFO werkzeug MainThread :  * Restarting with stat
2022-02-28 14:10:55,299 INFO werkzeug MainThread :  * Restarting with stat
2022-02-28 14:11:07,685 INFO werkzeug MainThread :  * Restarting with stat
2022-02-28 14:13:53,735 INFO werkzeug MainThread :  * Restarting with stat
2022-02-28 14:42:58,098 INFO werkzeug MainThread :  * Restarting with stat
2022-02-28 14:49:06,736 INFO werkzeug MainThread :  * Restarting with stat
2022-02-28 14:49:23,141 INFO werkzeug MainThread :  * Restarting with stat
2022-02-28 14:50:43,235 INFO werkzeug MainThread :  * Restarting with stat
2022-02-28 14:56:34,823 INFO werkzeug MainThread :  * Restarting with stat
2022-02-28 14:58:39,381 INFO werkzeug MainThread :  * Restarting with stat
2022-02-28 15:02:32,244 INFO werkzeug MainThread :  * Restarting with stat
2022-02-28 15:02:37,498 INFO werkzeug MainThread :  * Restarting with stat
2022-02-28 15:12:01,798 INFO werkzeug MainThread :  * Restarting with stat
2022-02-28 15:14:32,754 INFO werkzeug MainThread :  * Restarting with stat
2022-02-28 15:14:55,181 INFO werkzeug MainThread :  * Restarting with stat
2022-02-28 15:19:56,741 INFO werkzeug MainThread :  * Restarting with stat
2022-02-28 15:20:21,214 INFO werkzeug MainThread :  * Restarting with stat
2022-02-28 15:21:00,819 INFO werkzeug MainThread :  * Restarting with stat
2022-02-28 15:21:12,138 INFO werkzeug MainThread :  * Restarting with stat
2022-02-28 15:21:38,614 INFO werkzeug MainThread :  * Restarting with stat
2022-02-28 15:22:51,613 INFO werkzeug MainThread :  * Restarting with stat
2022-02-28 15:23:23,182 INFO werkzeug MainThread :  * Restarting with stat
2022-02-28 15:23:55,704 INFO werkzeug MainThread :  * Restarting with stat
2022-02-28 15:24:20,162 INFO werkzeug MainThread :  * Restarting with stat
2022-02-28 15:24:24,433 INFO werkzeug MainThread :  * Restarting with stat
2022-02-28 15:24:41,841 INFO werkzeug MainThread :  * Restarting with stat
2022-02-28 15:25:13,387 INFO werkzeug MainThread :  * Restarting with stat
2022-02-28 15:25:31,760 INFO werkzeug MainThread :  * Restarting with stat
2022-02-28 15:25:47,136 INFO werkzeug MainThread :  * Restarting with stat
2022-02-28 15:27:34,549 INFO werkzeug MainThread :  * Restarting with stat
2022-02-28 15:27:47,921 INFO werkzeug MainThread :  * Restarting with stat
2022-02-28 15:43:19,603 INFO werkzeug MainThread :  * Restarting with stat
2022-02-28 15:43:23,839 INFO werkzeug MainThread :  * Restarting with stat
2022-02-28 15:44:36,806 INFO werkzeug MainThread :  * Restarting with stat
2022-02-28 15:46:11,092 INFO werkzeug MainThread :  * Restarting with stat
2022-02-28 15:46:32,502 INFO werkzeug MainThread :  * Restarting with stat
2022-02-28 15:47:16,118 INFO werkzeug MainThread :  * Restarting with stat
2022-02-28 15:48:05,850 INFO werkzeug MainThread :  * Restarting with stat
2022-02-28 15:49:03,702 INFO werkzeug MainThread :  * Restarting with stat
2022-02-28 15:50:00,507 INFO werkzeug MainThread :  * Restarting with stat
2022-02-28 15:50:20,911 INFO werkzeug MainThread :  * Restarting with stat
2022-02-28 15:51:33,829 INFO werkzeug MainThread :  * Restarting with stat
2022-02-28 15:51:37,056 INFO werkzeug MainThread :  * Restarting with stat
2022-02-28 16:09:51,298 INFO werkzeug MainThread :  * Restarting with stat
2022-02-28 16:14:47,634 INFO werkzeug MainThread :  * Restarting with stat
2022-02-28 16:15:36,342 INFO werkzeug MainThread :  * Restarting with stat
2022-02-28 16:17:12,614 INFO werkzeug MainThread :  * Restarting with stat
