2022-02-28 16:25:13,255 INFO werkzeug MainThread :  * Running on http://127.0.0.1:5000/ (Press CTRL+C to quit)
2022-02-28 16:25:13,257 INFO werkzeug MainThread :  * Restarting with stat
2022-02-28 16:25:13,421 WARNING werkzeug MainThread :  * Debugger is active!
2022-02-28 16:25:13,421 INFO werkzeug MainThread :  * Debugger PIN: 104-682-689
2022-02-28 16:25:15,757 INFO root Thread-2 : Get connection to ('10.100.151.128', 9669)
2022-02-28 16:25:15,843 INFO werkzeug Thread-2 : 127.0.0.1 - - [28/Feb/2022 16:25:15] "[35m[1mPOST /yaml-template?cluster_name=cluster_tosca_10 HTTP/1.1[0m" 500 -
2022-02-28 16:25:30,621 INFO werkzeug MainThread :  * Detected change in '/home/tulin/PycharmProjects/pythonProject/app/communication_with_nebula.py', reloading
2022-02-28 16:25:30,651 INFO werkzeug MainThread :  * Restarting with stat
2022-02-28 16:25:30,814 WARNING werkzeug MainThread :  * Debugger is active!
2022-02-28 16:25:30,814 INFO werkzeug MainThread :  * Debugger PIN: 104-682-689
2022-02-28 16:25:32,059 INFO root Thread-2 : Get connection to ('10.100.151.128', 9669)
2022-02-28 16:25:32,081 INFO werkzeug Thread-2 : 127.0.0.1 - - [28/Feb/2022 16:25:32] "[35m[1mPOST /yaml-template?cluster_name=cluster_tosca_10 HTTP/1.1[0m" 500 -
2022-02-28 16:25:44,995 INFO werkzeug MainThread :  * Detected change in '/home/tulin/PycharmProjects/pythonProject/app/communication_with_nebula.py', reloading
2022-02-28 16:25:45,027 INFO werkzeug MainThread :  * Restarting with stat
2022-02-28 16:25:45,184 WARNING werkzeug MainThread :  * Debugger is active!
2022-02-28 16:25:45,185 INFO werkzeug MainThread :  * Debugger PIN: 104-682-689
2022-02-28 16:25:45,938 INFO root Thread-2 : Get connection to ('10.100.151.128', 9669)
2022-02-28 16:25:45,967 INFO werkzeug Thread-2 : 127.0.0.1 - - [28/Feb/2022 16:25:45] "[35m[1mPOST /yaml-template?cluster_name=cluster_tosca_10 HTTP/1.1[0m" 500 -
2022-02-28 16:26:38,750 INFO werkzeug MainThread :  * Detected change in '/home/tulin/PycharmProjects/pythonProject/app/communication_with_nebula.py', reloading
2022-02-28 16:26:38,781 INFO werkzeug MainThread :  * Restarting with stat
2022-02-28 16:26:57,177 INFO werkzeug MainThread :  * Restarting with stat
2022-02-28 16:28:11,207 INFO werkzeug MainThread :  * Restarting with stat
2022-02-28 16:29:21,224 INFO werkzeug MainThread :  * Restarting with stat
2022-02-28 16:29:47,749 INFO werkzeug MainThread :  * Restarting with stat
2022-02-28 16:30:04,133 INFO werkzeug MainThread :  * Restarting with stat
2022-02-28 16:30:14,474 INFO werkzeug MainThread :  * Restarting with stat
2022-02-28 16:30:26,794 INFO werkzeug MainThread :  * Restarting with stat
2022-02-28 16:30:43,187 INFO werkzeug MainThread :  * Restarting with stat
2022-02-28 16:30:51,485 INFO werkzeug MainThread :  * Restarting with stat
2022-02-28 16:31:07,882 INFO werkzeug MainThread :  * Restarting with stat
2022-02-28 16:31:30,310 INFO werkzeug MainThread :  * Restarting with stat
2022-02-28 16:32:13,988 INFO werkzeug MainThread :  * Restarting with stat
2022-02-28 16:33:02,721 INFO werkzeug MainThread :  * Restarting with stat
2022-02-28 16:33:21,097 INFO werkzeug MainThread :  * Restarting with stat
2022-02-28 16:33:36,486 INFO werkzeug MainThread :  * Restarting with stat
2022-02-28 16:52:38,385 INFO werkzeug MainThread :  * Restarting with stat
2022-02-28 16:53:14,970 INFO werkzeug MainThread :  * Restarting with stat
2022-02-28 16:54:58,307 INFO werkzeug MainThread :  * Restarting with stat
2022-02-28 16:55:07,613 INFO werkzeug MainThread :  * Restarting with stat
2022-02-28 16:55:24,019 INFO werkzeug MainThread :  * Restarting with stat
2022-02-28 16:56:25,834 INFO werkzeug MainThread :  * Restarting with stat
