2021-12-20 15:53:03,986 INFO werkzeug MainThread :  * Running on http://127.0.0.1:5000/ (Press CTRL+C to quit)
2021-12-20 15:53:03,988 INFO werkzeug MainThread :  * Restarting with stat
2021-12-20 15:53:04,140 WARNING werkzeug MainThread :  * Debugger is active!
2021-12-20 15:53:04,140 INFO werkzeug MainThread :  * Debugger PIN: 715-912-110
2021-12-20 15:53:06,309 INFO werkzeug Thread-2 : 127.0.0.1 - - [20/Dec/2021 15:53:06] "POST /yaml-template HTTP/1.1" 200 -
2021-12-20 15:53:33,367 INFO werkzeug MainThread :  * Detected change in '/home/tulin/PycharmProjects/pythonProject/app/json_parser.py', reloading
2021-12-20 15:53:33,391 INFO werkzeug MainThread :  * Restarting with stat
2021-12-20 15:53:33,547 WARNING werkzeug MainThread :  * Debugger is active!
2021-12-20 15:53:33,548 INFO werkzeug MainThread :  * Debugger PIN: 715-912-110
2021-12-20 15:53:33,760 INFO werkzeug Thread-2 : 127.0.0.1 - - [20/Dec/2021 15:53:33] "[35m[1mPOST /yaml-template HTTP/1.1[0m" 500 -
2021-12-20 15:53:41,618 INFO werkzeug MainThread :  * Detected change in '/home/tulin/PycharmProjects/pythonProject/app/json_parser.py', reloading
2021-12-20 15:53:41,645 INFO werkzeug MainThread :  * Restarting with stat
2021-12-20 15:53:41,963 WARNING werkzeug MainThread :  * Debugger is active!
2021-12-20 15:53:41,964 INFO werkzeug MainThread :  * Debugger PIN: 715-912-110
2021-12-20 15:53:42,125 INFO werkzeug Thread-2 : 127.0.0.1 - - [20/Dec/2021 15:53:42] "POST /yaml-template HTTP/1.1" 200 -
2021-12-20 15:54:13,283 INFO werkzeug MainThread :  * Detected change in '/home/tulin/PycharmProjects/pythonProject/app/json_parser.py', reloading
2021-12-20 15:54:13,309 INFO werkzeug MainThread :  * Restarting with stat
2021-12-20 15:54:36,701 INFO werkzeug MainThread :  * Restarting with stat
2021-12-20 15:55:53,777 INFO werkzeug MainThread :  * Restarting with stat
2021-12-20 15:56:24,234 INFO werkzeug MainThread :  * Restarting with stat
2021-12-20 15:56:39,563 INFO werkzeug MainThread :  * Restarting with stat
2021-12-20 15:56:57,904 INFO werkzeug MainThread :  * Restarting with stat
2021-12-20 15:57:11,203 INFO werkzeug MainThread :  * Restarting with stat
2021-12-20 15:57:29,540 INFO werkzeug MainThread :  * Restarting with stat
2021-12-20 16:21:32,583 INFO werkzeug MainThread :  * Restarting with stat
2021-12-20 16:22:15,086 INFO werkzeug MainThread :  * Restarting with stat
2021-12-20 16:22:44,504 INFO werkzeug MainThread :  * Restarting with stat
2021-12-20 16:22:50,756 INFO werkzeug MainThread :  * Restarting with stat
2021-12-20 16:22:59,026 INFO werkzeug MainThread :  * Restarting with stat
2021-12-20 16:24:28,000 INFO werkzeug MainThread :  * Restarting with stat
2021-12-20 16:24:34,240 INFO werkzeug MainThread :  * Restarting with stat
2021-12-20 16:25:01,618 INFO werkzeug MainThread :  * Restarting with stat
2021-12-20 16:25:20,978 INFO werkzeug MainThread :  * Restarting with stat
2021-12-20 16:26:58,983 INFO werkzeug MainThread :  * Restarting with stat
2021-12-20 16:27:59,635 INFO werkzeug MainThread :  * Restarting with stat
