2021-12-20 00:06:13,072 INFO werkzeug MainThread :  * Restarting with stat
2021-12-20 00:06:13,605 WARNING werkzeug MainThread :  * Debugger is active!
2021-12-20 00:06:13,608 INFO werkzeug MainThread :  * Debugger PIN: 959-477-946
2021-12-20 00:06:14,101 INFO werkzeug Thread-1 :  * Running on http://127.0.0.1:5000/ (Press CTRL+C to quit)
2021-12-20 00:06:16,062 INFO werkzeug Thread-2 : 127.0.0.1 - - [20/Dec/2021 00:06:16] "POST /yaml-template HTTP/1.1" 200 -
2021-12-20 00:06:19,453 INFO werkzeug Thread-3 : 127.0.0.1 - - [20/Dec/2021 00:06:19] "POST /yaml-template HTTP/1.1" 200 -
2021-12-20 00:06:21,431 INFO werkzeug Thread-4 : 127.0.0.1 - - [20/Dec/2021 00:06:21] "POST /yaml-template HTTP/1.1" 200 -
2021-12-20 00:06:23,158 INFO werkzeug Thread-5 : 127.0.0.1 - - [20/Dec/2021 00:06:23] "POST /yaml-template HTTP/1.1" 200 -
2021-12-20 00:06:25,574 INFO werkzeug Thread-6 : 127.0.0.1 - - [20/Dec/2021 00:06:25] "POST /yaml-template HTTP/1.1" 200 -
2021-12-20 00:06:42,239 INFO werkzeug Thread-7 : 127.0.0.1 - - [20/Dec/2021 00:06:42] "POST /yaml-template HTTP/1.1" 200 -
2021-12-20 00:07:28,416 INFO werkzeug MainThread :  * Detected change in 'C:\\Users\\User\\PycharmProjects\\API_COURSE\\app\\json_parser.py', reloading
2021-12-20 00:07:28,453 INFO werkzeug MainThread :  * Restarting with stat
2021-12-20 00:07:55,632 INFO werkzeug MainThread :  * Restarting with stat
2021-12-20 00:08:09,147 INFO werkzeug MainThread :  * Restarting with stat
2021-12-20 00:08:48,394 INFO werkzeug MainThread :  * Restarting with stat
2021-12-20 00:09:05,236 INFO werkzeug MainThread :  * Restarting with stat
2021-12-20 00:09:33,674 INFO werkzeug MainThread :  * Restarting with stat
2021-12-20 00:12:34,351 INFO werkzeug MainThread :  * Restarting with stat
2021-12-20 00:15:54,366 INFO werkzeug MainThread :  * Restarting with stat
2021-12-20 00:19:45,771 INFO werkzeug MainThread :  * Restarting with stat
2021-12-20 00:20:08,312 INFO werkzeug MainThread :  * Restarting with stat
2021-12-20 00:21:22,610 INFO werkzeug MainThread :  * Restarting with stat
2021-12-20 00:22:19,665 INFO werkzeug MainThread :  * Restarting with stat
2021-12-20 00:22:37,829 INFO werkzeug MainThread :  * Restarting with stat
2021-12-20 00:23:28,855 INFO werkzeug MainThread :  * Restarting with stat
2021-12-20 00:23:31,946 INFO werkzeug MainThread :  * Restarting with stat
2021-12-20 00:23:54,568 INFO werkzeug MainThread :  * Restarting with stat
2021-12-20 00:24:52,821 INFO werkzeug MainThread :  * Restarting with stat
2021-12-20 00:25:13,776 INFO werkzeug MainThread :  * Restarting with stat
2021-12-20 00:25:47,112 INFO werkzeug MainThread :  * Restarting with stat
2021-12-20 00:28:07,678 INFO werkzeug MainThread :  * Restarting with stat
2021-12-20 00:28:46,961 INFO werkzeug MainThread :  * Restarting with stat
2021-12-20 00:29:03,444 INFO werkzeug MainThread :  * Restarting with stat
2021-12-20 00:30:03,791 INFO werkzeug MainThread :  * Restarting with stat
2021-12-20 00:30:20,257 INFO werkzeug MainThread :  * Restarting with stat
2021-12-20 00:37:58,260 INFO werkzeug MainThread :  * Restarting with stat
2021-12-20 00:43:23,022 INFO werkzeug MainThread :  * Restarting with stat
2021-12-20 00:47:39,662 INFO werkzeug MainThread :  * Restarting with stat
