2021-12-21 16:29:47,233 INFO werkzeug MainThread :  * Running on http://127.0.0.1:5000/ (Press CTRL+C to quit)
2021-12-21 16:29:47,235 INFO werkzeug MainThread :  * Restarting with stat
2021-12-21 16:29:47,390 WARNING werkzeug MainThread :  * Debugger is active!
2021-12-21 16:29:47,390 INFO werkzeug MainThread :  * Debugger PIN: 360-797-176
2021-12-21 16:29:49,128 INFO root Thread-2 : Get connection to ('10.100.151.128', 9669)
2021-12-21 16:29:49,166 INFO root Thread-2 : Get connection to ('10.100.151.128', 9669)
2021-12-21 16:29:49,184 INFO werkzeug Thread-2 : 127.0.0.1 - - [21/Dec/2021 16:29:49] "[35m[1mPOST /yaml-template HTTP/1.1[0m" 500 -
2021-12-21 16:29:56,416 INFO root Thread-3 : Get connection to ('10.100.151.128', 9669)
2021-12-21 16:29:56,444 INFO root Thread-3 : Get connection to ('10.100.151.128', 9669)
2021-12-21 16:29:57,616 INFO root Thread-3 : Get connection to ('10.100.151.128', 9669)
2021-12-21 16:29:58,649 INFO root Thread-3 : Get connection to ('10.100.151.128', 9669)
2021-12-21 16:29:58,670 INFO werkzeug Thread-3 : 127.0.0.1 - - [21/Dec/2021 16:29:58] "POST /yaml-template HTTP/1.1" 200 -
2021-12-21 16:30:47,986 INFO root Thread-4 : Get connection to ('10.100.151.128', 9669)
2021-12-21 16:30:48,027 INFO root Thread-4 : Get connection to ('10.100.151.128', 9669)
2021-12-21 16:30:48,045 INFO werkzeug Thread-4 : 127.0.0.1 - - [21/Dec/2021 16:30:48] "[35m[1mPOST /yaml-template HTTP/1.1[0m" 500 -
2021-12-21 16:31:21,771 INFO root Thread-5 : Get connection to ('10.100.151.128', 9669)
2021-12-21 16:31:21,802 INFO root Thread-5 : Get connection to ('10.100.151.128', 9669)
2021-12-21 16:31:22,956 INFO root Thread-5 : Get connection to ('10.100.151.128', 9669)
2021-12-21 16:31:23,990 INFO root Thread-5 : Get connection to ('10.100.151.128', 9669)
2021-12-21 16:31:24,010 INFO werkzeug Thread-5 : 127.0.0.1 - - [21/Dec/2021 16:31:24] "[35m[1mPOST /yaml-template HTTP/1.1[0m" 500 -
2021-12-21 16:32:15,670 INFO werkzeug MainThread :  * Detected change in '/home/tulin/PycharmProjects/pythonProject/app/communication_with_nebula.py', reloading
2021-12-21 16:32:15,701 INFO werkzeug MainThread :  * Restarting with stat
2021-12-21 16:32:53,162 INFO werkzeug MainThread :  * Restarting with stat
2021-12-21 16:33:16,538 INFO werkzeug MainThread :  * Restarting with stat
2021-12-21 16:34:11,180 INFO werkzeug MainThread :  * Restarting with stat
2021-12-21 16:35:24,963 INFO werkzeug MainThread :  * Restarting with stat
2021-12-21 16:38:45,903 INFO werkzeug MainThread :  * Restarting with stat
2021-12-21 16:40:05,810 INFO werkzeug MainThread :  * Restarting with stat
2021-12-21 16:42:12,014 INFO werkzeug MainThread :  * Restarting with stat
2021-12-21 16:43:55,073 INFO werkzeug MainThread :  * Restarting with stat
2021-12-21 16:46:00,238 INFO werkzeug MainThread :  * Restarting with stat
2021-12-21 16:47:43,269 INFO werkzeug MainThread :  * Restarting with stat
2021-12-21 16:49:30,369 INFO werkzeug MainThread :  * Restarting with stat
2021-12-21 17:32:35,175 INFO werkzeug MainThread :  * Restarting with stat
2021-12-21 17:32:56,560 INFO werkzeug MainThread :  * Restarting with stat
2021-12-21 17:34:45,865 INFO werkzeug MainThread :  * Restarting with stat
2021-12-21 17:39:00,246 INFO werkzeug MainThread :  * Restarting with stat
2021-12-21 17:39:27,631 INFO werkzeug MainThread :  * Restarting with stat
2021-12-21 17:40:39,406 INFO werkzeug MainThread :  * Restarting with stat
2021-12-21 17:42:32,618 INFO werkzeug MainThread :  * Restarting with stat
2021-12-21 17:43:10,169 INFO werkzeug MainThread :  * Restarting with stat
2021-12-21 17:43:23,463 INFO werkzeug MainThread :  * Restarting with stat
2021-12-21 17:57:15,354 INFO werkzeug MainThread :  * Restarting with stat
2021-12-21 17:58:50,346 INFO werkzeug MainThread :  * Restarting with stat
2021-12-21 18:00:33,393 INFO werkzeug MainThread :  * Restarting with stat
2021-12-21 18:01:32,133 INFO werkzeug MainThread :  * Restarting with stat
2021-12-21 18:03:57,569 INFO werkzeug MainThread :  * Restarting with stat
2021-12-21 18:04:30,002 INFO werkzeug MainThread :  * Restarting with stat
2021-12-21 18:04:39,311 INFO werkzeug MainThread :  * Restarting with stat
2021-12-21 18:05:24,810 INFO werkzeug MainThread :  * Restarting with stat
2021-12-21 18:06:04,280 INFO werkzeug MainThread :  * Restarting with stat
2021-12-21 18:06:32,701 INFO werkzeug MainThread :  * Restarting with stat
2021-12-21 18:06:43,001 INFO werkzeug MainThread :  * Restarting with stat
2021-12-21 18:07:01,328 INFO werkzeug MainThread :  * Restarting with stat
2021-12-21 18:07:10,609 INFO werkzeug MainThread :  * Restarting with stat
2021-12-21 18:08:19,301 INFO werkzeug MainThread :  * Restarting with stat
2021-12-21 18:08:57,761 INFO werkzeug MainThread :  * Restarting with stat
2021-12-21 18:09:27,148 INFO werkzeug MainThread :  * Restarting with stat
2021-12-21 18:09:44,475 INFO werkzeug MainThread :  * Restarting with stat
2021-12-21 18:09:56,769 INFO werkzeug MainThread :  * Restarting with stat
2021-12-21 18:11:45,811 INFO werkzeug MainThread :  * Restarting with stat
2021-12-21 18:13:40,980 INFO werkzeug MainThread :  * Restarting with stat
2021-12-21 18:13:54,308 INFO werkzeug MainThread :  * Restarting with stat
2021-12-21 18:15:04,057 INFO werkzeug MainThread :  * Restarting with stat
2021-12-21 18:15:34,493 INFO werkzeug MainThread :  * Restarting with stat
2021-12-21 18:17:04,381 INFO werkzeug MainThread :  * Restarting with stat
2021-12-21 18:17:17,684 INFO werkzeug MainThread :  * Restarting with stat
2021-12-21 18:17:27,948 INFO werkzeug MainThread :  * Restarting with stat
2021-12-21 18:18:12,511 INFO werkzeug MainThread :  * Restarting with stat
2021-12-21 18:18:26,828 INFO werkzeug MainThread :  * Restarting with stat
2021-12-21 18:19:08,402 INFO werkzeug MainThread :  * Restarting with stat
2021-12-21 18:19:16,679 INFO werkzeug MainThread :  * Restarting with stat
2021-12-21 18:19:21,930 INFO werkzeug MainThread :  * Restarting with stat
2021-12-21 18:20:50,843 INFO werkzeug MainThread :  * Restarting with stat
2021-12-21 18:21:20,263 INFO werkzeug MainThread :  * Restarting with stat
2021-12-21 18:21:32,554 INFO werkzeug MainThread :  * Restarting with stat
2021-12-21 18:21:59,987 INFO werkzeug MainThread :  * Restarting with stat
2021-12-21 18:22:05,238 INFO werkzeug MainThread :  * Restarting with stat
2021-12-21 18:22:24,604 INFO werkzeug MainThread :  * Restarting with stat
2021-12-21 18:24:01,686 INFO werkzeug MainThread :  * Restarting with stat
2021-12-21 18:25:08,483 INFO werkzeug MainThread :  * Restarting with stat
2021-12-21 18:25:31,892 INFO werkzeug MainThread :  * Restarting with stat
2021-12-21 18:27:22,042 INFO werkzeug MainThread :  * Restarting with stat
2021-12-21 18:27:29,295 INFO werkzeug MainThread :  * Restarting with stat
2021-12-21 18:27:34,546 INFO werkzeug MainThread :  * Restarting with stat
2021-12-21 18:28:04,010 INFO werkzeug MainThread :  * Restarting with stat
2021-12-21 18:30:48,585 INFO werkzeug MainThread :  * Restarting with stat
2021-12-21 18:31:28,148 INFO werkzeug MainThread :  * Restarting with stat
2021-12-21 18:31:47,570 INFO werkzeug MainThread :  * Restarting with stat
2021-12-21 18:32:39,247 INFO werkzeug MainThread :  * Restarting with stat
2021-12-21 18:34:18,335 INFO werkzeug MainThread :  * Restarting with stat
2021-12-21 18:34:57,874 INFO werkzeug MainThread :  * Restarting with stat
2021-12-21 18:35:12,214 INFO werkzeug MainThread :  * Restarting with stat
2021-12-21 18:36:21,061 INFO werkzeug MainThread :  * Restarting with stat
2021-12-21 18:37:20,787 INFO werkzeug MainThread :  * Restarting with stat
