2022-03-11 15:35:59,113 INFO root MainThread : Get connection to ('10.100.151.128', 9669)
2022-03-11 15:35:59,144 INFO werkzeug MainThread :  * Running on http://127.0.0.1:5000/ (Press CTRL+C to quit)
2022-03-11 15:35:59,146 INFO werkzeug MainThread :  * Restarting with stat
2022-03-11 15:35:59,298 INFO root MainThread : Get connection to ('10.100.151.128', 9669)
2022-03-11 15:35:59,323 WARNING werkzeug MainThread :  * Debugger is active!
2022-03-11 15:35:59,323 INFO werkzeug MainThread :  * Debugger PIN: 103-640-066
2022-03-11 15:36:00,900 INFO werkzeug Thread-2 : 127.0.0.1 - - [11/Mar/2022 15:36:00] "[35m[1mPATCH /yaml-template/node_name/name/class/type?cluster_name=cluster_tosca_1 HTTP/1.1[0m" 500 -
2022-03-11 15:36:08,438 INFO werkzeug MainThread :  * Detected change in '/home/tulin/PycharmProjects/pythonProject/app/communication_with_nebula.py', reloading
2022-03-11 15:36:08,465 INFO werkzeug MainThread :  * Restarting with stat
2022-03-11 15:36:27,899 INFO werkzeug MainThread :  * Restarting with stat
2022-03-11 15:36:39,242 INFO werkzeug MainThread :  * Restarting with stat
2022-03-11 15:36:56,643 INFO werkzeug MainThread :  * Restarting with stat
2022-03-11 15:37:06,962 INFO werkzeug MainThread :  * Restarting with stat
2022-03-11 15:38:58,558 INFO werkzeug MainThread :  * Restarting with stat
2022-03-11 15:39:09,877 INFO werkzeug MainThread :  * Restarting with stat
2022-03-11 15:39:28,277 INFO werkzeug MainThread :  * Restarting with stat
2022-03-11 15:39:54,766 INFO werkzeug MainThread :  * Restarting with stat
2022-03-11 15:40:29,382 INFO werkzeug MainThread :  * Restarting with stat
2022-03-11 15:40:33,655 INFO werkzeug MainThread :  * Restarting with stat
2022-03-11 15:41:00,128 INFO werkzeug MainThread :  * Restarting with stat
2022-03-11 15:41:39,824 INFO werkzeug MainThread :  * Restarting with stat
2022-03-11 15:45:50,125 INFO werkzeug MainThread :  * Restarting with stat
2022-03-11 15:49:04,690 INFO werkzeug MainThread :  * Restarting with stat
