2022-03-11 17:33:01,978 INFO root MainThread : Get connection to ('10.100.151.128', 9669)
2022-03-11 17:33:02,007 WARNING werkzeug MainThread :  * Debugger is active!
2022-03-11 17:33:02,007 INFO werkzeug MainThread :  * Debugger PIN: 103-640-066
2022-03-11 17:33:03,657 INFO werkzeug Thread-2 : 127.0.0.1 - - [11/Mar/2022 17:33:03] "PATCH /yaml-template/topology_template/relationship_template?cluster_name=cluster_tosca_55&name=ab HTTP/1.1" 200 -
2022-03-11 17:33:07,962 ERROR root MainThread : The connection using by someone, but now want to close it
2022-03-11 17:33:09,099 INFO root MainThread : Get connection to ('10.100.151.128', 9669)
2022-03-11 17:33:09,128 INFO werkzeug MainThread :  * Running on http://127.0.0.1:5000/ (Press CTRL+C to quit)
2022-03-11 17:33:09,130 INFO werkzeug MainThread :  * Restarting with stat
2022-03-11 17:33:09,274 INFO root MainThread : Get connection to ('10.100.151.128', 9669)
2022-03-11 17:33:09,299 WARNING werkzeug MainThread :  * Debugger is active!
2022-03-11 17:33:09,300 INFO werkzeug MainThread :  * Debugger PIN: 103-640-066
2022-03-11 17:33:11,447 INFO werkzeug Thread-2 : 127.0.0.1 - - [11/Mar/2022 17:33:11] "PATCH /yaml-template/topology_template/relationship_template?cluster_name=cluster_tosca_55&name=ab HTTP/1.1" 200 -
2022-03-11 17:33:27,490 INFO werkzeug MainThread :  * Detected change in '/home/tulin/PycharmProjects/pythonProject/app/communication_with_nebula.py', reloading
2022-03-11 17:33:27,516 INFO werkzeug MainThread :  * Restarting with stat
2022-03-11 17:33:27,674 INFO root MainThread : Get connection to ('10.100.151.128', 9669)
2022-03-11 17:33:27,700 WARNING werkzeug MainThread :  * Debugger is active!
2022-03-11 17:33:27,700 INFO werkzeug MainThread :  * Debugger PIN: 103-640-066
2022-03-11 17:33:28,965 INFO werkzeug Thread-2 : 127.0.0.1 - - [11/Mar/2022 17:33:28] "PATCH /yaml-template/topology_template/relationship_template?cluster_name=cluster_tosca_55&name=ab HTTP/1.1" 200 -
2022-03-11 17:33:33,081 INFO werkzeug Thread-3 : 127.0.0.1 - - [11/Mar/2022 17:33:33] "[35m[1mPATCH /yaml-template/topology_template/relationship_template?cluster_name=cluster_tosca_55&name=ab HTTP/1.1[0m" 500 -
2022-03-11 17:33:37,648 INFO werkzeug Thread-4 : 127.0.0.1 - - [11/Mar/2022 17:33:37] "[35m[1mPATCH /yaml-template/topology_template/relationship_template?cluster_name=cluster_tosca_55&name=ab HTTP/1.1[0m" 500 -
2022-03-11 17:34:00,065 INFO werkzeug MainThread :  * Detected change in '/home/tulin/PycharmProjects/pythonProject/app/communication_with_nebula.py', reloading
2022-03-11 17:34:00,094 INFO werkzeug MainThread :  * Restarting with stat
2022-03-11 17:34:33,672 INFO werkzeug MainThread :  * Restarting with stat
2022-03-11 17:35:03,282 INFO werkzeug MainThread :  * Restarting with stat
2022-03-11 17:35:45,991 INFO werkzeug MainThread :  * Restarting with stat
2022-03-11 17:36:12,540 INFO werkzeug MainThread :  * Restarting with stat
2022-03-11 17:36:55,244 INFO werkzeug MainThread :  * Restarting with stat
2022-03-11 17:45:21,543 INFO werkzeug MainThread :  * Restarting with stat
2022-03-11 17:47:34,255 INFO werkzeug MainThread :  * Restarting with stat
2022-03-11 17:48:58,329 INFO werkzeug MainThread :  * Restarting with stat
2022-03-11 17:51:37,297 INFO werkzeug MainThread :  * Restarting with stat
2022-03-11 17:57:37,329 INFO werkzeug MainThread :  * Restarting with stat
2022-03-11 17:59:45,113 INFO werkzeug MainThread :  * Restarting with stat
2022-03-11 18:00:42,975 INFO werkzeug MainThread :  * Restarting with stat
2022-03-11 18:01:09,504 INFO werkzeug MainThread :  * Restarting with stat
2022-03-11 18:01:28,930 INFO werkzeug MainThread :  * Restarting with stat
2022-03-11 18:01:51,425 INFO werkzeug MainThread :  * Restarting with stat
2022-03-11 18:01:58,728 INFO werkzeug MainThread :  * Restarting with stat
2022-03-11 18:02:25,262 INFO werkzeug MainThread :  * Restarting with stat
2022-03-11 18:02:45,716 INFO werkzeug MainThread :  * Restarting with stat
2022-03-11 18:03:08,176 INFO werkzeug MainThread :  * Restarting with stat
2022-03-11 18:03:18,514 INFO werkzeug MainThread :  * Restarting with stat
2022-03-11 18:03:20,737 INFO werkzeug MainThread :  * Restarting with stat
2022-03-11 18:04:03,404 INFO werkzeug MainThread :  * Restarting with stat
2022-03-11 18:27:10,046 INFO werkzeug MainThread :  * Restarting with stat
2022-03-11 18:30:02,158 INFO werkzeug MainThread :  * Restarting with stat
2022-03-11 18:30:28,702 INFO werkzeug MainThread :  * Restarting with stat
2022-03-11 18:32:52,562 INFO werkzeug MainThread :  * Restarting with stat
2022-03-11 18:35:16,509 INFO werkzeug MainThread :  * Restarting with stat
2022-03-11 18:38:36,035 INFO werkzeug MainThread :  * Restarting with stat
2022-03-11 18:41:51,399 INFO werkzeug MainThread :  * Restarting with stat
2022-03-11 18:42:33,077 INFO werkzeug MainThread :  * Restarting with stat
2022-03-11 18:42:35,363 INFO werkzeug MainThread :  * Restarting with stat
2022-03-11 18:42:57,579 ERROR root MainThread : The connection using by someone, but now want to close it
