2022-03-21 16:45:24,276 INFO werkzeug MainThread :  * Running on http://127.0.0.1:5000/ (Press CTRL+C to quit)
2022-03-21 16:45:24,278 INFO werkzeug MainThread :  * Restarting with stat
2022-03-21 16:45:24,436 WARNING werkzeug MainThread :  * Debugger is active!
2022-03-21 16:45:24,437 INFO werkzeug MainThread :  * Debugger PIN: 138-904-178
2022-03-21 16:45:27,501 INFO root Thread-2 : Get connection to ('10.100.151.128', 9669)
2022-03-21 16:45:27,518 INFO werkzeug Thread-2 : 127.0.0.1 - - [21/Mar/2022 16:45:27] "[35m[1mPATCH /yaml-patch HTTP/1.1[0m" 500 -
2022-03-21 16:46:48,486 INFO werkzeug MainThread :  * Detected change in '/home/tulin/PycharmProjects/pythonProject/app/communication_with_nebula.py', reloading
2022-03-21 16:46:48,510 INFO werkzeug MainThread :  * Restarting with stat
2022-03-21 16:47:25,153 INFO werkzeug MainThread :  * Restarting with stat
2022-03-21 16:47:57,734 INFO werkzeug MainThread :  * Restarting with stat
2022-03-21 16:48:21,195 INFO werkzeug MainThread :  * Restarting with stat
2022-03-21 16:48:48,759 INFO werkzeug MainThread :  * Restarting with stat
2022-03-21 16:49:02,151 INFO werkzeug MainThread :  * Restarting with stat
2022-03-21 16:51:09,979 INFO werkzeug MainThread :  * Restarting with stat
2022-03-21 16:51:23,419 INFO werkzeug MainThread :  * Restarting with stat
2022-03-21 16:51:37,826 INFO werkzeug MainThread :  * Restarting with stat
2022-03-21 16:51:54,212 INFO werkzeug MainThread :  * Restarting with stat
2022-03-21 16:52:41,116 INFO werkzeug MainThread :  * Restarting with stat
2022-03-21 16:54:12,408 INFO werkzeug MainThread :  * Restarting with stat
2022-03-21 16:54:31,847 INFO werkzeug MainThread :  * Restarting with stat
2022-03-21 16:54:47,212 INFO werkzeug MainThread :  * Restarting with stat
2022-03-21 16:55:00,571 INFO werkzeug MainThread :  * Restarting with stat
2022-03-21 16:55:21,016 INFO werkzeug MainThread :  * Restarting with stat
2022-03-21 16:55:46,509 INFO werkzeug MainThread :  * Restarting with stat
2022-03-21 16:56:03,913 INFO werkzeug MainThread :  * Restarting with stat
2022-03-21 16:57:12,993 INFO werkzeug MainThread :  * Restarting with stat
