2022-02-21 16:47:27,727 INFO werkzeug MainThread :  * Running on http://127.0.0.1:5000/ (Press CTRL+C to quit)
2022-02-21 16:47:27,729 INFO werkzeug MainThread :  * Restarting with stat
2022-02-21 16:47:27,885 WARNING werkzeug MainThread :  * Debugger is active!
2022-02-21 16:47:27,885 INFO werkzeug MainThread :  * Debugger PIN: 140-795-852
2022-02-21 16:47:29,531 INFO werkzeug Thread-2 : 127.0.0.1 - - [21/Feb/2022 16:47:29] "POST /yaml-template?cluster_name=cluster_tosca_40 HTTP/1.1" 200 -
2022-02-21 16:48:29,502 INFO werkzeug MainThread :  * Detected change in '/home/tulin/PycharmProjects/pythonProject/app/yaml_parser.py', reloading
2022-02-21 16:48:29,530 INFO werkzeug MainThread :  * Restarting with stat
2022-02-21 16:49:11,163 INFO werkzeug MainThread :  * Restarting with stat
2022-02-21 16:50:06,947 INFO werkzeug MainThread :  * Restarting with stat
2022-02-21 16:50:26,339 INFO werkzeug MainThread :  * Restarting with stat
2022-02-21 16:50:53,806 INFO werkzeug MainThread :  * Restarting with stat
2022-02-21 16:51:55,659 INFO werkzeug MainThread :  * Restarting with stat
2022-02-21 16:53:57,108 INFO werkzeug MainThread :  * Restarting with stat
2022-02-21 16:59:28,084 INFO werkzeug MainThread :  * Restarting with stat
2022-02-21 16:59:50,514 INFO werkzeug MainThread :  * Restarting with stat
2022-02-21 17:00:27,155 INFO werkzeug MainThread :  * Restarting with stat
2022-02-21 17:00:50,592 INFO werkzeug MainThread :  * Restarting with stat
2022-02-21 17:02:50,051 INFO werkzeug MainThread :  * Restarting with stat
2022-02-21 17:04:38,338 INFO werkzeug MainThread :  * Restarting with stat
2022-02-21 17:05:27,083 INFO werkzeug MainThread :  * Restarting with stat
2022-02-21 17:06:13,747 INFO werkzeug MainThread :  * Restarting with stat
2022-02-21 17:14:52,344 INFO werkzeug MainThread :  * Restarting with stat
2022-02-21 17:15:16,820 INFO werkzeug MainThread :  * Restarting with stat
2022-02-21 17:17:17,279 INFO werkzeug MainThread :  * Restarting with stat
2022-02-21 17:17:22,541 INFO werkzeug MainThread :  * Restarting with stat
2022-02-21 17:17:59,086 INFO werkzeug MainThread :  * Restarting with stat
2022-02-21 17:18:23,573 INFO werkzeug MainThread :  * Restarting with stat
2022-02-21 17:18:44,024 INFO werkzeug MainThread :  * Restarting with stat
2022-02-21 17:19:57,044 INFO werkzeug MainThread :  * Restarting with stat
2022-02-21 17:20:52,763 INFO werkzeug MainThread :  * Restarting with stat
2022-02-21 17:21:40,443 INFO werkzeug MainThread :  * Restarting with stat
2022-02-21 17:21:56,819 INFO werkzeug MainThread :  * Restarting with stat
2022-02-21 17:22:18,257 INFO werkzeug MainThread :  * Restarting with stat
2022-02-21 17:26:16,980 INFO werkzeug MainThread :  * Restarting with stat
2022-02-21 17:26:39,422 INFO werkzeug MainThread :  * Restarting with stat
2022-02-21 17:26:46,708 INFO werkzeug MainThread :  * Restarting with stat
2022-02-21 17:30:40,269 INFO werkzeug MainThread :  * Restarting with stat
2022-02-21 17:31:04,733 INFO werkzeug MainThread :  * Restarting with stat
2022-02-21 17:33:29,556 INFO werkzeug MainThread :  * Restarting with stat
2022-02-21 17:33:37,840 INFO werkzeug MainThread :  * Restarting with stat
2022-02-21 17:34:14,423 INFO werkzeug MainThread :  * Restarting with stat
2022-02-21 17:36:35,090 INFO werkzeug MainThread :  * Restarting with stat
2022-02-21 17:37:04,638 INFO werkzeug MainThread :  * Restarting with stat
2022-02-21 17:37:26,164 INFO werkzeug MainThread :  * Restarting with stat
2022-02-21 17:41:19,891 INFO werkzeug MainThread :  * Restarting with stat
2022-02-21 17:41:42,332 INFO werkzeug MainThread :  * Restarting with stat
2022-02-21 17:43:03,327 INFO werkzeug MainThread :  * Restarting with stat
2022-02-21 17:43:49,038 INFO werkzeug MainThread :  * Restarting with stat
2022-02-21 17:46:52,162 INFO werkzeug MainThread :  * Restarting with stat
2022-02-21 17:50:50,027 INFO werkzeug MainThread :  * Restarting with stat
