2021-12-17 17:52:34,389 INFO werkzeug MainThread :  * Running on http://127.0.0.1:5000/ (Press CTRL+C to quit)
2021-12-17 17:52:34,391 INFO werkzeug MainThread :  * Restarting with stat
2021-12-17 17:52:34,544 WARNING werkzeug MainThread :  * Debugger is active!
2021-12-17 17:52:34,544 INFO werkzeug MainThread :  * Debugger PIN: 122-984-268
2021-12-17 17:52:36,319 INFO werkzeug Thread-2 : 127.0.0.1 - - [17/Dec/2021 17:52:36] "[35m[1mPOST /yaml-template HTTP/1.1[0m" 500 -
2021-12-17 17:52:44,613 INFO werkzeug MainThread :  * Detected change in '/home/tulin/PycharmProjects/pythonProject/app/json_parser.py', reloading
2021-12-17 17:52:44,646 INFO werkzeug MainThread :  * Restarting with stat
2021-12-17 17:52:44,807 WARNING werkzeug MainThread :  * Debugger is active!
2021-12-17 17:52:44,807 INFO werkzeug MainThread :  * Debugger PIN: 122-984-268
2021-12-17 17:52:47,095 INFO werkzeug Thread-2 : 127.0.0.1 - - [17/Dec/2021 17:52:47] "POST /yaml-template HTTP/1.1" 200 -
2021-12-17 17:53:04,986 INFO werkzeug MainThread :  * Detected change in '/home/tulin/PycharmProjects/pythonProject/app/json_parser.py', reloading
2021-12-17 17:53:05,013 INFO werkzeug MainThread :  * Restarting with stat
2021-12-17 17:54:00,636 INFO werkzeug MainThread :  * Restarting with stat
2021-12-17 17:54:26,019 INFO werkzeug MainThread :  * Restarting with stat
2021-12-17 18:01:10,351 INFO werkzeug MainThread :  * Restarting with stat
2021-12-17 18:01:29,680 INFO werkzeug MainThread :  * Restarting with stat
2021-12-17 18:05:49,810 INFO werkzeug MainThread :  * Restarting with stat
2021-12-17 18:06:05,126 INFO werkzeug MainThread :  * Restarting with stat
2021-12-17 18:06:19,408 INFO werkzeug MainThread :  * Restarting with stat
2021-12-17 18:06:39,729 INFO werkzeug MainThread :  * Restarting with stat
2021-12-17 18:06:42,956 INFO werkzeug MainThread :  * Restarting with stat
2021-12-17 18:07:06,454 INFO werkzeug MainThread :  * Restarting with stat
2021-12-17 18:07:28,827 INFO werkzeug MainThread :  * Restarting with stat
2021-12-17 18:07:54,165 INFO werkzeug MainThread :  * Restarting with stat
2021-12-17 18:08:45,758 INFO werkzeug MainThread :  * Restarting with stat
2021-12-17 18:09:07,105 INFO werkzeug MainThread :  * Restarting with stat
2021-12-17 18:13:55,432 INFO werkzeug MainThread :  * Restarting with stat
2021-12-17 18:14:20,807 INFO werkzeug MainThread :  * Restarting with stat
2021-12-17 18:16:04,723 INFO werkzeug MainThread :  * Restarting with stat
2021-12-17 18:16:32,164 INFO werkzeug MainThread :  * Restarting with stat
2021-12-17 18:16:43,420 INFO werkzeug MainThread :  * Restarting with stat
2021-12-17 18:18:15,301 INFO werkzeug MainThread :  * Restarting with stat
2021-12-17 18:19:41,117 INFO werkzeug MainThread :  * Restarting with stat
