2021-12-17 17:21:15,904 WARNING werkzeug MainThread :  * Debugger is active!
2021-12-17 17:21:15,904 INFO werkzeug MainThread :  * Debugger PIN: 122-984-268
2021-12-17 17:21:18,104 INFO werkzeug Thread-2 : 127.0.0.1 - - [17/Dec/2021 17:21:18] "POST /yaml-template HTTP/1.1" 200 -
2021-12-17 17:21:39,049 INFO werkzeug MainThread :  * Detected change in '/home/tulin/PycharmProjects/pythonProject/app/json_parser.py', reloading
2021-12-17 17:21:39,234 WARNING werkzeug MainThread :  * Debugger is active!
2021-12-17 17:21:39,234 INFO werkzeug MainThread :  * Debugger PIN: 122-984-268
2021-12-17 17:21:48,300 INFO werkzeug MainThread :  * Detected change in '/home/tulin/PycharmProjects/pythonProject/app/json_parser.py', reloading
2021-12-17 17:21:48,473 WARNING werkzeug MainThread :  * Debugger is active!
2021-12-17 17:21:48,474 INFO werkzeug MainThread :  * Debugger PIN: 122-984-268
2021-12-17 17:21:50,095 INFO werkzeug MainThread :  * Running on http://127.0.0.1:5000/ (Press CTRL+C to quit)
2021-12-17 17:21:50,097 INFO werkzeug MainThread :  * Restarting with stat
2021-12-17 17:21:50,251 WARNING werkzeug MainThread :  * Debugger is active!
2021-12-17 17:21:50,251 INFO werkzeug MainThread :  * Debugger PIN: 122-984-268
2021-12-17 17:21:52,303 INFO werkzeug Thread-2 : 127.0.0.1 - - [17/Dec/2021 17:21:52] "POST /yaml-template HTTP/1.1" 200 -
2021-12-17 17:22:29,545 INFO werkzeug MainThread :  * Detected change in '/home/tulin/PycharmProjects/pythonProject/app/json_parser.py', reloading
2021-12-17 17:22:29,571 INFO werkzeug MainThread :  * Restarting with stat
2021-12-17 17:22:51,028 INFO werkzeug MainThread :  * Restarting with stat
2021-12-17 17:23:01,283 INFO werkzeug MainThread :  * Restarting with stat
2021-12-17 17:24:15,082 INFO werkzeug MainThread :  * Restarting with stat
2021-12-17 17:24:41,489 INFO werkzeug MainThread :  * Restarting with stat
2021-12-17 17:24:59,814 INFO werkzeug MainThread :  * Restarting with stat
2021-12-17 17:25:06,040 INFO werkzeug MainThread :  * Restarting with stat
2021-12-17 17:25:15,319 INFO werkzeug MainThread :  * Restarting with stat
2021-12-17 17:25:21,544 INFO werkzeug MainThread :  * Restarting with stat
2021-12-17 17:25:39,833 INFO werkzeug MainThread :  * Restarting with stat
