2021-12-17 17:25:06,228 WARNING werkzeug MainThread :  * Debugger is active!
2021-12-17 17:25:06,229 INFO werkzeug MainThread :  * Debugger PIN: 122-984-268
2021-12-17 17:25:07,125 INFO werkzeug Thread-2 : 127.0.0.1 - - [17/Dec/2021 17:25:07] "[35m[1mPOST /yaml-template HTTP/1.1[0m" 500 -
2021-12-17 17:25:15,285 INFO werkzeug MainThread :  * Detected change in '/home/tulin/PycharmProjects/pythonProject/app/json_parser.py', reloading
2021-12-17 17:25:15,466 WARNING werkzeug MainThread :  * Debugger is active!
2021-12-17 17:25:15,467 INFO werkzeug MainThread :  * Debugger PIN: 122-984-268
2021-12-17 17:25:18,044 INFO werkzeug Thread-2 : 127.0.0.1 - - [17/Dec/2021 17:25:18] "[35m[1mPOST /yaml-template HTTP/1.1[0m" 500 -
2021-12-17 17:25:21,513 INFO werkzeug MainThread :  * Detected change in '/home/tulin/PycharmProjects/pythonProject/app/json_parser.py', reloading
2021-12-17 17:25:21,695 WARNING werkzeug MainThread :  * Debugger is active!
2021-12-17 17:25:21,695 INFO werkzeug MainThread :  * Debugger PIN: 122-984-268
2021-12-17 17:25:39,798 INFO werkzeug MainThread :  * Detected change in '/home/tulin/PycharmProjects/pythonProject/app/json_parser.py', reloading
2021-12-17 17:25:39,991 WARNING werkzeug MainThread :  * Debugger is active!
2021-12-17 17:25:39,991 INFO werkzeug MainThread :  * Debugger PIN: 122-984-268
2021-12-17 17:25:42,341 INFO werkzeug MainThread :  * Running on http://127.0.0.1:5000/ (Press CTRL+C to quit)
2021-12-17 17:25:42,342 INFO werkzeug MainThread :  * Restarting with stat
2021-12-17 17:25:42,505 WARNING werkzeug MainThread :  * Debugger is active!
2021-12-17 17:25:42,505 INFO werkzeug MainThread :  * Debugger PIN: 122-984-268
2021-12-17 17:25:45,951 INFO werkzeug Thread-2 : 127.0.0.1 - - [17/Dec/2021 17:25:45] "POST /yaml-template HTTP/1.1" 200 -
2021-12-17 17:26:41,841 INFO werkzeug Thread-3 : 127.0.0.1 - - [17/Dec/2021 17:26:41] "POST /yaml-template HTTP/1.1" 200 -
2021-12-17 17:26:41,867 INFO werkzeug MainThread :  * Detected change in '/home/tulin/PycharmProjects/pythonProject/app/json_parser.py', reloading
2021-12-17 17:26:41,896 INFO werkzeug MainThread :  * Restarting with stat
2021-12-17 17:31:34,316 INFO werkzeug MainThread :  * Restarting with stat
2021-12-17 17:32:25,890 INFO werkzeug MainThread :  * Restarting with stat
2021-12-17 17:32:58,305 INFO werkzeug MainThread :  * Restarting with stat
2021-12-17 17:33:08,582 INFO werkzeug MainThread :  * Restarting with stat
2021-12-17 17:33:24,882 INFO werkzeug MainThread :  * Restarting with stat
2021-12-17 17:33:31,107 INFO werkzeug MainThread :  * Restarting with stat
2021-12-17 17:34:13,668 INFO werkzeug MainThread :  * Restarting with stat
2021-12-17 17:35:28,397 INFO werkzeug MainThread :  * Restarting with stat
2021-12-17 17:35:50,772 INFO werkzeug MainThread :  * Restarting with stat
2021-12-17 17:35:51,962 INFO werkzeug MainThread :  * Restarting with stat
2021-12-17 17:36:05,257 INFO werkzeug MainThread :  * Restarting with stat
2021-12-17 17:36:26,717 INFO werkzeug MainThread :  * Restarting with stat
2021-12-17 17:38:31,843 INFO werkzeug MainThread :  * Restarting with stat
2021-12-17 17:38:40,101 INFO werkzeug MainThread :  * Restarting with stat
2021-12-17 17:38:49,357 INFO werkzeug MainThread :  * Restarting with stat
2021-12-17 17:39:25,802 INFO werkzeug MainThread :  * Restarting with stat
2021-12-17 17:39:38,076 INFO werkzeug MainThread :  * Restarting with stat
2021-12-17 17:39:52,356 INFO werkzeug MainThread :  * Restarting with stat
