2021-12-17 18:45:09,960 INFO werkzeug MainThread :  * Running on http://127.0.0.1:5000/ (Press CTRL+C to quit)
2021-12-17 18:45:09,961 INFO werkzeug MainThread :  * Restarting with stat
2021-12-17 18:45:10,103 WARNING werkzeug MainThread :  * Debugger is active!
2021-12-17 18:45:10,104 INFO werkzeug MainThread :  * Debugger PIN: 122-984-268
2021-12-17 18:45:13,832 INFO werkzeug Thread-2 : 127.0.0.1 - - [17/Dec/2021 18:45:13] "POST /yaml-template HTTP/1.1" 200 -
2021-12-17 18:45:25,236 INFO werkzeug MainThread :  * Detected change in '/home/tulin/PycharmProjects/pythonProject/app/json_parser.py', reloading
2021-12-17 18:45:25,260 INFO werkzeug MainThread :  * Restarting with stat
2021-12-17 18:45:25,421 WARNING werkzeug MainThread :  * Debugger is active!
2021-12-17 18:45:25,421 INFO werkzeug MainThread :  * Debugger PIN: 122-984-268
2021-12-17 18:45:27,553 INFO werkzeug Thread-2 : 127.0.0.1 - - [17/Dec/2021 18:45:27] "POST /yaml-template HTTP/1.1" 200 -
2021-12-17 18:46:17,885 INFO werkzeug MainThread :  * Detected change in '/home/tulin/PycharmProjects/pythonProject/app/json_parser.py', reloading
2021-12-17 18:46:17,908 INFO werkzeug MainThread :  * Restarting with stat
2021-12-17 18:47:06,460 INFO werkzeug MainThread :  * Restarting with stat
2021-12-17 18:47:18,761 INFO werkzeug MainThread :  * Restarting with stat
2021-12-17 18:48:21,452 INFO werkzeug MainThread :  * Restarting with stat
2021-12-17 18:48:39,767 INFO werkzeug MainThread :  * Restarting with stat
2021-12-17 18:48:54,039 INFO werkzeug MainThread :  * Restarting with stat
2021-12-17 18:50:26,928 INFO werkzeug MainThread :  * Restarting with stat
2021-12-17 18:51:17,539 INFO werkzeug MainThread :  * Restarting with stat
2021-12-17 18:51:36,889 INFO werkzeug MainThread :  * Restarting with stat
2021-12-17 18:51:56,227 INFO werkzeug MainThread :  * Restarting with stat
2021-12-17 18:52:26,670 INFO werkzeug MainThread :  * Restarting with stat
2021-12-17 18:52:56,087 INFO werkzeug MainThread :  * Restarting with stat
