2021-12-17 17:40:06,429 INFO werkzeug MainThread :  * Running on http://127.0.0.1:5000/ (Press CTRL+C to quit)
2021-12-17 17:40:06,432 INFO werkzeug MainThread :  * Restarting with stat
2021-12-17 17:40:06,632 WARNING werkzeug MainThread :  * Debugger is active!
2021-12-17 17:40:06,633 INFO werkzeug MainThread :  * Debugger PIN: 122-984-268
2021-12-17 17:40:08,676 INFO werkzeug Thread-2 : 127.0.0.1 - - [17/Dec/2021 17:40:08] "[35m[1mPOST /yaml-template HTTP/1.1[0m" 500 -
2021-12-17 17:40:16,708 INFO werkzeug MainThread :  * Detected change in '/home/tulin/PycharmProjects/pythonProject/app/json_parser.py', reloading
2021-12-17 17:40:16,737 INFO werkzeug MainThread :  * Restarting with stat
2021-12-17 17:40:16,879 WARNING werkzeug MainThread :  * Debugger is active!
2021-12-17 17:40:16,880 INFO werkzeug MainThread :  * Debugger PIN: 122-984-268
2021-12-17 17:40:16,886 INFO werkzeug Thread-2 : 127.0.0.1 - - [17/Dec/2021 17:40:16] "POST /yaml-template HTTP/1.1" 200 -
2021-12-17 17:40:28,969 INFO werkzeug MainThread :  * Detected change in '/home/tulin/PycharmProjects/pythonProject/app/json_parser.py', reloading
2021-12-17 17:40:28,995 INFO werkzeug MainThread :  * Restarting with stat
2021-12-17 17:40:29,142 WARNING werkzeug MainThread :  * Debugger is active!
2021-12-17 17:40:29,143 INFO werkzeug MainThread :  * Debugger PIN: 122-984-268
2021-12-17 17:40:30,757 INFO werkzeug Thread-2 : 127.0.0.1 - - [17/Dec/2021 17:40:30] "POST /yaml-template HTTP/1.1" 200 -
2021-12-17 17:40:47,303 INFO werkzeug MainThread :  * Detected change in '/home/tulin/PycharmProjects/pythonProject/app/json_parser.py', reloading
2021-12-17 17:40:47,328 INFO werkzeug MainThread :  * Restarting with stat
2021-12-17 17:40:47,475 WARNING werkzeug MainThread :  * Debugger is active!
2021-12-17 17:40:47,475 INFO werkzeug MainThread :  * Debugger PIN: 122-984-268
2021-12-17 17:40:48,602 INFO werkzeug Thread-2 : 127.0.0.1 - - [17/Dec/2021 17:40:48] "POST /yaml-template HTTP/1.1" 200 -
2021-12-17 17:41:10,676 INFO werkzeug MainThread :  * Detected change in '/home/tulin/PycharmProjects/pythonProject/app/json_parser.py', reloading
2021-12-17 17:41:10,698 INFO werkzeug MainThread :  * Restarting with stat
2021-12-17 17:41:47,130 INFO werkzeug MainThread :  * Restarting with stat
2021-12-17 17:41:58,528 INFO werkzeug MainThread :  * Restarting with stat
2021-12-17 17:42:18,893 INFO werkzeug MainThread :  * Restarting with stat
2021-12-17 17:43:35,667 INFO werkzeug MainThread :  * Restarting with stat
2021-12-17 17:43:55,983 INFO werkzeug MainThread :  * Restarting with stat
2021-12-17 17:44:05,225 INFO werkzeug MainThread :  * Restarting with stat
2021-12-17 17:44:21,531 INFO werkzeug MainThread :  * Restarting with stat
2021-12-17 17:44:37,830 INFO werkzeug MainThread :  * Restarting with stat
2021-12-17 17:47:20,365 INFO werkzeug MainThread :  * Restarting with stat
2021-12-17 17:49:09,371 INFO werkzeug MainThread :  * Restarting with stat
2021-12-17 17:52:15,865 INFO werkzeug MainThread :  * Restarting with stat
