2021-12-19 14:45:30,696 INFO werkzeug MainThread :  * Restarting with stat
2021-12-19 14:45:31,239 WARNING werkzeug MainThread :  * Debugger is active!
2021-12-19 14:45:31,243 INFO werkzeug MainThread :  * Debugger PIN: 959-477-946
2021-12-19 14:45:31,738 INFO werkzeug Thread-1 :  * Running on http://127.0.0.1:5000/ (Press CTRL+C to quit)
2021-12-19 14:45:33,591 INFO root Thread-2 : Get connection to ('10.100.151.128', 9669)
2021-12-19 14:45:33,875 INFO werkzeug Thread-2 : 127.0.0.1 - - [19/Dec/2021 14:45:33] "[35m[1mPOST /yaml-template HTTP/1.1[0m" 500 -
2021-12-19 14:46:24,765 INFO root Thread-3 : Get connection to ('10.100.151.128', 9669)
2021-12-19 14:46:25,315 INFO werkzeug Thread-3 : 127.0.0.1 - - [19/Dec/2021 14:46:25] "POST /yaml-template HTTP/1.1" 200 -
2021-12-19 14:47:32,053 INFO werkzeug MainThread :  * Detected change in 'C:\\Users\\User\\PycharmProjects\\API_COURSE\\app\\communication_with_nebula.py', reloading
2021-12-19 14:47:32,076 INFO werkzeug MainThread :  * Restarting with stat
2021-12-19 14:49:10,969 INFO werkzeug MainThread :  * Restarting with stat
2021-12-19 14:49:42,649 INFO werkzeug MainThread :  * Restarting with stat
2021-12-19 14:50:12,751 INFO werkzeug MainThread :  * Restarting with stat
2021-12-19 14:51:39,838 INFO werkzeug MainThread :  * Restarting with stat
2021-12-19 14:55:27,521 INFO werkzeug MainThread :  * Restarting with stat
2021-12-19 14:56:52,988 INFO werkzeug MainThread :  * Restarting with stat
2021-12-19 14:58:48,094 INFO werkzeug MainThread :  * Restarting with stat
2021-12-19 15:01:10,457 INFO werkzeug MainThread :  * Restarting with stat
2021-12-19 15:02:17,907 INFO werkzeug MainThread :  * Restarting with stat
2021-12-19 15:02:33,119 INFO werkzeug MainThread :  * Restarting with stat
2021-12-19 15:03:10,563 INFO werkzeug MainThread :  * Restarting with stat
2021-12-19 15:03:19,580 INFO werkzeug MainThread :  * Restarting with stat
2021-12-19 15:05:24,063 INFO werkzeug MainThread :  * Restarting with stat
2021-12-19 15:08:29,902 INFO werkzeug MainThread :  * Restarting with stat
2021-12-19 15:08:58,468 INFO werkzeug MainThread :  * Restarting with stat
2021-12-19 15:09:14,812 INFO werkzeug MainThread :  * Restarting with stat
2021-12-19 15:10:36,916 INFO werkzeug MainThread :  * Restarting with stat
2021-12-19 15:10:56,439 INFO werkzeug MainThread :  * Restarting with stat
2021-12-19 15:11:05,518 INFO werkzeug MainThread :  * Restarting with stat
2021-12-19 15:11:50,346 INFO werkzeug MainThread :  * Restarting with stat
2021-12-19 15:12:33,625 INFO werkzeug MainThread :  * Restarting with stat
