2021-12-18 20:13:23,982 INFO werkzeug MainThread :  * Restarting with stat
2021-12-18 20:13:24,517 WARNING werkzeug MainThread :  * Debugger is active!
2021-12-18 20:13:24,521 INFO werkzeug MainThread :  * Debugger PIN: 959-477-946
2021-12-18 20:13:25,008 INFO werkzeug Thread-1 :  * Running on http://127.0.0.1:5000/ (Press CTRL+C to quit)
2021-12-18 20:13:25,081 INFO werkzeug Thread-2 : 127.0.0.1 - - [18/Dec/2021 20:13:25] "[35m[1mPOST /yaml-template HTTP/1.1[0m" 500 -
2021-12-18 20:15:01,101 INFO werkzeug MainThread :  * Detected change in 'C:\\Users\\User\\PycharmProjects\\API_COURSE\\app\\json_parser.py', reloading
2021-12-18 20:15:01,128 INFO werkzeug MainThread :  * Restarting with stat
2021-12-18 20:16:44,462 INFO werkzeug MainThread :  * Restarting with stat
2021-12-18 20:18:22,999 INFO werkzeug MainThread :  * Restarting with stat
2021-12-18 20:18:49,376 INFO werkzeug MainThread :  * Restarting with stat
2021-12-18 20:19:58,106 INFO werkzeug MainThread :  * Restarting with stat
2021-12-18 20:20:13,111 INFO werkzeug MainThread :  * Restarting with stat
2021-12-18 20:20:22,049 INFO werkzeug MainThread :  * Restarting with stat
2021-12-18 20:20:45,881 INFO werkzeug MainThread :  * Restarting with stat
2021-12-18 20:20:57,960 INFO werkzeug MainThread :  * Restarting with stat
2021-12-18 20:21:36,692 INFO werkzeug MainThread :  * Restarting with stat
2021-12-18 20:21:53,236 INFO werkzeug MainThread :  * Restarting with stat
2021-12-18 20:23:34,511 INFO werkzeug MainThread :  * Restarting with stat
2021-12-18 20:24:10,217 INFO werkzeug MainThread :  * Restarting with stat
2021-12-18 20:27:09,067 INFO werkzeug MainThread :  * Restarting with stat
2021-12-18 20:28:14,797 INFO werkzeug MainThread :  * Restarting with stat
2021-12-18 20:29:29,092 INFO werkzeug MainThread :  * Restarting with stat
2021-12-18 20:30:51,606 INFO werkzeug MainThread :  * Restarting with stat
2021-12-18 20:31:39,598 INFO werkzeug MainThread :  * Restarting with stat
2021-12-18 20:33:08,621 INFO werkzeug MainThread :  * Restarting with stat
2021-12-18 20:33:31,047 INFO werkzeug MainThread :  * Restarting with stat
