2021-12-18 19:27:07,710 INFO werkzeug MainThread :  * Restarting with stat
2021-12-18 19:27:08,271 WARNING werkzeug MainThread :  * Debugger is active!
2021-12-18 19:27:08,275 INFO werkzeug MainThread :  * Debugger PIN: 959-477-946
2021-12-18 19:27:08,762 INFO werkzeug Thread-1 :  * Running on http://127.0.0.1:5000/ (Press CTRL+C to quit)
2021-12-18 19:27:10,360 INFO werkzeug Thread-2 : 127.0.0.1 - - [18/Dec/2021 19:27:10] "POST /yaml-template HTTP/1.1" 200 -
2021-12-18 19:27:32,433 INFO werkzeug Thread-3 : 127.0.0.1 - - [18/Dec/2021 19:27:32] "POST /yaml-template HTTP/1.1" 200 -
2021-12-18 19:27:33,029 INFO werkzeug MainThread :  * Detected change in 'C:\\Users\\User\\PycharmProjects\\API_COURSE\\app\\json_parser.py', reloading
2021-12-18 19:27:33,052 INFO werkzeug MainThread :  * Restarting with stat
2021-12-18 19:27:33,584 WARNING werkzeug MainThread :  * Debugger is active!
2021-12-18 19:27:33,587 INFO werkzeug MainThread :  * Debugger PIN: 959-477-946
2021-12-18 19:27:34,102 INFO werkzeug Thread-1 :  * Running on http://127.0.0.1:5000/ (Press CTRL+C to quit)
2021-12-18 19:27:41,868 INFO werkzeug MainThread :  * Detected change in 'C:\\Users\\User\\PycharmProjects\\API_COURSE\\app\\json_parser.py', reloading
2021-12-18 19:27:41,891 INFO werkzeug MainThread :  * Restarting with stat
2021-12-18 19:27:42,405 WARNING werkzeug MainThread :  * Debugger is active!
2021-12-18 19:27:42,409 INFO werkzeug MainThread :  * Debugger PIN: 959-477-946
2021-12-18 19:27:42,906 INFO werkzeug Thread-1 :  * Running on http://127.0.0.1:5000/ (Press CTRL+C to quit)
2021-12-18 19:27:43,087 INFO werkzeug Thread-2 : 127.0.0.1 - - [18/Dec/2021 19:27:43] "POST /yaml-template HTTP/1.1" 200 -
2021-12-18 19:27:52,387 INFO werkzeug MainThread :  * Detected change in 'C:\\Users\\User\\PycharmProjects\\API_COURSE\\app\\json_parser.py', reloading
2021-12-18 19:27:52,408 INFO werkzeug MainThread :  * Restarting with stat
2021-12-18 19:27:52,932 WARNING werkzeug MainThread :  * Debugger is active!
2021-12-18 19:27:52,937 INFO werkzeug MainThread :  * Debugger PIN: 959-477-946
2021-12-18 19:27:53,429 INFO werkzeug Thread-1 :  * Running on http://127.0.0.1:5000/ (Press CTRL+C to quit)
2021-12-18 19:28:10,267 INFO werkzeug MainThread :  * Detected change in 'C:\\Users\\User\\PycharmProjects\\API_COURSE\\app\\json_parser.py', reloading
2021-12-18 19:28:10,295 INFO werkzeug MainThread :  * Restarting with stat
2021-12-18 19:28:28,286 INFO werkzeug MainThread :  * Restarting with stat
2021-12-18 19:28:41,823 INFO werkzeug MainThread :  * Restarting with stat
2021-12-18 19:29:41,629 INFO werkzeug MainThread :  * Restarting with stat
2021-12-18 19:31:14,227 INFO werkzeug MainThread :  * Restarting with stat
2021-12-18 19:32:24,952 INFO werkzeug MainThread :  * Restarting with stat
2021-12-18 19:32:44,413 INFO werkzeug MainThread :  * Restarting with stat
2021-12-18 19:32:57,917 INFO werkzeug MainThread :  * Restarting with stat
2021-12-18 19:33:17,325 INFO werkzeug MainThread :  * Restarting with stat
2021-12-18 19:35:08,973 INFO werkzeug MainThread :  * Restarting with stat
2021-12-18 19:35:35,873 INFO werkzeug MainThread :  * Restarting with stat
2021-12-18 19:36:40,199 INFO werkzeug MainThread :  * Restarting with stat
2021-12-18 19:37:18,948 INFO werkzeug MainThread :  * Restarting with stat
2021-12-18 19:37:42,768 INFO werkzeug MainThread :  * Restarting with stat
2021-12-18 19:37:59,157 INFO werkzeug MainThread :  * Restarting with stat
2021-12-18 19:38:11,325 INFO werkzeug MainThread :  * Restarting with stat
2021-12-18 19:38:29,264 INFO werkzeug MainThread :  * Restarting with stat
2021-12-18 19:40:55,114 INFO werkzeug MainThread :  * Restarting with stat
2021-12-18 19:41:59,328 INFO werkzeug MainThread :  * Restarting with stat
2021-12-18 19:43:12,807 INFO werkzeug MainThread :  * Restarting with stat
2021-12-18 19:44:03,409 INFO werkzeug MainThread :  * Restarting with stat
2021-12-18 19:44:18,425 INFO werkzeug MainThread :  * Restarting with stat
2021-12-18 19:44:49,472 INFO werkzeug MainThread :  * Restarting with stat
2021-12-18 19:50:51,697 INFO werkzeug MainThread :  * Restarting with stat
2021-12-18 19:51:21,515 INFO werkzeug MainThread :  * Restarting with stat
2021-12-18 19:51:27,564 INFO werkzeug MainThread :  * Restarting with stat
2021-12-18 19:52:10,971 INFO werkzeug MainThread :  * Restarting with stat
2021-12-18 19:52:34,758 INFO werkzeug MainThread :  * Restarting with stat
2021-12-18 19:52:55,676 INFO werkzeug MainThread :  * Restarting with stat
2021-12-18 19:53:27,208 INFO werkzeug MainThread :  * Restarting with stat
2021-12-18 19:53:49,604 INFO werkzeug MainThread :  * Restarting with stat
2021-12-18 19:54:56,942 INFO werkzeug MainThread :  * Restarting with stat
2021-12-18 19:56:38,679 INFO werkzeug MainThread :  * Restarting with stat
2021-12-18 19:56:50,531 INFO werkzeug MainThread :  * Restarting with stat
2021-12-18 19:59:40,063 INFO werkzeug MainThread :  * Restarting with stat
2021-12-18 20:01:18,082 INFO werkzeug MainThread :  * Restarting with stat
2021-12-18 20:01:59,874 INFO werkzeug MainThread :  * Restarting with stat
2021-12-18 20:08:33,473 INFO werkzeug MainThread :  * Restarting with stat
