2022-03-28 16:02:01,668 WARNING werkzeug MainThread :  * Debugger is active!
2022-03-28 16:02:01,668 INFO werkzeug MainThread :  * Debugger PIN: 460-723-190
2022-03-28 16:02:03,188 INFO root Thread-2 : Get connection to ('10.100.151.128', 9669)
2022-03-28 16:02:03,204 INFO root Thread-2 : GO FROM "cluster_tosca_4" over definition YIELD dst(edge) as vid
2022-03-28 16:02:03,209 INFO root Thread-2 : GO FROM "DefinitionCapabilities145" over requirements WHERE properties($$).name == "local_storage" YIELD properties($$).name as name, dst(edge) as vid
2022-03-28 16:02:03,214 INFO root Thread-2 : GO FROM "DefinitionCapabilities146" over requirements WHERE properties($$).name == "local_storage" YIELD properties($$).name as name, dst(edge) as vid
2022-03-28 16:02:03,218 INFO root Thread-2 : GO FROM "DefinitionCapabilities147" over requirements WHERE properties($$).name == "local_storage" YIELD properties($$).name as name, dst(edge) as vid
2022-03-28 16:02:03,222 INFO root Thread-2 : GO FROM "DefinitionCapabilities148" over requirements WHERE properties($$).name == "local_storage" YIELD properties($$).name as name, dst(edge) as vid
2022-03-28 16:02:03,226 INFO root Thread-2 : GO FROM "DefinitionCapabilities149" over requirements WHERE properties($$).name == "local_storage" YIELD properties($$).name as name, dst(edge) as vid
2022-03-28 16:02:03,230 INFO root Thread-2 : GO FROM "DefinitionCapabilities150" over requirements WHERE properties($$).name == "local_storage" YIELD properties($$).name as name, dst(edge) as vid
2022-03-28 16:02:03,234 INFO root Thread-2 : GO FROM "DefinitionCapabilities151" over requirements WHERE properties($$).name == "local_storage" YIELD properties($$).name as name, dst(edge) as vid
2022-03-28 16:02:03,239 INFO root Thread-2 : GO FROM "DefinitionCapabilities152" over requirements WHERE properties($$).name == "local_storage" YIELD properties($$).name as name, dst(edge) as vid
2022-03-28 16:02:03,243 INFO root Thread-2 : GO FROM "DefinitionCapabilities153" over requirements WHERE properties($$).name == "local_storage" YIELD properties($$).name as name, dst(edge) as vid
2022-03-28 16:02:03,247 INFO root Thread-2 : GO FROM "DefinitionCapabilities154" over requirements WHERE properties($$).name == "local_storage" YIELD properties($$).name as name, dst(edge) as vid
2022-03-28 16:02:03,251 INFO root Thread-2 : GO FROM "DefinitionCapabilities155" over requirements WHERE properties($$).name == "local_storage" YIELD properties($$).name as name, dst(edge) as vid
2022-03-28 16:02:03,256 INFO root Thread-2 : GO FROM "DefinitionCapabilities156" over requirements WHERE properties($$).name == "local_storage" YIELD properties($$).name as name, dst(edge) as vid
2022-03-28 16:02:03,260 INFO root Thread-2 : GO FROM "DefinitionInterface49" over requirements WHERE properties($$).name == "local_storage" YIELD properties($$).name as name, dst(edge) as vid
2022-03-28 16:02:03,264 INFO root Thread-2 : GO FROM "DefinitionInterface50" over requirements WHERE properties($$).name == "local_storage" YIELD properties($$).name as name, dst(edge) as vid
2022-03-28 16:02:03,269 INFO root Thread-2 : GO FROM "DefinitionInterface51" over requirements WHERE properties($$).name == "local_storage" YIELD properties($$).name as name, dst(edge) as vid
2022-03-28 16:02:03,273 INFO root Thread-2 : GO FROM "DefinitionInterface52" over requirements WHERE properties($$).name == "local_storage" YIELD properties($$).name as name, dst(edge) as vid
2022-03-28 16:02:03,278 INFO root Thread-2 : GO FROM "DefinitionVertex100" over requirements WHERE properties($$).name == "local_storage" YIELD properties($$).name as name, dst(edge) as vid
2022-03-28 16:02:03,285 INFO root Thread-2 : GO FROM "DefinitionVertex101" over requirements WHERE properties($$).name == "local_storage" YIELD properties($$).name as name, dst(edge) as vid
2022-03-28 16:02:03,289 INFO root Thread-2 : GO FROM "DefinitionVertex102" over requirements WHERE properties($$).name == "local_storage" YIELD properties($$).name as name, dst(edge) as vid
2022-03-28 16:02:03,295 INFO root Thread-2 : GO FROM "DefinitionVertex103" over requirements WHERE properties($$).name == "local_storage" YIELD properties($$).name as name, dst(edge) as vid
2022-03-28 16:02:03,300 INFO root Thread-2 : GO FROM "DefinitionVertex104" over requirements WHERE properties($$).name == "local_storage" YIELD properties($$).name as name, dst(edge) as vid
2022-03-28 16:02:03,306 INFO root Thread-2 : GO FROM "DefinitionVertex97" over requirements WHERE properties($$).name == "local_storage" YIELD properties($$).name as name, dst(edge) as vid
2022-03-28 16:02:03,312 INFO root Thread-2 : GO FROM "DefinitionVertex98" over requirements WHERE properties($$).name == "local_storage" YIELD properties($$).name as name, dst(edge) as vid
2022-03-28 16:02:03,318 INFO root Thread-2 : GO FROM "DefinitionVertex99" over requirements WHERE properties($$).name == "local_storage" YIELD properties($$).name as name, dst(edge) as vid
2022-03-28 16:02:03,322 INFO root Thread-2 : GO FROM "RelationshipType109" over requirements WHERE properties($$).name == "local_storage" YIELD properties($$).name as name, dst(edge) as vid
2022-03-28 16:02:03,326 INFO root Thread-2 : GO FROM "RelationshipType110" over requirements WHERE properties($$).name == "local_storage" YIELD properties($$).name as name, dst(edge) as vid
2022-03-28 16:02:03,331 INFO root Thread-2 : GO FROM "RelationshipType111" over requirements WHERE properties($$).name == "local_storage" YIELD properties($$).name as name, dst(edge) as vid
2022-03-28 16:02:03,334 INFO root Thread-2 : GO FROM "RelationshipType112" over requirements WHERE properties($$).name == "local_storage" YIELD properties($$).name as name, dst(edge) as vid
2022-03-28 16:02:03,339 INFO root Thread-2 : GO FROM "RelationshipType113" over requirements WHERE properties($$).name == "local_storage" YIELD properties($$).name as name, dst(edge) as vid
2022-03-28 16:02:03,343 INFO root Thread-2 : GO FROM "RelationshipType114" over requirements WHERE properties($$).name == "local_storage" YIELD properties($$).name as name, dst(edge) as vid
2022-03-28 16:02:03,348 INFO root Thread-2 : GO FROM "RelationshipType115" over requirements WHERE properties($$).name == "local_storage" YIELD properties($$).name as name, dst(edge) as vid
2022-03-28 16:02:03,352 INFO root Thread-2 : GO FROM "RelationshipType116" over requirements WHERE properties($$).name == "local_storage" YIELD properties($$).name as name, dst(edge) as vid
2022-03-28 16:02:03,357 INFO root Thread-2 : GO FROM "RelationshipType117" over requirements WHERE properties($$).name == "local_storage" YIELD properties($$).name as name, dst(edge) as vid
2022-03-28 16:02:03,361 INFO root Thread-2 : FETCH PROP ON DefinitionVertex "DefinitionVertex98" YIELD properties(vertex).type as type
2022-03-28 16:02:03,362 INFO werkzeug Thread-2 : 127.0.0.1 - - [28/Mar/2022 16:02:03] "GET /find/destination_node?cluster_name=cluster_tosca_4&requirement_name=local_storage HTTP/1.1" 200 -
2022-03-28 16:02:43,260 INFO werkzeug MainThread :  * Detected change in '/home/tulin/PycharmProjects/pythonProject/app/find.py', reloading
2022-03-28 16:02:43,454 WARNING werkzeug MainThread :  * Debugger is active!
2022-03-28 16:02:43,455 INFO werkzeug MainThread :  * Debugger PIN: 460-723-190
2022-03-28 16:02:51,566 INFO werkzeug MainThread :  * Detected change in '/home/tulin/PycharmProjects/pythonProject/app/find.py', reloading
2022-03-28 16:02:51,781 WARNING werkzeug MainThread :  * Debugger is active!
2022-03-28 16:02:51,781 INFO werkzeug MainThread :  * Debugger PIN: 460-723-190
2022-03-28 16:02:52,683 INFO root Thread-2 : Get connection to ('10.100.151.128', 9669)
2022-03-28 16:02:52,697 INFO root Thread-2 : GO FROM "cluster_tosca_4" over definition YIELD dst(edge) as vid
2022-03-28 16:02:52,701 INFO root Thread-2 : GO FROM "DefinitionCapabilities145" over requirements WHERE properties($$).name == "local_storage" YIELD properties($$).name as name, dst(edge) as vid
2022-03-28 16:02:52,705 INFO root Thread-2 : GO FROM "DefinitionCapabilities146" over requirements WHERE properties($$).name == "local_storage" YIELD properties($$).name as name, dst(edge) as vid
2022-03-28 16:02:52,709 INFO root Thread-2 : GO FROM "DefinitionCapabilities147" over requirements WHERE properties($$).name == "local_storage" YIELD properties($$).name as name, dst(edge) as vid
2022-03-28 16:02:52,713 INFO root Thread-2 : GO FROM "DefinitionCapabilities148" over requirements WHERE properties($$).name == "local_storage" YIELD properties($$).name as name, dst(edge) as vid
2022-03-28 16:02:52,717 INFO root Thread-2 : GO FROM "DefinitionCapabilities149" over requirements WHERE properties($$).name == "local_storage" YIELD properties($$).name as name, dst(edge) as vid
2022-03-28 16:02:52,720 INFO root Thread-2 : GO FROM "DefinitionCapabilities150" over requirements WHERE properties($$).name == "local_storage" YIELD properties($$).name as name, dst(edge) as vid
2022-03-28 16:02:52,724 INFO root Thread-2 : GO FROM "DefinitionCapabilities151" over requirements WHERE properties($$).name == "local_storage" YIELD properties($$).name as name, dst(edge) as vid
2022-03-28 16:02:52,728 INFO root Thread-2 : GO FROM "DefinitionCapabilities152" over requirements WHERE properties($$).name == "local_storage" YIELD properties($$).name as name, dst(edge) as vid
2022-03-28 16:02:52,732 INFO root Thread-2 : GO FROM "DefinitionCapabilities153" over requirements WHERE properties($$).name == "local_storage" YIELD properties($$).name as name, dst(edge) as vid
2022-03-28 16:02:52,736 INFO root Thread-2 : GO FROM "DefinitionCapabilities154" over requirements WHERE properties($$).name == "local_storage" YIELD properties($$).name as name, dst(edge) as vid
2022-03-28 16:02:52,739 INFO root Thread-2 : GO FROM "DefinitionCapabilities155" over requirements WHERE properties($$).name == "local_storage" YIELD properties($$).name as name, dst(edge) as vid
2022-03-28 16:02:52,743 INFO root Thread-2 : GO FROM "DefinitionCapabilities156" over requirements WHERE properties($$).name == "local_storage" YIELD properties($$).name as name, dst(edge) as vid
2022-03-28 16:02:52,748 INFO root Thread-2 : GO FROM "DefinitionInterface49" over requirements WHERE properties($$).name == "local_storage" YIELD properties($$).name as name, dst(edge) as vid
2022-03-28 16:02:52,752 INFO root Thread-2 : GO FROM "DefinitionInterface50" over requirements WHERE properties($$).name == "local_storage" YIELD properties($$).name as name, dst(edge) as vid
2022-03-28 16:02:52,756 INFO root Thread-2 : GO FROM "DefinitionInterface51" over requirements WHERE properties($$).name == "local_storage" YIELD properties($$).name as name, dst(edge) as vid
2022-03-28 16:02:52,760 INFO root Thread-2 : GO FROM "DefinitionInterface52" over requirements WHERE properties($$).name == "local_storage" YIELD properties($$).name as name, dst(edge) as vid
2022-03-28 16:02:52,764 INFO root Thread-2 : GO FROM "DefinitionVertex100" over requirements WHERE properties($$).name == "local_storage" YIELD properties($$).name as name, dst(edge) as vid
2022-03-28 16:02:52,770 INFO root Thread-2 : GO FROM "DefinitionVertex101" over requirements WHERE properties($$).name == "local_storage" YIELD properties($$).name as name, dst(edge) as vid
2022-03-28 16:02:52,774 INFO root Thread-2 : GO FROM "DefinitionVertex102" over requirements WHERE properties($$).name == "local_storage" YIELD properties($$).name as name, dst(edge) as vid
2022-03-28 16:02:52,780 INFO root Thread-2 : GO FROM "DefinitionVertex103" over requirements WHERE properties($$).name == "local_storage" YIELD properties($$).name as name, dst(edge) as vid
2022-03-28 16:02:52,784 INFO root Thread-2 : GO FROM "DefinitionVertex104" over requirements WHERE properties($$).name == "local_storage" YIELD properties($$).name as name, dst(edge) as vid
2022-03-28 16:02:52,789 INFO root Thread-2 : GO FROM "DefinitionVertex97" over requirements WHERE properties($$).name == "local_storage" YIELD properties($$).name as name, dst(edge) as vid
2022-03-28 16:02:52,795 INFO root Thread-2 : GO FROM "DefinitionVertex98" over requirements WHERE properties($$).name == "local_storage" YIELD properties($$).name as name, dst(edge) as vid
2022-03-28 16:02:52,801 INFO root Thread-2 : GO FROM "DefinitionVertex99" over requirements WHERE properties($$).name == "local_storage" YIELD properties($$).name as name, dst(edge) as vid
2022-03-28 16:02:52,805 INFO root Thread-2 : GO FROM "RelationshipType109" over requirements WHERE properties($$).name == "local_storage" YIELD properties($$).name as name, dst(edge) as vid
2022-03-28 16:02:52,809 INFO root Thread-2 : GO FROM "RelationshipType110" over requirements WHERE properties($$).name == "local_storage" YIELD properties($$).name as name, dst(edge) as vid
2022-03-28 16:02:52,812 INFO root Thread-2 : GO FROM "RelationshipType111" over requirements WHERE properties($$).name == "local_storage" YIELD properties($$).name as name, dst(edge) as vid
2022-03-28 16:02:52,816 INFO root Thread-2 : GO FROM "RelationshipType112" over requirements WHERE properties($$).name == "local_storage" YIELD properties($$).name as name, dst(edge) as vid
2022-03-28 16:02:52,819 INFO root Thread-2 : GO FROM "RelationshipType113" over requirements WHERE properties($$).name == "local_storage" YIELD properties($$).name as name, dst(edge) as vid
2022-03-28 16:02:52,823 INFO root Thread-2 : GO FROM "RelationshipType114" over requirements WHERE properties($$).name == "local_storage" YIELD properties($$).name as name, dst(edge) as vid
2022-03-28 16:02:52,826 INFO root Thread-2 : GO FROM "RelationshipType115" over requirements WHERE properties($$).name == "local_storage" YIELD properties($$).name as name, dst(edge) as vid
2022-03-28 16:02:52,829 INFO root Thread-2 : GO FROM "RelationshipType116" over requirements WHERE properties($$).name == "local_storage" YIELD properties($$).name as name, dst(edge) as vid
2022-03-28 16:02:52,833 INFO root Thread-2 : GO FROM "RelationshipType117" over requirements WHERE properties($$).name == "local_storage" YIELD properties($$).name as name, dst(edge) as vid
2022-03-28 16:02:52,836 INFO root Thread-2 : FETCH PROP ON DefinitionVertex "DefinitionVertex98" YIELD properties(vertex).vertex_type_tosca  as vertex_type_tosca 
2022-03-28 16:02:52,836 INFO werkzeug Thread-2 : 127.0.0.1 - - [28/Mar/2022 16:02:52] "GET /find/destination_node?cluster_name=cluster_tosca_4&requirement_name=local_storage HTTP/1.1" 200 -
2022-03-28 16:03:15,118 INFO werkzeug MainThread :  * Detected change in '/home/tulin/PycharmProjects/pythonProject/app/find.py', reloading
