2022-03-28 16:14:50,172 INFO werkzeug MainThread :  * Running on http://127.0.0.1:5000/ (Press CTRL+C to quit)
2022-03-28 16:14:50,174 INFO werkzeug MainThread :  * Restarting with stat
2022-03-28 16:14:50,349 WARNING werkzeug MainThread :  * Debugger is active!
2022-03-28 16:14:50,349 INFO werkzeug MainThread :  * Debugger PIN: 460-723-190
2022-03-28 16:14:52,526 INFO root Thread-2 : Get connection to ('10.100.151.128', 9669)
2022-03-28 16:14:52,543 INFO root Thread-2 : GO FROM "cluster_tosca_4" over definition YIELD dst(edge) as vid
2022-03-28 16:14:52,548 INFO root Thread-2 : GO FROM "DefinitionCapabilities145" over requirements WHERE properties($$).name == "local_storage" YIELD properties($$).name as name, dst(edge) as vid
2022-03-28 16:14:52,553 INFO root Thread-2 : GO FROM "DefinitionCapabilities146" over requirements WHERE properties($$).name == "local_storage" YIELD properties($$).name as name, dst(edge) as vid
2022-03-28 16:14:52,557 INFO root Thread-2 : GO FROM "DefinitionCapabilities147" over requirements WHERE properties($$).name == "local_storage" YIELD properties($$).name as name, dst(edge) as vid
2022-03-28 16:14:52,561 INFO root Thread-2 : GO FROM "DefinitionCapabilities148" over requirements WHERE properties($$).name == "local_storage" YIELD properties($$).name as name, dst(edge) as vid
2022-03-28 16:14:52,565 INFO root Thread-2 : GO FROM "DefinitionCapabilities149" over requirements WHERE properties($$).name == "local_storage" YIELD properties($$).name as name, dst(edge) as vid
2022-03-28 16:14:52,568 INFO root Thread-2 : GO FROM "DefinitionCapabilities150" over requirements WHERE properties($$).name == "local_storage" YIELD properties($$).name as name, dst(edge) as vid
2022-03-28 16:14:52,573 INFO root Thread-2 : GO FROM "DefinitionCapabilities151" over requirements WHERE properties($$).name == "local_storage" YIELD properties($$).name as name, dst(edge) as vid
2022-03-28 16:14:52,576 INFO root Thread-2 : GO FROM "DefinitionCapabilities152" over requirements WHERE properties($$).name == "local_storage" YIELD properties($$).name as name, dst(edge) as vid
2022-03-28 16:14:52,581 INFO root Thread-2 : GO FROM "DefinitionCapabilities153" over requirements WHERE properties($$).name == "local_storage" YIELD properties($$).name as name, dst(edge) as vid
2022-03-28 16:14:52,585 INFO root Thread-2 : GO FROM "DefinitionCapabilities154" over requirements WHERE properties($$).name == "local_storage" YIELD properties($$).name as name, dst(edge) as vid
2022-03-28 16:14:52,589 INFO root Thread-2 : GO FROM "DefinitionCapabilities155" over requirements WHERE properties($$).name == "local_storage" YIELD properties($$).name as name, dst(edge) as vid
2022-03-28 16:14:52,593 INFO root Thread-2 : GO FROM "DefinitionCapabilities156" over requirements WHERE properties($$).name == "local_storage" YIELD properties($$).name as name, dst(edge) as vid
2022-03-28 16:14:52,597 INFO root Thread-2 : GO FROM "DefinitionInterface49" over requirements WHERE properties($$).name == "local_storage" YIELD properties($$).name as name, dst(edge) as vid
2022-03-28 16:14:52,602 INFO root Thread-2 : GO FROM "DefinitionInterface50" over requirements WHERE properties($$).name == "local_storage" YIELD properties($$).name as name, dst(edge) as vid
2022-03-28 16:14:52,607 INFO root Thread-2 : GO FROM "DefinitionInterface51" over requirements WHERE properties($$).name == "local_storage" YIELD properties($$).name as name, dst(edge) as vid
2022-03-28 16:14:52,611 INFO root Thread-2 : GO FROM "DefinitionInterface52" over requirements WHERE properties($$).name == "local_storage" YIELD properties($$).name as name, dst(edge) as vid
2022-03-28 16:14:52,615 INFO root Thread-2 : GO FROM "DefinitionVertex100" over requirements WHERE properties($$).name == "local_storage" YIELD properties($$).name as name, dst(edge) as vid
2022-03-28 16:14:52,623 INFO root Thread-2 : GO FROM "DefinitionVertex101" over requirements WHERE properties($$).name == "local_storage" YIELD properties($$).name as name, dst(edge) as vid
2022-03-28 16:14:52,627 INFO root Thread-2 : GO FROM "DefinitionVertex102" over requirements WHERE properties($$).name == "local_storage" YIELD properties($$).name as name, dst(edge) as vid
2022-03-28 16:14:52,633 INFO root Thread-2 : GO FROM "DefinitionVertex103" over requirements WHERE properties($$).name == "local_storage" YIELD properties($$).name as name, dst(edge) as vid
2022-03-28 16:14:52,637 INFO root Thread-2 : GO FROM "DefinitionVertex104" over requirements WHERE properties($$).name == "local_storage" YIELD properties($$).name as name, dst(edge) as vid
2022-03-28 16:14:52,643 INFO root Thread-2 : GO FROM "DefinitionVertex97" over requirements WHERE properties($$).name == "local_storage" YIELD properties($$).name as name, dst(edge) as vid
2022-03-28 16:14:52,649 INFO root Thread-2 : GO FROM "DefinitionVertex98" over requirements WHERE properties($$).name == "local_storage" YIELD properties($$).name as name, dst(edge) as vid
2022-03-28 16:14:52,651 INFO root Thread-2 : GO FROM ["RequirementsVertex88"] over requirements_destination YIELD dst(edge) as vid
2022-03-28 16:14:52,662 INFO werkzeug Thread-2 : 127.0.0.1 - - [28/Mar/2022 16:14:52] "[35m[1mGET /find/destination_node?cluster_name=cluster_tosca_4&requirement_name=local_storage HTTP/1.1[0m" 500 -
2022-03-28 16:15:24,810 INFO werkzeug MainThread :  * Detected change in '/home/tulin/PycharmProjects/pythonProject/app/find.py', reloading
2022-03-28 16:15:24,843 INFO werkzeug MainThread :  * Restarting with stat
2022-03-28 16:15:56,452 INFO werkzeug MainThread :  * Restarting with stat
2022-03-28 16:54:59,855 INFO werkzeug MainThread :  * Restarting with stat
