2022-03-28 15:57:02,379 WARNING werkzeug MainThread :  * Debugger is active!
2022-03-28 15:57:02,379 INFO werkzeug MainThread :  * Debugger PIN: 460-723-190
2022-03-28 15:57:03,165 INFO root Thread-2 : Get connection to ('10.100.151.128', 9669)
2022-03-28 15:57:03,179 INFO root Thread-2 : GO FROM "cluster_tosca_4" over definition YIELD dst(edge) as vid
2022-03-28 15:57:03,183 INFO root Thread-2 : GO FROM "DefinitionCapabilities145" over requirements YIELD dst(edge) as vid
2022-03-28 15:57:03,186 INFO root Thread-2 : GO FROM "DefinitionCapabilities146" over requirements YIELD dst(edge) as vid
2022-03-28 15:57:03,189 INFO root Thread-2 : GO FROM "DefinitionCapabilities147" over requirements YIELD dst(edge) as vid
2022-03-28 15:57:03,192 INFO root Thread-2 : GO FROM "DefinitionCapabilities148" over requirements YIELD dst(edge) as vid
2022-03-28 15:57:03,195 INFO root Thread-2 : GO FROM "DefinitionCapabilities149" over requirements YIELD dst(edge) as vid
2022-03-28 15:57:03,198 INFO root Thread-2 : GO FROM "DefinitionCapabilities150" over requirements YIELD dst(edge) as vid
2022-03-28 15:57:03,201 INFO root Thread-2 : GO FROM "DefinitionCapabilities151" over requirements YIELD dst(edge) as vid
2022-03-28 15:57:03,205 INFO root Thread-2 : GO FROM "DefinitionCapabilities152" over requirements YIELD dst(edge) as vid
2022-03-28 15:57:03,207 INFO root Thread-2 : GO FROM "DefinitionCapabilities153" over requirements YIELD dst(edge) as vid
2022-03-28 15:57:03,210 INFO root Thread-2 : GO FROM "DefinitionCapabilities154" over requirements YIELD dst(edge) as vid
2022-03-28 15:57:03,214 INFO root Thread-2 : GO FROM "DefinitionCapabilities155" over requirements YIELD dst(edge) as vid
2022-03-28 15:57:03,217 INFO root Thread-2 : GO FROM "DefinitionCapabilities156" over requirements YIELD dst(edge) as vid
2022-03-28 15:57:03,220 INFO root Thread-2 : GO FROM "DefinitionInterface49" over requirements YIELD dst(edge) as vid
2022-03-28 15:57:03,224 INFO root Thread-2 : GO FROM "DefinitionInterface50" over requirements YIELD dst(edge) as vid
2022-03-28 15:57:03,227 INFO root Thread-2 : GO FROM "DefinitionInterface51" over requirements YIELD dst(edge) as vid
2022-03-28 15:57:03,230 INFO root Thread-2 : GO FROM "DefinitionInterface52" over requirements YIELD dst(edge) as vid
2022-03-28 15:57:03,234 INFO root Thread-2 : GO FROM "DefinitionVertex100" over requirements YIELD dst(edge) as vid
2022-03-28 15:57:03,237 INFO root Thread-2 : GO FROM "DefinitionVertex101" over requirements YIELD dst(edge) as vid
2022-03-28 15:57:03,240 INFO root Thread-2 : GO FROM "DefinitionVertex102" over requirements YIELD dst(edge) as vid
2022-03-28 15:57:03,244 INFO root Thread-2 : GO FROM "DefinitionVertex103" over requirements YIELD dst(edge) as vid
2022-03-28 15:57:03,247 INFO root Thread-2 : GO FROM "DefinitionVertex104" over requirements YIELD dst(edge) as vid
2022-03-28 15:57:03,250 INFO root Thread-2 : GO FROM "DefinitionVertex97" over requirements YIELD dst(edge) as vid
2022-03-28 15:57:03,253 INFO root Thread-2 : GO FROM "DefinitionVertex98" over requirements YIELD dst(edge) as vid
2022-03-28 15:57:03,256 INFO root Thread-2 : GO FROM "DefinitionVertex99" over requirements YIELD dst(edge) as vid
2022-03-28 15:57:03,259 INFO root Thread-2 : GO FROM "RelationshipType109" over requirements YIELD dst(edge) as vid
2022-03-28 15:57:03,262 INFO root Thread-2 : GO FROM "RelationshipType110" over requirements YIELD dst(edge) as vid
2022-03-28 15:57:03,265 INFO root Thread-2 : GO FROM "RelationshipType111" over requirements YIELD dst(edge) as vid
2022-03-28 15:57:03,268 INFO root Thread-2 : GO FROM "RelationshipType112" over requirements YIELD dst(edge) as vid
2022-03-28 15:57:03,271 INFO root Thread-2 : GO FROM "RelationshipType113" over requirements YIELD dst(edge) as vid
2022-03-28 15:57:03,274 INFO root Thread-2 : GO FROM "RelationshipType114" over requirements YIELD dst(edge) as vid
2022-03-28 15:57:03,278 INFO root Thread-2 : GO FROM "RelationshipType115" over requirements YIELD dst(edge) as vid
2022-03-28 15:57:03,281 INFO root Thread-2 : GO FROM "RelationshipType116" over requirements YIELD dst(edge) as vid
2022-03-28 15:57:03,284 INFO root Thread-2 : GO FROM "RelationshipType117" over requirements YIELD dst(edge) as vid
2022-03-28 15:57:03,285 INFO werkzeug Thread-2 : 127.0.0.1 - - [28/Mar/2022 15:57:03] "GET /find/destination_node?cluster_name=cluster_tosca_4&requirement_name=local_storage HTTP/1.1" 200 -
2022-03-28 15:58:28,542 INFO werkzeug MainThread :  * Detected change in '/home/tulin/PycharmProjects/pythonProject/app/find.py', reloading
