2022-03-28 14:55:00,513 INFO werkzeug MainThread :  * Running on http://127.0.0.1:5000/ (Press CTRL+C to quit)
2022-03-28 14:55:00,515 INFO werkzeug MainThread :  * Restarting with stat
2022-03-28 14:55:00,731 WARNING werkzeug MainThread :  * Debugger is active!
2022-03-28 14:55:00,731 INFO werkzeug MainThread :  * Debugger PIN: 460-723-190
2022-03-28 14:55:03,947 INFO root Thread-2 : Get connection to ('10.100.151.128', 9669)
2022-03-28 14:55:03,975 INFO root Thread-2 : GO FROM "cluster_tosca_1" over assignment YIELD dst(edge) as vid
2022-03-28 14:55:03,980 INFO root Thread-2 : GO FROM "AssignmentVertex1" over assignment_property WHERE properties($$).values == "50 GB" YIELD properties($$).values as values, dst(edge) as vid
2022-03-28 14:55:03,983 INFO root Thread-2 : GO FROM "AssignmentVertex1" over assignment_property WHERE properties($$).value_name == "size" YIELD properties($$).value_name as value_name, dst(edge) as vid
2022-03-28 14:55:03,987 INFO root Thread-2 : GO FROM "AssignmentVertex2" over assignment_property WHERE properties($$).values == "50 GB" YIELD properties($$).values as values, dst(edge) as vid
2022-03-28 14:55:03,991 INFO root Thread-2 : GO FROM "AssignmentVertex2" over assignment_property WHERE properties($$).value_name == "size" YIELD properties($$).value_name as value_name, dst(edge) as vid
2022-03-28 14:55:03,998 INFO root Thread-2 : GO FROM "AssignmentVertex3" over assignment_property WHERE properties($$).values == "50 GB" YIELD properties($$).values as values, dst(edge) as vid
2022-03-28 14:55:04,004 INFO root Thread-2 : GO FROM "AssignmentVertex3" over assignment_property WHERE properties($$).value_name == "size" YIELD properties($$).value_name as value_name, dst(edge) as vid
2022-03-28 14:55:04,008 INFO root Thread-2 : GO FROM "RelationshipTemplate1" over assignment_property WHERE properties($$).values == "50 GB" YIELD properties($$).values as values, dst(edge) as vid
2022-03-28 14:55:04,012 INFO root Thread-2 : GO FROM "RelationshipTemplate1" over assignment_property WHERE properties($$).value_name == "size" YIELD properties($$).value_name as value_name, dst(edge) as vid
2022-03-28 14:55:04,017 INFO root Thread-2 : GO FROM "RelationshipTemplate2" over assignment_property WHERE properties($$).values == "50 GB" YIELD properties($$).values as values, dst(edge) as vid
2022-03-28 14:55:04,020 INFO root Thread-2 : GO FROM "RelationshipTemplate2" over assignment_property WHERE properties($$).value_name == "size" YIELD properties($$).value_name as value_name, dst(edge) as vid
2022-03-28 14:55:04,024 INFO root Thread-2 : GO FROM "cluster_tosca_2" over assignment YIELD dst(edge) as vid
2022-03-28 14:55:04,028 INFO root Thread-2 : GO FROM "AssignmentVertex4" over assignment_property WHERE properties($$).values == "50 GB" YIELD properties($$).values as values, dst(edge) as vid
2022-03-28 14:55:04,032 INFO root Thread-2 : GO FROM "AssignmentVertex4" over assignment_property WHERE properties($$).value_name == "size" YIELD properties($$).value_name as value_name, dst(edge) as vid
2022-03-28 14:55:04,036 INFO root Thread-2 : GO FROM "AssignmentVertex5" over assignment_property WHERE properties($$).values == "50 GB" YIELD properties($$).values as values, dst(edge) as vid
2022-03-28 14:55:04,039 INFO root Thread-2 : GO FROM "AssignmentVertex5" over assignment_property WHERE properties($$).value_name == "size" YIELD properties($$).value_name as value_name, dst(edge) as vid
2022-03-28 14:55:04,045 INFO root Thread-2 : GO FROM "AssignmentVertex6" over assignment_property WHERE properties($$).values == "50 GB" YIELD properties($$).values as values, dst(edge) as vid
2022-03-28 14:55:04,051 INFO root Thread-2 : GO FROM "AssignmentVertex6" over assignment_property WHERE properties($$).value_name == "size" YIELD properties($$).value_name as value_name, dst(edge) as vid
2022-03-28 14:55:04,054 INFO root Thread-2 : GO FROM "RelationshipTemplate3" over assignment_property WHERE properties($$).values == "50 GB" YIELD properties($$).values as values, dst(edge) as vid
2022-03-28 14:55:04,059 INFO root Thread-2 : GO FROM "RelationshipTemplate3" over assignment_property WHERE properties($$).value_name == "size" YIELD properties($$).value_name as value_name, dst(edge) as vid
2022-03-28 14:55:04,063 INFO root Thread-2 : GO FROM "RelationshipTemplate4" over assignment_property WHERE properties($$).values == "50 GB" YIELD properties($$).values as values, dst(edge) as vid
2022-03-28 14:55:04,067 INFO root Thread-2 : GO FROM "RelationshipTemplate4" over assignment_property WHERE properties($$).value_name == "size" YIELD properties($$).value_name as value_name, dst(edge) as vid
2022-03-28 14:55:04,070 INFO root Thread-2 : GO FROM "cluster_tosca_3" over assignment YIELD dst(edge) as vid
2022-03-28 14:55:04,074 INFO root Thread-2 : GO FROM "AssignmentVertex7" over assignment_property WHERE properties($$).values == "50 GB" YIELD properties($$).values as values, dst(edge) as vid
2022-03-28 14:55:04,078 INFO root Thread-2 : GO FROM "AssignmentVertex7" over assignment_property WHERE properties($$).value_name == "size" YIELD properties($$).value_name as value_name, dst(edge) as vid
2022-03-28 14:55:04,081 INFO root Thread-2 : GO FROM "AssignmentVertex8" over assignment_property WHERE properties($$).values == "50 GB" YIELD properties($$).values as values, dst(edge) as vid
2022-03-28 14:55:04,085 INFO root Thread-2 : GO FROM "AssignmentVertex8" over assignment_property WHERE properties($$).value_name == "size" YIELD properties($$).value_name as value_name, dst(edge) as vid
2022-03-28 14:55:04,090 INFO root Thread-2 : GO FROM "AssignmentVertex9" over assignment_property WHERE properties($$).values == "50 GB" YIELD properties($$).values as values, dst(edge) as vid
2022-03-28 14:55:04,095 INFO root Thread-2 : GO FROM "AssignmentVertex9" over assignment_property WHERE properties($$).value_name == "size" YIELD properties($$).value_name as value_name, dst(edge) as vid
2022-03-28 14:55:04,099 INFO root Thread-2 : GO FROM "RelationshipTemplate5" over assignment_property WHERE properties($$).values == "50 GB" YIELD properties($$).values as values, dst(edge) as vid
2022-03-28 14:55:04,103 INFO root Thread-2 : GO FROM "RelationshipTemplate5" over assignment_property WHERE properties($$).value_name == "size" YIELD properties($$).value_name as value_name, dst(edge) as vid
2022-03-28 14:55:04,107 INFO root Thread-2 : GO FROM "RelationshipTemplate6" over assignment_property WHERE properties($$).values == "50 GB" YIELD properties($$).values as values, dst(edge) as vid
2022-03-28 14:55:04,111 INFO root Thread-2 : GO FROM "RelationshipTemplate6" over assignment_property WHERE properties($$).value_name == "size" YIELD properties($$).value_name as value_name, dst(edge) as vid
2022-03-28 14:55:04,114 INFO root Thread-2 : GO FROM "cluster_tosca_4" over assignment YIELD dst(edge) as vid
2022-03-28 14:55:04,118 INFO root Thread-2 : GO FROM "AssignmentVertex37" over assignment_property WHERE properties($$).values == "50 GB" YIELD properties($$).values as values, dst(edge) as vid
2022-03-28 14:55:04,122 INFO root Thread-2 : GO FROM "AssignmentVertex37" over assignment_property WHERE properties($$).value_name == "size" YIELD properties($$).value_name as value_name, dst(edge) as vid
2022-03-28 14:55:04,126 INFO root Thread-2 : GO FROM "AssignmentVertex38" over assignment_property WHERE properties($$).values == "50 GB" YIELD properties($$).values as values, dst(edge) as vid
2022-03-28 14:55:04,129 INFO root Thread-2 : GO FROM "AssignmentVertex38" over assignment_property WHERE properties($$).value_name == "size" YIELD properties($$).value_name as value_name, dst(edge) as vid
2022-03-28 14:55:04,135 INFO root Thread-2 : GO FROM "AssignmentVertex39" over assignment_property WHERE properties($$).values == "50 GB" YIELD properties($$).values as values, dst(edge) as vid
2022-03-28 14:55:04,141 INFO root Thread-2 : GO FROM "AssignmentVertex39" over assignment_property WHERE properties($$).value_name == "size" YIELD properties($$).value_name as value_name, dst(edge) as vid
2022-03-28 14:55:04,144 INFO root Thread-2 : GO FROM "RelationshipTemplate25" over assignment_property WHERE properties($$).values == "50 GB" YIELD properties($$).values as values, dst(edge) as vid
2022-03-28 14:55:04,148 INFO root Thread-2 : GO FROM "RelationshipTemplate25" over assignment_property WHERE properties($$).value_name == "size" YIELD properties($$).value_name as value_name, dst(edge) as vid
2022-03-28 14:55:04,152 INFO root Thread-2 : GO FROM "RelationshipTemplate26" over assignment_property WHERE properties($$).values == "50 GB" YIELD properties($$).values as values, dst(edge) as vid
2022-03-28 14:55:04,156 INFO root Thread-2 : GO FROM "RelationshipTemplate26" over assignment_property WHERE properties($$).value_name == "size" YIELD properties($$).value_name as value_name, dst(edge) as vid
2022-03-28 14:55:04,161 INFO root Thread-2 : GO FROM "inputs6" over assignment_property WHERE properties($$).values == "50 GB" YIELD properties($$).values as values, dst(edge) as vid
2022-03-28 14:55:04,167 INFO root Thread-2 : GO FROM "inputs6" over assignment_property WHERE properties($$).value_name == "size" YIELD properties($$).value_name as value_name, dst(edge) as vid
2022-03-28 14:55:04,173 INFO root Thread-2 : GO FROM "inputs7" over assignment_property WHERE properties($$).values == "50 GB" YIELD properties($$).values as values, dst(edge) as vid
2022-03-28 14:55:04,179 INFO root Thread-2 : GO FROM "inputs7" over assignment_property WHERE properties($$).value_name == "size" YIELD properties($$).value_name as value_name, dst(edge) as vid
2022-03-28 14:55:04,185 INFO root Thread-2 : GO FROM "inputs8" over assignment_property WHERE properties($$).values == "50 GB" YIELD properties($$).values as values, dst(edge) as vid
2022-03-28 14:55:04,190 INFO root Thread-2 : GO FROM "inputs8" over assignment_property WHERE properties($$).value_name == "size" YIELD properties($$).value_name as value_name, dst(edge) as vid
2022-03-28 14:55:04,195 INFO root Thread-2 : GO FROM "inputs9" over assignment_property WHERE properties($$).values == "50 GB" YIELD properties($$).values as values, dst(edge) as vid
2022-03-28 14:55:04,200 INFO root Thread-2 : GO FROM "inputs9" over assignment_property WHERE properties($$).value_name == "size" YIELD properties($$).value_name as value_name, dst(edge) as vid
2022-03-28 14:55:04,204 INFO root Thread-2 : GO FROM "output28" over assignment_property WHERE properties($$).values == "50 GB" YIELD properties($$).values as values, dst(edge) as vid
2022-03-28 14:55:04,207 INFO root Thread-2 : GO FROM "output28" over assignment_property WHERE properties($$).value_name == "size" YIELD properties($$).value_name as value_name, dst(edge) as vid
2022-03-28 14:55:04,211 INFO root Thread-2 : GO FROM "output29" over assignment_property WHERE properties($$).values == "50 GB" YIELD properties($$).values as values, dst(edge) as vid
2022-03-28 14:55:04,214 INFO root Thread-2 : GO FROM "output29" over assignment_property WHERE properties($$).value_name == "size" YIELD properties($$).value_name as value_name, dst(edge) as vid
2022-03-28 14:55:04,218 INFO root Thread-2 : GO FROM "output30" over assignment_property WHERE properties($$).values == "50 GB" YIELD properties($$).values as values, dst(edge) as vid
2022-03-28 14:55:04,222 INFO root Thread-2 : GO FROM "output30" over assignment_property WHERE properties($$).value_name == "size" YIELD properties($$).value_name as value_name, dst(edge) as vid
2022-03-28 14:55:04,223 INFO werkzeug Thread-2 : 127.0.0.1 - - [28/Mar/2022 14:55:04] "GET /find/all/node/properties/size?search_by=50%20GB HTTP/1.1" 200 -
2022-03-28 15:09:19,238 INFO werkzeug MainThread :  * Detected change in '/home/tulin/PycharmProjects/pythonProject/app/find.py', reloading
2022-03-28 15:09:19,284 INFO werkzeug MainThread :  * Restarting with stat
2022-03-28 15:16:03,581 INFO werkzeug MainThread :  * Restarting with stat
2022-03-28 15:16:43,258 INFO werkzeug MainThread :  * Restarting with stat
2022-03-28 15:17:20,900 INFO werkzeug MainThread :  * Restarting with stat
2022-03-28 15:18:08,704 INFO werkzeug MainThread :  * Restarting with stat
2022-03-28 15:18:40,291 INFO werkzeug MainThread :  * Restarting with stat
2022-03-28 15:19:37,163 INFO werkzeug MainThread :  * Restarting with stat
2022-03-28 15:20:01,662 INFO werkzeug MainThread :  * Restarting with stat
2022-03-28 15:20:10,967 INFO werkzeug MainThread :  * Restarting with stat
2022-03-28 15:24:00,770 INFO werkzeug MainThread :  * Restarting with stat
2022-03-28 15:24:15,116 INFO werkzeug MainThread :  * Restarting with stat
2022-03-28 15:25:16,126 INFO werkzeug MainThread :  * Restarting with stat
2022-03-28 15:25:37,610 INFO werkzeug MainThread :  * Restarting with stat
2022-03-28 15:26:35,561 INFO werkzeug MainThread :  * Restarting with stat
2022-03-28 15:29:40,163 INFO werkzeug MainThread :  * Restarting with stat
2022-03-28 15:30:33,086 INFO werkzeug MainThread :  * Restarting with stat
2022-03-28 15:32:51,218 INFO werkzeug MainThread :  * Restarting with stat
2022-03-28 15:34:29,664 INFO werkzeug MainThread :  * Restarting with stat
2022-03-28 15:35:02,305 INFO werkzeug MainThread :  * Restarting with stat
2022-03-28 15:35:18,725 INFO werkzeug MainThread :  * Restarting with stat
2022-03-28 15:36:30,855 INFO werkzeug MainThread :  * Restarting with stat
2022-03-28 15:38:05,209 INFO werkzeug MainThread :  * Restarting with stat
2022-03-28 15:38:31,762 INFO werkzeug MainThread :  * Restarting with stat
2022-03-28 15:40:31,505 INFO werkzeug MainThread :  * Restarting with stat
2022-03-28 15:41:09,205 INFO werkzeug MainThread :  * Restarting with stat
2022-03-28 15:41:36,766 INFO werkzeug MainThread :  * Restarting with stat
2022-03-28 15:42:17,492 INFO werkzeug MainThread :  * Restarting with stat
2022-03-28 15:42:52,121 INFO werkzeug MainThread :  * Restarting with stat
2022-03-28 15:43:03,473 INFO werkzeug MainThread :  * Restarting with stat
2022-03-28 15:44:49,974 INFO werkzeug MainThread :  * Restarting with stat
2022-03-28 15:45:10,423 INFO werkzeug MainThread :  * Restarting with stat
2022-03-28 15:45:32,927 INFO werkzeug MainThread :  * Restarting with stat
2022-03-28 15:46:52,111 INFO werkzeug MainThread :  * Restarting with stat
2022-03-28 15:50:27,309 INFO werkzeug MainThread :  * Restarting with stat
2022-03-28 15:53:53,532 INFO werkzeug MainThread :  * Restarting with stat
