2022-03-28 16:05:37,421 WARNING werkzeug MainThread :  * Debugger is active!
2022-03-28 16:05:37,421 INFO werkzeug MainThread :  * Debugger PIN: 460-723-190
2022-03-28 16:05:39,206 INFO root Thread-2 : Get connection to ('10.100.151.128', 9669)
2022-03-28 16:05:39,238 INFO root Thread-2 : GO FROM "cluster_tosca_4" over definition YIELD dst(edge) as vid
2022-03-28 16:05:39,243 INFO root Thread-2 : GO FROM "DefinitionCapabilities145" over requirements WHERE properties($$).name == "local_storage" YIELD properties($$).name as name, dst(edge) as vid
2022-03-28 16:05:39,248 INFO root Thread-2 : GO FROM "DefinitionCapabilities146" over requirements WHERE properties($$).name == "local_storage" YIELD properties($$).name as name, dst(edge) as vid
2022-03-28 16:05:39,252 INFO root Thread-2 : GO FROM "DefinitionCapabilities147" over requirements WHERE properties($$).name == "local_storage" YIELD properties($$).name as name, dst(edge) as vid
2022-03-28 16:05:39,256 INFO root Thread-2 : GO FROM "DefinitionCapabilities148" over requirements WHERE properties($$).name == "local_storage" YIELD properties($$).name as name, dst(edge) as vid
2022-03-28 16:05:39,260 INFO root Thread-2 : GO FROM "DefinitionCapabilities149" over requirements WHERE properties($$).name == "local_storage" YIELD properties($$).name as name, dst(edge) as vid
2022-03-28 16:05:39,263 INFO root Thread-2 : GO FROM "DefinitionCapabilities150" over requirements WHERE properties($$).name == "local_storage" YIELD properties($$).name as name, dst(edge) as vid
2022-03-28 16:05:39,267 INFO root Thread-2 : GO FROM "DefinitionCapabilities151" over requirements WHERE properties($$).name == "local_storage" YIELD properties($$).name as name, dst(edge) as vid
2022-03-28 16:05:39,271 INFO root Thread-2 : GO FROM "DefinitionCapabilities152" over requirements WHERE properties($$).name == "local_storage" YIELD properties($$).name as name, dst(edge) as vid
2022-03-28 16:05:39,275 INFO root Thread-2 : GO FROM "DefinitionCapabilities153" over requirements WHERE properties($$).name == "local_storage" YIELD properties($$).name as name, dst(edge) as vid
2022-03-28 16:05:39,279 INFO root Thread-2 : GO FROM "DefinitionCapabilities154" over requirements WHERE properties($$).name == "local_storage" YIELD properties($$).name as name, dst(edge) as vid
2022-03-28 16:05:39,282 INFO root Thread-2 : GO FROM "DefinitionCapabilities155" over requirements WHERE properties($$).name == "local_storage" YIELD properties($$).name as name, dst(edge) as vid
2022-03-28 16:05:39,286 INFO root Thread-2 : GO FROM "DefinitionCapabilities156" over requirements WHERE properties($$).name == "local_storage" YIELD properties($$).name as name, dst(edge) as vid
2022-03-28 16:05:39,290 INFO root Thread-2 : GO FROM "DefinitionInterface49" over requirements WHERE properties($$).name == "local_storage" YIELD properties($$).name as name, dst(edge) as vid
2022-03-28 16:05:39,293 INFO root Thread-2 : GO FROM "DefinitionInterface50" over requirements WHERE properties($$).name == "local_storage" YIELD properties($$).name as name, dst(edge) as vid
2022-03-28 16:05:39,297 INFO root Thread-2 : GO FROM "DefinitionInterface51" over requirements WHERE properties($$).name == "local_storage" YIELD properties($$).name as name, dst(edge) as vid
2022-03-28 16:05:39,301 INFO root Thread-2 : GO FROM "DefinitionInterface52" over requirements WHERE properties($$).name == "local_storage" YIELD properties($$).name as name, dst(edge) as vid
2022-03-28 16:05:39,305 INFO root Thread-2 : GO FROM "DefinitionVertex100" over requirements WHERE properties($$).name == "local_storage" YIELD properties($$).name as name, dst(edge) as vid
2022-03-28 16:05:39,311 INFO root Thread-2 : GO FROM "DefinitionVertex101" over requirements WHERE properties($$).name == "local_storage" YIELD properties($$).name as name, dst(edge) as vid
2022-03-28 16:05:39,315 INFO root Thread-2 : GO FROM "DefinitionVertex102" over requirements WHERE properties($$).name == "local_storage" YIELD properties($$).name as name, dst(edge) as vid
2022-03-28 16:05:39,320 INFO root Thread-2 : GO FROM "DefinitionVertex103" over requirements WHERE properties($$).name == "local_storage" YIELD properties($$).name as name, dst(edge) as vid
2022-03-28 16:05:39,324 INFO root Thread-2 : GO FROM "DefinitionVertex104" over requirements WHERE properties($$).name == "local_storage" YIELD properties($$).name as name, dst(edge) as vid
2022-03-28 16:05:39,329 INFO root Thread-2 : GO FROM "DefinitionVertex97" over requirements WHERE properties($$).name == "local_storage" YIELD properties($$).name as name, dst(edge) as vid
2022-03-28 16:05:39,335 INFO root Thread-2 : GO FROM "DefinitionVertex98" over requirements WHERE properties($$).name == "local_storage" YIELD properties($$).name as name, dst(edge) as vid
2022-03-28 16:05:39,340 INFO root Thread-2 : GO FROM "DefinitionVertex99" over requirements WHERE properties($$).name == "local_storage" YIELD properties($$).name as name, dst(edge) as vid
2022-03-28 16:05:39,344 INFO root Thread-2 : GO FROM "RelationshipType109" over requirements WHERE properties($$).name == "local_storage" YIELD properties($$).name as name, dst(edge) as vid
2022-03-28 16:05:39,347 INFO root Thread-2 : GO FROM "RelationshipType110" over requirements WHERE properties($$).name == "local_storage" YIELD properties($$).name as name, dst(edge) as vid
2022-03-28 16:05:39,351 INFO root Thread-2 : GO FROM "RelationshipType111" over requirements WHERE properties($$).name == "local_storage" YIELD properties($$).name as name, dst(edge) as vid
2022-03-28 16:05:39,355 INFO root Thread-2 : GO FROM "RelationshipType112" over requirements WHERE properties($$).name == "local_storage" YIELD properties($$).name as name, dst(edge) as vid
2022-03-28 16:05:39,358 INFO root Thread-2 : GO FROM "RelationshipType113" over requirements WHERE properties($$).name == "local_storage" YIELD properties($$).name as name, dst(edge) as vid
2022-03-28 16:05:39,362 INFO root Thread-2 : GO FROM "RelationshipType114" over requirements WHERE properties($$).name == "local_storage" YIELD properties($$).name as name, dst(edge) as vid
2022-03-28 16:05:39,366 INFO root Thread-2 : GO FROM "RelationshipType115" over requirements WHERE properties($$).name == "local_storage" YIELD properties($$).name as name, dst(edge) as vid
2022-03-28 16:05:39,369 INFO root Thread-2 : GO FROM "RelationshipType116" over requirements WHERE properties($$).name == "local_storage" YIELD properties($$).name as name, dst(edge) as vid
2022-03-28 16:05:39,373 INFO root Thread-2 : GO FROM "RelationshipType117" over requirements WHERE properties($$).name == "local_storage" YIELD properties($$).name as name, dst(edge) as vid
2022-03-28 16:05:39,377 INFO root Thread-2 : FETCH PROP ON DefinitionVertex "DefinitionVertex98" YIELD properties(vertex).vertex_type_tosca as vertex_type_tosca
2022-03-28 16:05:39,380 INFO root Thread-2 : GO FROM "cluster_tosca_4" over assignment YIELD dst(edge) as vid
2022-03-28 16:05:39,384 INFO root Thread-2 : FETCH PROP ON AssignmentVertex "AssignmentVertex37" YIELD properties(vertex).vertex_type_tosca as vertex_type_tosca
2022-03-28 16:05:39,387 INFO root Thread-2 : FETCH PROP ON AssignmentVertex "AssignmentVertex38" YIELD properties(vertex).vertex_type_tosca as vertex_type_tosca
2022-03-28 16:05:39,390 INFO root Thread-2 : FETCH PROP ON AssignmentVertex "AssignmentVertex39" YIELD properties(vertex).vertex_type_tosca as vertex_type_tosca
2022-03-28 16:05:39,393 INFO root Thread-2 : FETCH PROP ON AssignmentVertex "RelationshipTemplate25" YIELD properties(vertex).vertex_type_tosca as vertex_type_tosca
2022-03-28 16:05:39,405 INFO werkzeug Thread-2 : 127.0.0.1 - - [28/Mar/2022 16:05:39] "[35m[1mGET /find/destination_node?cluster_name=cluster_tosca_4&requirement_name=local_storage HTTP/1.1[0m" 500 -
2022-03-28 16:06:10,854 INFO werkzeug MainThread :  * Detected change in '/home/tulin/PycharmProjects/pythonProject/app/find.py', reloading
