2022-03-28 15:54:57,616 INFO werkzeug MainThread :  * Running on http://127.0.0.1:5000/ (Press CTRL+C to quit)
2022-03-28 15:54:57,618 INFO werkzeug MainThread :  * Restarting with stat
2022-03-28 15:54:57,791 WARNING werkzeug MainThread :  * Debugger is active!
2022-03-28 15:54:57,791 INFO werkzeug MainThread :  * Debugger PIN: 460-723-190
2022-03-28 15:55:01,446 INFO root Thread-2 : Get connection to ('10.100.151.128', 9669)
2022-03-28 15:55:01,454 INFO werkzeug Thread-2 : 127.0.0.1 - - [28/Mar/2022 15:55:01] "GET /find/destination_node?cluster_name=cluster_tosca_4&requirement=local_storage HTTP/1.1" 200 -
2022-03-28 15:55:20,582 INFO root Thread-3 : Get connection to ('10.100.151.128', 9669)
2022-03-28 15:55:20,598 INFO root Thread-3 : GO FROM "cluster_tosca_4" over assignment YIELD dst(edge) as vid
2022-03-28 15:55:20,602 INFO root Thread-3 : GO FROM "A" over requirements YIELD dst(edge) as vid
2022-03-28 15:55:20,605 INFO root Thread-3 : GO FROM "s" over requirements YIELD dst(edge) as vid
2022-03-28 15:55:20,608 INFO root Thread-3 : GO FROM "s" over requirements YIELD dst(edge) as vid
2022-03-28 15:55:20,611 INFO root Thread-3 : GO FROM "i" over requirements YIELD dst(edge) as vid
2022-03-28 15:55:20,614 INFO root Thread-3 : GO FROM "g" over requirements YIELD dst(edge) as vid
2022-03-28 15:55:20,618 INFO root Thread-3 : GO FROM "n" over requirements YIELD dst(edge) as vid
2022-03-28 15:55:20,621 INFO root Thread-3 : GO FROM "m" over requirements YIELD dst(edge) as vid
2022-03-28 15:55:20,624 INFO root Thread-3 : GO FROM "e" over requirements YIELD dst(edge) as vid
2022-03-28 15:55:20,627 INFO root Thread-3 : GO FROM "n" over requirements YIELD dst(edge) as vid
2022-03-28 15:55:20,631 INFO root Thread-3 : GO FROM "t" over requirements YIELD dst(edge) as vid
2022-03-28 15:55:20,634 INFO root Thread-3 : GO FROM "V" over requirements YIELD dst(edge) as vid
2022-03-28 15:55:20,637 INFO root Thread-3 : GO FROM "e" over requirements YIELD dst(edge) as vid
2022-03-28 15:55:20,640 INFO root Thread-3 : GO FROM "r" over requirements YIELD dst(edge) as vid
2022-03-28 15:55:20,643 INFO root Thread-3 : GO FROM "t" over requirements YIELD dst(edge) as vid
2022-03-28 15:55:20,646 INFO root Thread-3 : GO FROM "e" over requirements YIELD dst(edge) as vid
2022-03-28 15:55:20,650 INFO root Thread-3 : GO FROM "x" over requirements YIELD dst(edge) as vid
2022-03-28 15:55:20,653 INFO root Thread-3 : GO FROM "3" over requirements YIELD dst(edge) as vid
2022-03-28 15:55:20,656 INFO root Thread-3 : GO FROM "7" over requirements YIELD dst(edge) as vid
2022-03-28 15:55:20,657 INFO werkzeug Thread-3 : 127.0.0.1 - - [28/Mar/2022 15:55:20] "GET /find/destination_node?cluster_name=cluster_tosca_4&requirement_name=local_storage HTTP/1.1" 200 -
2022-03-28 15:55:38,328 INFO werkzeug MainThread :  * Detected change in '/home/tulin/PycharmProjects/pythonProject/app/find.py', reloading
2022-03-28 15:55:38,358 INFO werkzeug MainThread :  * Restarting with stat
2022-03-28 15:55:57,807 INFO werkzeug MainThread :  * Restarting with stat
2022-03-28 15:56:13,216 INFO werkzeug MainThread :  * Restarting with stat
2022-03-28 15:56:23,550 INFO werkzeug MainThread :  * Restarting with stat
2022-03-28 15:57:02,215 INFO werkzeug MainThread :  * Restarting with stat
2022-03-28 15:58:28,585 INFO werkzeug MainThread :  * Restarting with stat
2022-03-28 15:59:04,223 INFO werkzeug MainThread :  * Restarting with stat
2022-03-28 15:59:22,715 INFO werkzeug MainThread :  * Restarting with stat
2022-03-28 15:59:31,057 INFO werkzeug MainThread :  * Restarting with stat
2022-03-28 16:00:22,967 INFO werkzeug MainThread :  * Restarting with stat
2022-03-28 16:02:01,499 INFO werkzeug MainThread :  * Restarting with stat
2022-03-28 16:02:43,289 INFO werkzeug MainThread :  * Restarting with stat
2022-03-28 16:02:51,608 INFO werkzeug MainThread :  * Restarting with stat
2022-03-28 16:03:15,164 INFO werkzeug MainThread :  * Restarting with stat
2022-03-28 16:05:37,258 INFO werkzeug MainThread :  * Restarting with stat
2022-03-28 16:06:10,883 INFO werkzeug MainThread :  * Restarting with stat
2022-03-28 16:06:22,242 INFO werkzeug MainThread :  * Restarting with stat
2022-03-28 16:11:47,010 INFO werkzeug MainThread :  * Restarting with stat
2022-03-28 16:12:57,125 INFO werkzeug MainThread :  * Restarting with stat
2022-03-28 16:13:33,811 INFO werkzeug MainThread :  * Restarting with stat
