2022-03-28 16:06:11,042 WARNING werkzeug MainThread :  * Debugger is active!
2022-03-28 16:06:11,042 INFO werkzeug MainThread :  * Debugger PIN: 460-723-190
2022-03-28 16:06:11,567 INFO root Thread-2 : Get connection to ('10.100.151.128', 9669)
2022-03-28 16:06:11,581 INFO root Thread-2 : GO FROM "cluster_tosca_4" over definition YIELD dst(edge) as vid
2022-03-28 16:06:11,586 INFO root Thread-2 : GO FROM "DefinitionCapabilities145" over requirements WHERE properties($$).name == "local_storage" YIELD properties($$).name as name, dst(edge) as vid
2022-03-28 16:06:11,590 INFO root Thread-2 : GO FROM "DefinitionCapabilities146" over requirements WHERE properties($$).name == "local_storage" YIELD properties($$).name as name, dst(edge) as vid
2022-03-28 16:06:11,594 INFO root Thread-2 : GO FROM "DefinitionCapabilities147" over requirements WHERE properties($$).name == "local_storage" YIELD properties($$).name as name, dst(edge) as vid
2022-03-28 16:06:11,597 INFO root Thread-2 : GO FROM "DefinitionCapabilities148" over requirements WHERE properties($$).name == "local_storage" YIELD properties($$).name as name, dst(edge) as vid
2022-03-28 16:06:11,601 INFO root Thread-2 : GO FROM "DefinitionCapabilities149" over requirements WHERE properties($$).name == "local_storage" YIELD properties($$).name as name, dst(edge) as vid
2022-03-28 16:06:11,605 INFO root Thread-2 : GO FROM "DefinitionCapabilities150" over requirements WHERE properties($$).name == "local_storage" YIELD properties($$).name as name, dst(edge) as vid
2022-03-28 16:06:11,609 INFO root Thread-2 : GO FROM "DefinitionCapabilities151" over requirements WHERE properties($$).name == "local_storage" YIELD properties($$).name as name, dst(edge) as vid
2022-03-28 16:06:11,613 INFO root Thread-2 : GO FROM "DefinitionCapabilities152" over requirements WHERE properties($$).name == "local_storage" YIELD properties($$).name as name, dst(edge) as vid
2022-03-28 16:06:11,617 INFO root Thread-2 : GO FROM "DefinitionCapabilities153" over requirements WHERE properties($$).name == "local_storage" YIELD properties($$).name as name, dst(edge) as vid
2022-03-28 16:06:11,622 INFO root Thread-2 : GO FROM "DefinitionCapabilities154" over requirements WHERE properties($$).name == "local_storage" YIELD properties($$).name as name, dst(edge) as vid
2022-03-28 16:06:11,625 INFO root Thread-2 : GO FROM "DefinitionCapabilities155" over requirements WHERE properties($$).name == "local_storage" YIELD properties($$).name as name, dst(edge) as vid
2022-03-28 16:06:11,629 INFO root Thread-2 : GO FROM "DefinitionCapabilities156" over requirements WHERE properties($$).name == "local_storage" YIELD properties($$).name as name, dst(edge) as vid
2022-03-28 16:06:11,633 INFO root Thread-2 : GO FROM "DefinitionInterface49" over requirements WHERE properties($$).name == "local_storage" YIELD properties($$).name as name, dst(edge) as vid
2022-03-28 16:06:11,637 INFO root Thread-2 : GO FROM "DefinitionInterface50" over requirements WHERE properties($$).name == "local_storage" YIELD properties($$).name as name, dst(edge) as vid
2022-03-28 16:06:11,642 INFO root Thread-2 : GO FROM "DefinitionInterface51" over requirements WHERE properties($$).name == "local_storage" YIELD properties($$).name as name, dst(edge) as vid
2022-03-28 16:06:11,645 INFO root Thread-2 : GO FROM "DefinitionInterface52" over requirements WHERE properties($$).name == "local_storage" YIELD properties($$).name as name, dst(edge) as vid
2022-03-28 16:06:11,649 INFO root Thread-2 : GO FROM "DefinitionVertex100" over requirements WHERE properties($$).name == "local_storage" YIELD properties($$).name as name, dst(edge) as vid
2022-03-28 16:06:11,655 INFO root Thread-2 : GO FROM "DefinitionVertex101" over requirements WHERE properties($$).name == "local_storage" YIELD properties($$).name as name, dst(edge) as vid
2022-03-28 16:06:11,660 INFO root Thread-2 : GO FROM "DefinitionVertex102" over requirements WHERE properties($$).name == "local_storage" YIELD properties($$).name as name, dst(edge) as vid
2022-03-28 16:06:11,665 INFO root Thread-2 : GO FROM "DefinitionVertex103" over requirements WHERE properties($$).name == "local_storage" YIELD properties($$).name as name, dst(edge) as vid
2022-03-28 16:06:11,669 INFO root Thread-2 : GO FROM "DefinitionVertex104" over requirements WHERE properties($$).name == "local_storage" YIELD properties($$).name as name, dst(edge) as vid
2022-03-28 16:06:11,675 INFO root Thread-2 : GO FROM "DefinitionVertex97" over requirements WHERE properties($$).name == "local_storage" YIELD properties($$).name as name, dst(edge) as vid
2022-03-28 16:06:11,680 INFO root Thread-2 : GO FROM "DefinitionVertex98" over requirements WHERE properties($$).name == "local_storage" YIELD properties($$).name as name, dst(edge) as vid
2022-03-28 16:06:11,686 INFO root Thread-2 : GO FROM "DefinitionVertex99" over requirements WHERE properties($$).name == "local_storage" YIELD properties($$).name as name, dst(edge) as vid
2022-03-28 16:06:11,690 INFO root Thread-2 : GO FROM "RelationshipType109" over requirements WHERE properties($$).name == "local_storage" YIELD properties($$).name as name, dst(edge) as vid
2022-03-28 16:06:11,694 INFO root Thread-2 : GO FROM "RelationshipType110" over requirements WHERE properties($$).name == "local_storage" YIELD properties($$).name as name, dst(edge) as vid
2022-03-28 16:06:11,698 INFO root Thread-2 : GO FROM "RelationshipType111" over requirements WHERE properties($$).name == "local_storage" YIELD properties($$).name as name, dst(edge) as vid
2022-03-28 16:06:11,702 INFO root Thread-2 : GO FROM "RelationshipType112" over requirements WHERE properties($$).name == "local_storage" YIELD properties($$).name as name, dst(edge) as vid
2022-03-28 16:06:11,705 INFO root Thread-2 : GO FROM "RelationshipType113" over requirements WHERE properties($$).name == "local_storage" YIELD properties($$).name as name, dst(edge) as vid
2022-03-28 16:06:11,709 INFO root Thread-2 : GO FROM "RelationshipType114" over requirements WHERE properties($$).name == "local_storage" YIELD properties($$).name as name, dst(edge) as vid
2022-03-28 16:06:11,713 INFO root Thread-2 : GO FROM "RelationshipType115" over requirements WHERE properties($$).name == "local_storage" YIELD properties($$).name as name, dst(edge) as vid
2022-03-28 16:06:11,717 INFO root Thread-2 : GO FROM "RelationshipType116" over requirements WHERE properties($$).name == "local_storage" YIELD properties($$).name as name, dst(edge) as vid
2022-03-28 16:06:11,720 INFO root Thread-2 : GO FROM "RelationshipType117" over requirements WHERE properties($$).name == "local_storage" YIELD properties($$).name as name, dst(edge) as vid
2022-03-28 16:06:11,723 INFO root Thread-2 : FETCH PROP ON DefinitionVertex "DefinitionVertex98" YIELD properties(vertex).vertex_type_tosca as vertex_type_tosca
2022-03-28 16:06:11,727 INFO root Thread-2 : GO FROM "cluster_tosca_4" over assignment YIELD dst(edge) as vid
2022-03-28 16:06:11,736 INFO werkzeug Thread-2 : 127.0.0.1 - - [28/Mar/2022 16:06:11] "[35m[1mGET /find/destination_node?cluster_name=cluster_tosca_4&requirement_name=local_storage HTTP/1.1[0m" 500 -
2022-03-28 16:06:22,213 INFO werkzeug MainThread :  * Detected change in '/home/tulin/PycharmProjects/pythonProject/app/find.py', reloading
2022-03-28 16:06:22,408 WARNING werkzeug MainThread :  * Debugger is active!
2022-03-28 16:06:22,408 INFO werkzeug MainThread :  * Debugger PIN: 460-723-190
2022-03-28 16:06:23,262 INFO root Thread-2 : Get connection to ('10.100.151.128', 9669)
2022-03-28 16:06:23,274 INFO root Thread-2 : GO FROM "cluster_tosca_4" over definition YIELD dst(edge) as vid
2022-03-28 16:06:23,277 INFO root Thread-2 : GO FROM "DefinitionCapabilities145" over requirements WHERE properties($$).name == "local_storage" YIELD properties($$).name as name, dst(edge) as vid
2022-03-28 16:06:23,282 INFO root Thread-2 : GO FROM "DefinitionCapabilities146" over requirements WHERE properties($$).name == "local_storage" YIELD properties($$).name as name, dst(edge) as vid
2022-03-28 16:06:23,286 INFO root Thread-2 : GO FROM "DefinitionCapabilities147" over requirements WHERE properties($$).name == "local_storage" YIELD properties($$).name as name, dst(edge) as vid
2022-03-28 16:06:23,290 INFO root Thread-2 : GO FROM "DefinitionCapabilities148" over requirements WHERE properties($$).name == "local_storage" YIELD properties($$).name as name, dst(edge) as vid
2022-03-28 16:06:23,293 INFO root Thread-2 : GO FROM "DefinitionCapabilities149" over requirements WHERE properties($$).name == "local_storage" YIELD properties($$).name as name, dst(edge) as vid
2022-03-28 16:06:23,297 INFO root Thread-2 : GO FROM "DefinitionCapabilities150" over requirements WHERE properties($$).name == "local_storage" YIELD properties($$).name as name, dst(edge) as vid
2022-03-28 16:06:23,301 INFO root Thread-2 : GO FROM "DefinitionCapabilities151" over requirements WHERE properties($$).name == "local_storage" YIELD properties($$).name as name, dst(edge) as vid
2022-03-28 16:06:23,305 INFO root Thread-2 : GO FROM "DefinitionCapabilities152" over requirements WHERE properties($$).name == "local_storage" YIELD properties($$).name as name, dst(edge) as vid
2022-03-28 16:06:23,309 INFO root Thread-2 : GO FROM "DefinitionCapabilities153" over requirements WHERE properties($$).name == "local_storage" YIELD properties($$).name as name, dst(edge) as vid
2022-03-28 16:06:23,314 INFO root Thread-2 : GO FROM "DefinitionCapabilities154" over requirements WHERE properties($$).name == "local_storage" YIELD properties($$).name as name, dst(edge) as vid
2022-03-28 16:06:23,318 INFO root Thread-2 : GO FROM "DefinitionCapabilities155" over requirements WHERE properties($$).name == "local_storage" YIELD properties($$).name as name, dst(edge) as vid
2022-03-28 16:06:23,321 INFO root Thread-2 : GO FROM "DefinitionCapabilities156" over requirements WHERE properties($$).name == "local_storage" YIELD properties($$).name as name, dst(edge) as vid
2022-03-28 16:06:23,325 INFO root Thread-2 : GO FROM "DefinitionInterface49" over requirements WHERE properties($$).name == "local_storage" YIELD properties($$).name as name, dst(edge) as vid
2022-03-28 16:06:23,329 INFO root Thread-2 : GO FROM "DefinitionInterface50" over requirements WHERE properties($$).name == "local_storage" YIELD properties($$).name as name, dst(edge) as vid
2022-03-28 16:06:23,333 INFO root Thread-2 : GO FROM "DefinitionInterface51" over requirements WHERE properties($$).name == "local_storage" YIELD properties($$).name as name, dst(edge) as vid
2022-03-28 16:06:23,337 INFO root Thread-2 : GO FROM "DefinitionInterface52" over requirements WHERE properties($$).name == "local_storage" YIELD properties($$).name as name, dst(edge) as vid
2022-03-28 16:06:23,341 INFO root Thread-2 : GO FROM "DefinitionVertex100" over requirements WHERE properties($$).name == "local_storage" YIELD properties($$).name as name, dst(edge) as vid
2022-03-28 16:06:23,347 INFO root Thread-2 : GO FROM "DefinitionVertex101" over requirements WHERE properties($$).name == "local_storage" YIELD properties($$).name as name, dst(edge) as vid
2022-03-28 16:06:23,350 INFO root Thread-2 : GO FROM "DefinitionVertex102" over requirements WHERE properties($$).name == "local_storage" YIELD properties($$).name as name, dst(edge) as vid
2022-03-28 16:06:23,355 INFO root Thread-2 : GO FROM "DefinitionVertex103" over requirements WHERE properties($$).name == "local_storage" YIELD properties($$).name as name, dst(edge) as vid
2022-03-28 16:06:23,361 INFO root Thread-2 : GO FROM "DefinitionVertex104" over requirements WHERE properties($$).name == "local_storage" YIELD properties($$).name as name, dst(edge) as vid
2022-03-28 16:06:23,366 INFO root Thread-2 : GO FROM "DefinitionVertex97" over requirements WHERE properties($$).name == "local_storage" YIELD properties($$).name as name, dst(edge) as vid
2022-03-28 16:06:23,371 INFO root Thread-2 : GO FROM "DefinitionVertex98" over requirements WHERE properties($$).name == "local_storage" YIELD properties($$).name as name, dst(edge) as vid
2022-03-28 16:06:23,377 INFO root Thread-2 : GO FROM "DefinitionVertex99" over requirements WHERE properties($$).name == "local_storage" YIELD properties($$).name as name, dst(edge) as vid
2022-03-28 16:06:23,381 INFO root Thread-2 : GO FROM "RelationshipType109" over requirements WHERE properties($$).name == "local_storage" YIELD properties($$).name as name, dst(edge) as vid
2022-03-28 16:06:23,385 INFO root Thread-2 : GO FROM "RelationshipType110" over requirements WHERE properties($$).name == "local_storage" YIELD properties($$).name as name, dst(edge) as vid
2022-03-28 16:06:23,390 INFO root Thread-2 : GO FROM "RelationshipType111" over requirements WHERE properties($$).name == "local_storage" YIELD properties($$).name as name, dst(edge) as vid
2022-03-28 16:06:23,394 INFO root Thread-2 : GO FROM "RelationshipType112" over requirements WHERE properties($$).name == "local_storage" YIELD properties($$).name as name, dst(edge) as vid
2022-03-28 16:06:23,398 INFO root Thread-2 : GO FROM "RelationshipType113" over requirements WHERE properties($$).name == "local_storage" YIELD properties($$).name as name, dst(edge) as vid
2022-03-28 16:06:23,402 INFO root Thread-2 : GO FROM "RelationshipType114" over requirements WHERE properties($$).name == "local_storage" YIELD properties($$).name as name, dst(edge) as vid
2022-03-28 16:06:23,406 INFO root Thread-2 : GO FROM "RelationshipType115" over requirements WHERE properties($$).name == "local_storage" YIELD properties($$).name as name, dst(edge) as vid
2022-03-28 16:06:23,410 INFO root Thread-2 : GO FROM "RelationshipType116" over requirements WHERE properties($$).name == "local_storage" YIELD properties($$).name as name, dst(edge) as vid
2022-03-28 16:06:23,414 INFO root Thread-2 : GO FROM "RelationshipType117" over requirements WHERE properties($$).name == "local_storage" YIELD properties($$).name as name, dst(edge) as vid
2022-03-28 16:06:23,417 INFO root Thread-2 : FETCH PROP ON DefinitionVertex "DefinitionVertex98" YIELD properties(vertex).vertex_type_tosca as vertex_type_tosca
2022-03-28 16:06:23,422 INFO root Thread-2 : GO FROM "cluster_tosca_4" over assignment YIELD dst(edge) as vid
2022-03-28 16:06:23,425 INFO root Thread-2 : FETCH PROP ON AssignmentVertex "AssignmentVertex37" YIELD properties(vertex).type as type
2022-03-28 16:06:23,428 INFO root Thread-2 : FETCH PROP ON AssignmentVertex "AssignmentVertex38" YIELD properties(vertex).type as type
2022-03-28 16:06:23,431 INFO root Thread-2 : FETCH PROP ON AssignmentVertex "AssignmentVertex39" YIELD properties(vertex).type as type
2022-03-28 16:06:23,432 INFO werkzeug Thread-2 : 127.0.0.1 - - [28/Mar/2022 16:06:23] "GET /find/destination_node?cluster_name=cluster_tosca_4&requirement_name=local_storage HTTP/1.1" 200 -
2022-03-28 16:11:46,976 INFO werkzeug MainThread :  * Detected change in '/home/tulin/PycharmProjects/pythonProject/app/find.py', reloading
