2022-03-28 15:55:38,518 WARNING werkzeug MainThread :  * Debugger is active!
2022-03-28 15:55:38,519 INFO werkzeug MainThread :  * Debugger PIN: 460-723-190
2022-03-28 15:55:39,305 INFO root Thread-2 : Get connection to ('10.100.151.128', 9669)
2022-03-28 15:55:39,315 INFO root Thread-2 : GO FROM "cluster_tosca_4" over assignment YIELD dst(edge) as vid
2022-03-28 15:55:39,318 INFO root Thread-2 : GO FROM "A" over requirements YIELD dst(edge) as vid
2022-03-28 15:55:39,321 INFO root Thread-2 : GO FROM "s" over requirements YIELD dst(edge) as vid
2022-03-28 15:55:39,324 INFO root Thread-2 : GO FROM "s" over requirements YIELD dst(edge) as vid
2022-03-28 15:55:39,326 INFO root Thread-2 : GO FROM "i" over requirements YIELD dst(edge) as vid
2022-03-28 15:55:39,329 INFO root Thread-2 : GO FROM "g" over requirements YIELD dst(edge) as vid
2022-03-28 15:55:39,332 INFO root Thread-2 : GO FROM "n" over requirements YIELD dst(edge) as vid
2022-03-28 15:55:39,335 INFO root Thread-2 : GO FROM "m" over requirements YIELD dst(edge) as vid
2022-03-28 15:55:39,337 INFO root Thread-2 : GO FROM "e" over requirements YIELD dst(edge) as vid
2022-03-28 15:55:39,340 INFO root Thread-2 : GO FROM "n" over requirements YIELD dst(edge) as vid
2022-03-28 15:55:39,343 INFO root Thread-2 : GO FROM "t" over requirements YIELD dst(edge) as vid
2022-03-28 15:55:39,346 INFO root Thread-2 : GO FROM "V" over requirements YIELD dst(edge) as vid
2022-03-28 15:55:39,349 INFO root Thread-2 : GO FROM "e" over requirements YIELD dst(edge) as vid
2022-03-28 15:55:39,352 INFO root Thread-2 : GO FROM "r" over requirements YIELD dst(edge) as vid
2022-03-28 15:55:39,355 INFO root Thread-2 : GO FROM "t" over requirements YIELD dst(edge) as vid
2022-03-28 15:55:39,358 INFO root Thread-2 : GO FROM "e" over requirements YIELD dst(edge) as vid
2022-03-28 15:55:39,361 INFO root Thread-2 : GO FROM "x" over requirements YIELD dst(edge) as vid
2022-03-28 15:55:39,364 INFO root Thread-2 : GO FROM "3" over requirements YIELD dst(edge) as vid
2022-03-28 15:55:39,367 INFO root Thread-2 : GO FROM "7" over requirements YIELD dst(edge) as vid
2022-03-28 15:55:39,367 INFO werkzeug Thread-2 : 127.0.0.1 - - [28/Mar/2022 15:55:39] "GET /find/destination_node?cluster_name=cluster_tosca_4&requirement_name=local_storage HTTP/1.1" 200 -
2022-03-28 15:55:57,782 INFO werkzeug MainThread :  * Detected change in '/home/tulin/PycharmProjects/pythonProject/app/find.py', reloading
2022-03-28 15:55:57,967 WARNING werkzeug MainThread :  * Debugger is active!
2022-03-28 15:55:57,968 INFO werkzeug MainThread :  * Debugger PIN: 460-723-190
2022-03-28 15:55:59,680 INFO root Thread-2 : Get connection to ('10.100.151.128', 9669)
2022-03-28 15:55:59,692 INFO root Thread-2 : GO FROM "cluster_tosca_4" over assignment YIELD dst(edge) as vid
2022-03-28 15:55:59,694 INFO root Thread-2 : GO FROM ""AssignmentVertex37"" over requirements YIELD dst(edge) as vid
2022-03-28 15:55:59,701 INFO werkzeug Thread-2 : 127.0.0.1 - - [28/Mar/2022 15:55:59] "[35m[1mGET /find/destination_node?cluster_name=cluster_tosca_4&requirement_name=local_storage HTTP/1.1[0m" 500 -
2022-03-28 15:56:13,188 INFO werkzeug MainThread :  * Detected change in '/home/tulin/PycharmProjects/pythonProject/app/find.py', reloading
