2022-03-28 16:15:25,001 WARNING werkzeug MainThread :  * Debugger is active!
2022-03-28 16:15:25,001 INFO werkzeug MainThread :  * Debugger PIN: 460-723-190
2022-03-28 16:15:26,977 INFO root Thread-2 : Get connection to ('10.100.151.128', 9669)
2022-03-28 16:15:26,992 INFO root Thread-2 : GO FROM "cluster_tosca_4" over definition YIELD dst(edge) as vid
2022-03-28 16:15:26,996 INFO root Thread-2 : GO FROM "DefinitionCapabilities145" over requirements WHERE properties($$).name == "local_storage" YIELD properties($$).name as name, dst(edge) as vid
2022-03-28 16:15:27,000 INFO root Thread-2 : GO FROM "DefinitionCapabilities146" over requirements WHERE properties($$).name == "local_storage" YIELD properties($$).name as name, dst(edge) as vid
2022-03-28 16:15:27,004 INFO root Thread-2 : GO FROM "DefinitionCapabilities147" over requirements WHERE properties($$).name == "local_storage" YIELD properties($$).name as name, dst(edge) as vid
2022-03-28 16:15:27,009 INFO root Thread-2 : GO FROM "DefinitionCapabilities148" over requirements WHERE properties($$).name == "local_storage" YIELD properties($$).name as name, dst(edge) as vid
2022-03-28 16:15:27,013 INFO root Thread-2 : GO FROM "DefinitionCapabilities149" over requirements WHERE properties($$).name == "local_storage" YIELD properties($$).name as name, dst(edge) as vid
2022-03-28 16:15:27,017 INFO root Thread-2 : GO FROM "DefinitionCapabilities150" over requirements WHERE properties($$).name == "local_storage" YIELD properties($$).name as name, dst(edge) as vid
2022-03-28 16:15:27,021 INFO root Thread-2 : GO FROM "DefinitionCapabilities151" over requirements WHERE properties($$).name == "local_storage" YIELD properties($$).name as name, dst(edge) as vid
2022-03-28 16:15:27,025 INFO root Thread-2 : GO FROM "DefinitionCapabilities152" over requirements WHERE properties($$).name == "local_storage" YIELD properties($$).name as name, dst(edge) as vid
2022-03-28 16:15:27,029 INFO root Thread-2 : GO FROM "DefinitionCapabilities153" over requirements WHERE properties($$).name == "local_storage" YIELD properties($$).name as name, dst(edge) as vid
2022-03-28 16:15:27,033 INFO root Thread-2 : GO FROM "DefinitionCapabilities154" over requirements WHERE properties($$).name == "local_storage" YIELD properties($$).name as name, dst(edge) as vid
2022-03-28 16:15:27,036 INFO root Thread-2 : GO FROM "DefinitionCapabilities155" over requirements WHERE properties($$).name == "local_storage" YIELD properties($$).name as name, dst(edge) as vid
2022-03-28 16:15:27,040 INFO root Thread-2 : GO FROM "DefinitionCapabilities156" over requirements WHERE properties($$).name == "local_storage" YIELD properties($$).name as name, dst(edge) as vid
2022-03-28 16:15:27,044 INFO root Thread-2 : GO FROM "DefinitionInterface49" over requirements WHERE properties($$).name == "local_storage" YIELD properties($$).name as name, dst(edge) as vid
2022-03-28 16:15:27,047 INFO root Thread-2 : GO FROM "DefinitionInterface50" over requirements WHERE properties($$).name == "local_storage" YIELD properties($$).name as name, dst(edge) as vid
2022-03-28 16:15:27,051 INFO root Thread-2 : GO FROM "DefinitionInterface51" over requirements WHERE properties($$).name == "local_storage" YIELD properties($$).name as name, dst(edge) as vid
2022-03-28 16:15:27,054 INFO root Thread-2 : GO FROM "DefinitionInterface52" over requirements WHERE properties($$).name == "local_storage" YIELD properties($$).name as name, dst(edge) as vid
2022-03-28 16:15:27,058 INFO root Thread-2 : GO FROM "DefinitionVertex100" over requirements WHERE properties($$).name == "local_storage" YIELD properties($$).name as name, dst(edge) as vid
2022-03-28 16:15:27,064 INFO root Thread-2 : GO FROM "DefinitionVertex101" over requirements WHERE properties($$).name == "local_storage" YIELD properties($$).name as name, dst(edge) as vid
2022-03-28 16:15:27,068 INFO root Thread-2 : GO FROM "DefinitionVertex102" over requirements WHERE properties($$).name == "local_storage" YIELD properties($$).name as name, dst(edge) as vid
2022-03-28 16:15:27,073 INFO root Thread-2 : GO FROM "DefinitionVertex103" over requirements WHERE properties($$).name == "local_storage" YIELD properties($$).name as name, dst(edge) as vid
2022-03-28 16:15:27,077 INFO root Thread-2 : GO FROM "DefinitionVertex104" over requirements WHERE properties($$).name == "local_storage" YIELD properties($$).name as name, dst(edge) as vid
2022-03-28 16:15:27,082 INFO root Thread-2 : GO FROM "DefinitionVertex97" over requirements WHERE properties($$).name == "local_storage" YIELD properties($$).name as name, dst(edge) as vid
2022-03-28 16:15:27,087 INFO root Thread-2 : GO FROM "DefinitionVertex98" over requirements WHERE properties($$).name == "local_storage" YIELD properties($$).name as name, dst(edge) as vid
2022-03-28 16:15:27,090 INFO root Thread-2 : GO FROM "RequirementsVertex88" over requirements_destination YIELD dst(edge) as vid
2022-03-28 16:15:27,092 INFO root Thread-2 : FETCH PROP ON DefinitionVertex DefinitionVertex104 YIELD properties(vertex).vertex_type_tosca as vertex_type_tosca
2022-03-28 16:15:27,100 INFO werkzeug Thread-2 : 127.0.0.1 - - [28/Mar/2022 16:15:27] "[35m[1mGET /find/destination_node?cluster_name=cluster_tosca_4&requirement_name=local_storage HTTP/1.1[0m" 500 -
2022-03-28 16:15:56,426 INFO werkzeug MainThread :  * Detected change in '/home/tulin/PycharmProjects/pythonProject/app/find.py', reloading
2022-03-28 16:15:56,609 WARNING werkzeug MainThread :  * Debugger is active!
2022-03-28 16:15:56,609 INFO werkzeug MainThread :  * Debugger PIN: 460-723-190
2022-03-28 16:15:58,176 INFO root Thread-2 : Get connection to ('10.100.151.128', 9669)
2022-03-28 16:15:58,188 INFO root Thread-2 : GO FROM "cluster_tosca_4" over definition YIELD dst(edge) as vid
2022-03-28 16:15:58,193 INFO root Thread-2 : GO FROM "DefinitionCapabilities145" over requirements WHERE properties($$).name == "local_storage" YIELD properties($$).name as name, dst(edge) as vid
2022-03-28 16:15:58,196 INFO root Thread-2 : GO FROM "DefinitionCapabilities146" over requirements WHERE properties($$).name == "local_storage" YIELD properties($$).name as name, dst(edge) as vid
2022-03-28 16:15:58,200 INFO root Thread-2 : GO FROM "DefinitionCapabilities147" over requirements WHERE properties($$).name == "local_storage" YIELD properties($$).name as name, dst(edge) as vid
2022-03-28 16:15:58,204 INFO root Thread-2 : GO FROM "DefinitionCapabilities148" over requirements WHERE properties($$).name == "local_storage" YIELD properties($$).name as name, dst(edge) as vid
2022-03-28 16:15:58,208 INFO root Thread-2 : GO FROM "DefinitionCapabilities149" over requirements WHERE properties($$).name == "local_storage" YIELD properties($$).name as name, dst(edge) as vid
2022-03-28 16:15:58,212 INFO root Thread-2 : GO FROM "DefinitionCapabilities150" over requirements WHERE properties($$).name == "local_storage" YIELD properties($$).name as name, dst(edge) as vid
2022-03-28 16:15:58,216 INFO root Thread-2 : GO FROM "DefinitionCapabilities151" over requirements WHERE properties($$).name == "local_storage" YIELD properties($$).name as name, dst(edge) as vid
2022-03-28 16:15:58,220 INFO root Thread-2 : GO FROM "DefinitionCapabilities152" over requirements WHERE properties($$).name == "local_storage" YIELD properties($$).name as name, dst(edge) as vid
2022-03-28 16:15:58,224 INFO root Thread-2 : GO FROM "DefinitionCapabilities153" over requirements WHERE properties($$).name == "local_storage" YIELD properties($$).name as name, dst(edge) as vid
2022-03-28 16:15:58,228 INFO root Thread-2 : GO FROM "DefinitionCapabilities154" over requirements WHERE properties($$).name == "local_storage" YIELD properties($$).name as name, dst(edge) as vid
2022-03-28 16:15:58,232 INFO root Thread-2 : GO FROM "DefinitionCapabilities155" over requirements WHERE properties($$).name == "local_storage" YIELD properties($$).name as name, dst(edge) as vid
2022-03-28 16:15:58,236 INFO root Thread-2 : GO FROM "DefinitionCapabilities156" over requirements WHERE properties($$).name == "local_storage" YIELD properties($$).name as name, dst(edge) as vid
2022-03-28 16:15:58,240 INFO root Thread-2 : GO FROM "DefinitionInterface49" over requirements WHERE properties($$).name == "local_storage" YIELD properties($$).name as name, dst(edge) as vid
2022-03-28 16:15:58,244 INFO root Thread-2 : GO FROM "DefinitionInterface50" over requirements WHERE properties($$).name == "local_storage" YIELD properties($$).name as name, dst(edge) as vid
2022-03-28 16:15:58,249 INFO root Thread-2 : GO FROM "DefinitionInterface51" over requirements WHERE properties($$).name == "local_storage" YIELD properties($$).name as name, dst(edge) as vid
2022-03-28 16:15:58,253 INFO root Thread-2 : GO FROM "DefinitionInterface52" over requirements WHERE properties($$).name == "local_storage" YIELD properties($$).name as name, dst(edge) as vid
2022-03-28 16:15:58,257 INFO root Thread-2 : GO FROM "DefinitionVertex100" over requirements WHERE properties($$).name == "local_storage" YIELD properties($$).name as name, dst(edge) as vid
2022-03-28 16:15:58,263 INFO root Thread-2 : GO FROM "DefinitionVertex101" over requirements WHERE properties($$).name == "local_storage" YIELD properties($$).name as name, dst(edge) as vid
2022-03-28 16:15:58,267 INFO root Thread-2 : GO FROM "DefinitionVertex102" over requirements WHERE properties($$).name == "local_storage" YIELD properties($$).name as name, dst(edge) as vid
2022-03-28 16:15:58,273 INFO root Thread-2 : GO FROM "DefinitionVertex103" over requirements WHERE properties($$).name == "local_storage" YIELD properties($$).name as name, dst(edge) as vid
2022-03-28 16:15:58,277 INFO root Thread-2 : GO FROM "DefinitionVertex104" over requirements WHERE properties($$).name == "local_storage" YIELD properties($$).name as name, dst(edge) as vid
2022-03-28 16:15:58,283 INFO root Thread-2 : GO FROM "DefinitionVertex97" over requirements WHERE properties($$).name == "local_storage" YIELD properties($$).name as name, dst(edge) as vid
2022-03-28 16:15:58,288 INFO root Thread-2 : GO FROM "DefinitionVertex98" over requirements WHERE properties($$).name == "local_storage" YIELD properties($$).name as name, dst(edge) as vid
2022-03-28 16:15:58,292 INFO root Thread-2 : GO FROM "RequirementsVertex88" over requirements_destination YIELD dst(edge) as vid
2022-03-28 16:15:58,295 INFO root Thread-2 : FETCH PROP ON DefinitionVertex "DefinitionVertex104" YIELD properties(vertex).vertex_type_tosca as vertex_type_tosca
2022-03-28 16:15:58,301 INFO root Thread-2 : GO FROM "DefinitionVertex99" over requirements WHERE properties($$).name == "local_storage" YIELD properties($$).name as name, dst(edge) as vid
2022-03-28 16:15:58,305 INFO root Thread-2 : GO FROM "RelationshipType109" over requirements WHERE properties($$).name == "local_storage" YIELD properties($$).name as name, dst(edge) as vid
2022-03-28 16:15:58,309 INFO root Thread-2 : GO FROM "RelationshipType110" over requirements WHERE properties($$).name == "local_storage" YIELD properties($$).name as name, dst(edge) as vid
2022-03-28 16:15:58,313 INFO root Thread-2 : GO FROM "RelationshipType111" over requirements WHERE properties($$).name == "local_storage" YIELD properties($$).name as name, dst(edge) as vid
2022-03-28 16:15:58,317 INFO root Thread-2 : GO FROM "RelationshipType112" over requirements WHERE properties($$).name == "local_storage" YIELD properties($$).name as name, dst(edge) as vid
2022-03-28 16:15:58,322 INFO root Thread-2 : GO FROM "RelationshipType113" over requirements WHERE properties($$).name == "local_storage" YIELD properties($$).name as name, dst(edge) as vid
2022-03-28 16:15:58,326 INFO root Thread-2 : GO FROM "RelationshipType114" over requirements WHERE properties($$).name == "local_storage" YIELD properties($$).name as name, dst(edge) as vid
2022-03-28 16:15:58,330 INFO root Thread-2 : GO FROM "RelationshipType115" over requirements WHERE properties($$).name == "local_storage" YIELD properties($$).name as name, dst(edge) as vid
2022-03-28 16:15:58,334 INFO root Thread-2 : GO FROM "RelationshipType116" over requirements WHERE properties($$).name == "local_storage" YIELD properties($$).name as name, dst(edge) as vid
2022-03-28 16:15:58,338 INFO root Thread-2 : GO FROM "RelationshipType117" over requirements WHERE properties($$).name == "local_storage" YIELD properties($$).name as name, dst(edge) as vid
2022-03-28 16:15:58,343 INFO root Thread-2 : GO FROM "cluster_tosca_4" over assignment YIELD dst(edge) as vid
2022-03-28 16:15:58,346 INFO root Thread-2 : FETCH PROP ON AssignmentVertex "AssignmentVertex37" YIELD properties(vertex).type as type
2022-03-28 16:15:58,350 INFO root Thread-2 : FETCH PROP ON AssignmentVertex "AssignmentVertex38" YIELD properties(vertex).type as type
2022-03-28 16:15:58,353 INFO root Thread-2 : FETCH PROP ON AssignmentVertex "AssignmentVertex39" YIELD properties(vertex).type as type
2022-03-28 16:15:58,354 INFO werkzeug Thread-2 : 127.0.0.1 - - [28/Mar/2022 16:15:58] "GET /find/destination_node?cluster_name=cluster_tosca_4&requirement_name=local_storage HTTP/1.1" 200 -
2022-03-28 16:54:59,828 INFO werkzeug MainThread :  * Detected change in '/home/tulin/PycharmProjects/pythonProject/app/find.py', reloading
