2022-07-06 17:23:29,188 INFO werkzeug MainThread :  * Running on http://127.0.0.1:5000 (Press CTRL+C to quit)
2022-07-06 17:23:29,188 INFO werkzeug MainThread :  * Restarting with stat
2022-07-06 17:23:29,568 WARNING werkzeug MainThread :  * Debugger is active!
2022-07-06 17:23:29,568 INFO werkzeug MainThread :  * Debugger PIN: 769-066-209
2022-07-06 17:23:32,355 INFO werkzeug Thread-2 : 127.0.0.1 - - [06/Jul/2022 17:23:32] "PATCH /yaml-template/cluster/acd/as HTTP/1.1" 200 -
2022-07-06 17:23:52,708 INFO werkzeug MainThread :  * Detected change in '/home/dmitrytulin/PycharmProjects/API_COURSE/app/views.py', reloading
2022-07-06 17:23:52,756 INFO werkzeug MainThread :  * Restarting with stat
2022-07-06 17:23:53,137 WARNING werkzeug MainThread :  * Debugger is active!
2022-07-06 17:23:53,137 INFO werkzeug MainThread :  * Debugger PIN: 219-535-111
2022-07-06 17:23:57,398 INFO werkzeug MainThread :  * Detected change in '/home/dmitrytulin/PycharmProjects/API_COURSE/app/views.py', reloading
2022-07-06 17:23:57,444 INFO werkzeug MainThread :  * Restarting with stat
2022-07-06 17:23:57,818 WARNING werkzeug MainThread :  * Debugger is active!
2022-07-06 17:23:57,819 INFO werkzeug MainThread :  * Debugger PIN: 135-052-974
2022-07-06 17:23:58,013 INFO werkzeug Thread-2 : 127.0.0.1 - - [06/Jul/2022 17:23:58] "PATCH /yaml-template/cluster/acd/as HTTP/1.1" 200 -
2022-07-06 17:24:09,452 INFO werkzeug Thread-3 : 127.0.0.1 - - [06/Jul/2022 17:24:09] "PATCH /yaml-template/cluster/acd/as HTTP/1.1" 200 -
2022-07-06 17:24:09,458 INFO werkzeug MainThread :  * Detected change in '/home/dmitrytulin/PycharmProjects/API_COURSE/app/views.py', reloading
2022-07-06 17:24:09,511 INFO werkzeug MainThread :  * Restarting with stat
2022-07-06 17:24:21,571 INFO werkzeug MainThread :  * Restarting with stat
2022-07-06 17:24:35,739 INFO werkzeug MainThread :  * Restarting with stat
2022-07-06 17:25:07,779 INFO werkzeug MainThread :  * Restarting with stat
2022-07-06 17:26:09,248 INFO werkzeug MainThread :  * Restarting with stat
2022-07-06 17:26:43,407 INFO werkzeug MainThread :  * Restarting with stat
