2022-08-08 18:41:58,331 INFO werkzeug MainThread :  * Running on all addresses (0.0.0.0)
   WARNING: This is a development server. Do not use it in a production deployment.
 * Running on http://127.0.0.1:5000
 * Running on http://10.10.10.235:5000 (Press CTRL+C to quit)
2022-08-08 18:45:28,416 INFO root Thread-1 : Get connection to ('10.100.151.128', 9669)
2022-08-08 18:45:29,354 INFO root Thread-1 : DELETE VERTEX "00474990-6d3a-46a8-8327-0de28d679803", "Jupyter_3", "47a2df16-fe63-471c-aa60-d0c50f8d0689", "3de8185f-9271-4c92-b332-7ae2c11a9344", "5c5b672f-4931-4ef6-ae85-b96a0f586a3e", "8cd5f4ea-19ae-42a3-8c7f-996d24021a47", "befeaea2-603b-4a14-a51b-77c17281beae", "831089b4-451b-42dd-88bd-72f2b265a4b4", "b0755f93-76f4-4dd4-8a3f-45b51c7e1f92", "dd021812-53f1-4b7f-84e5-8a86c891e629", "6709b3a7-53db-4fee-9ce9-34807755faee", "cdd0b1ad-38e2-4a71-bb4e-10e3e8557006", "1794d4f9-3679-44d4-a753-885ccfa13b40", "648a7bf9-28ea-4f4b-88ca-b107b82dfd5c", "46cf2b70-241b-45ae-b107-85974893bf32", "5589c76e-596a-4529-b744-4688bc8417b2", "83c31d21-cd8e-438b-813b-bb2561f71520", "d40d97e3-04e6-494d-8d44-667b9d271c6d", "5c0a562c-6074-4358-ae05-b220a9e76b47", "32945b4c-9370-480f-9325-6407ee2288d6", "3a71db70-5a55-481e-b744-1ec0453801af", "98a2c4b7-1f32-4080-a518-a5bcffcd79d7", "e3df0247-6bc5-4091-a85e-fe56ad8baf07", "c29b909e-550b-4143-9572-26b08b12bf63", "ef9497ca-7e79-4046-a216-ec727dc14836", "2a1f4ad2-a6f3-4660-b141-bcc39b967f2b", "2870794d-9a5f-4f91-af86-fd1dbc8820f4", "89b53805-99bd-4014-b506-5cbdce745c5f", "2ef4d4c3-2828-462b-ae5f-6a800f22822d", "4722a8b7-4a3d-4e43-b8dc-34ed86e25165", "b1fc1cd2-d171-4a06-aa15-9bc5b4621cad", "7eb5c9bd-5071-4b8a-99bf-7156708c5aa9", "8c93a60b-5b24-4934-9bf3-94b63eb37894", "1135f1ab-f668-4757-b59d-f1cdb7bd9e3b", "5cca4635-19b8-4d4a-a5c7-e3b87ab4ed21", "39074f81-092f-4b44-bcc0-95294ec0d19c", "8ddb631f-0855-48da-8083-9dd1f1b77351", "3b1c9228-1a2c-43f3-94f8-902a1721ccff", "951832fa-5786-4092-9954-7381c3476f02", "623488d3-7800-4ab1-9a17-c3102c45f417", "f7d0b841-5d73-4e39-8f4c-3ec356d56c53", "3ea8114a-474a-4d3d-abb5-0d6347c2296c", "d6e12c9b-ae35-400b-a9cc-831f2719dd65", "303945d7-dd3e-40e5-a7fa-c406019dc793", "029e5362-1c4b-4b20-a506-5e21d7d7b080", "a654e0de-ed7b-4f25-9763-dd4327daa36b", "4708fab4-4999-47a5-a1a5-13cff30e39f5", "aa0f5d3d-a826-4f4c-99d9-c233ca0dda36", "dd43dff6-49d8-4e1a-a13d-9206407572de", "eacb65b0-b782-42d4-9a80-4829c786394d", "ff9d80cd-63af-4643-a8b5-ae8cb96c21f6", "78d19b6f-1182-48b7-9ca2-6e924e815626", "bbba7f05-d987-4ff1-8b4f-4b8d8fbbc0a1", "f14fe17d-afce-4ecf-9a07-e691ee730792", "e0bf6f70-2739-49d1-9d79-9862030f6534", "09906c0b-9beb-4003-a12a-712c2c2e15c7", "60e7fe41-9d5a-4635-8044-f6e2d13da0b1", "eec040f4-e086-4cb8-b367-0c5d98f16a8d", "69d2dc07-6e3d-416f-9e93-a9a25e8641c6", "76ce4610-4d87-46bb-9a1e-d549be78f1e9", "f3c5bea0-cb96-4d87-88e5-8d975da5fa27", "42f64338-b75a-48f4-93d2-2aa0ef4b3fb5", "eef175cf-018b-4607-93ec-2c83d2c3c252", "155bdb52-3a94-42c3-a1db-f9fb67071e6f", "5a98e242-9da9-404d-886f-0c95734ed7b6", "a89e18ad-e7a8-4cee-b50e-82fcd07d09ef", "8d4b6752-8e69-4f06-aae4-b99ac8eb8ffd", "25543e25-da2a-40de-b142-46d3a0668a10", "0f7a117b-6643-4bdb-8b4e-cd47dd14558b", "37485acd-174d-43b9-9c08-17ca6cc942ba", "dec6ec5f-88e0-4b5b-83bf-41d765a02c79", "675052cc-5bf1-40cf-bffe-a880e8f946f8", "766b4ddb-fb54-4c34-8ae0-c1cb5c609eb1", "0402bfa4-9b5a-42ee-8112-d8bd57cda9be", "24afb466-b354-460c-89f8-3ae3921bb8f1", "fa1bdba1-a411-46e6-8bb7-070ee909740e", "ba3c5ae2-78be-4121-a50a-72dc232570e3", "b65a7618-372f-433c-9f55-c09d617e58c2", "60465634-5bf7-4104-a401-b5e25e2fb862", "74b417f1-a057-4cfd-bc41-638f72641d8d", "5dabd4a7-8f87-4ac3-9477-8f8bff5882d9", "d8ed513f-5085-44fa-b541-4f356037a595", "1567085f-a1ba-47cb-82fb-808dc3ee20dd", "716a855a-929c-4f95-9af2-140f9ecbc309", "f23b201c-25b8-46d1-a518-f9719e669fd4", "c21d851d-853d-41e9-8be9-2494beae1b04", "6eeb5e88-af49-45ff-9db7-313af89a3394", "5872249e-e8c4-4a88-8dec-b12a0e01259f", "b92ab9a4-9dae-4361-a778-375434c9ae49", "da20509c-868a-41b8-8f50-ff38aea1d8a5", "5722d01c-8be0-41bc-bfc9-8af27729b933", "96226202-e666-4713-b836-a71a32040e83", "5e1ffb8a-99ff-4543-8cba-1f7c23ddd3ae", "956d7c01-afe4-4ca2-8521-e09d5aa9e27c", "f65acd9d-dd38-48e7-9434-8c8a72440e7f", "f54768c0-3222-4cb1-996a-7c64475f0d0d", "aa7a8b6e-a35d-4e39-9ffe-fa610604ec31", "2ac40b60-d539-4655-854c-628e67af7217", "bb093b9e-a45e-4a8d-9b57-3d452eef1cad", "57801895-93e0-4314-81d7-1d291810d77c", "ac91afc6-ebca-4cc6-a3e1-0c6d044c9153", "8a31b4ed-b6ff-4e52-9a8e-a8c66a69495a", "05d322c1-df7a-4cee-a6db-bf1a3c866b2c", "8a0227e5-bf48-4b14-84ed-cbe11159dbdd", "e261b7a4-df02-479a-8996-f8c832a11964", "5753ee86-b811-4c6b-92fc-d1adf44c27b6", "5c9f1fb6-be17-4e39-9431-e260633abeec", "61fbeac4-66fd-43e9-a151-cb176c2556c1", "194d9be1-af88-4d57-8b08-6dee02cdfda7", "22c41257-c77b-42a2-b7f7-b1874c5ce61e", "a78cf0e9-c390-4e84-a5a6-62a5192a04ba", "7a2bffe7-1b97-4b87-ba84-369a6d66e14a", "4a023905-4871-4597-9cb9-52dcfd7e8a5e", "b4b1868e-dc83-4822-a8b8-22e501c46df7", "92ee7982-f547-45c7-93e7-909cb446e50b", "7ae6b6d2-3381-4e4d-8791-19bc6d94a764", "f6d32411-0213-4371-8b8b-c500bbd8ea5c", "eee2da13-4614-46da-ae85-c404635f7695", "43201b81-44c6-4cdc-80be-a88010fb1e1a", "2b46e409-d5a4-4fc2-8b32-280cd67e820e", "c7238def-a847-4007-abcb-214ca87eb32f", "d59e8788-63bf-4944-9720-5aa00951b883", "a9af5a35-d9af-47cc-bfec-2a946647ff75", "4e51835d-4caa-4251-b8b1-30a233cdb9e4", "19239a01-725e-40fa-9d49-02a3f74ef130", "a82cc130-ae76-47aa-91a2-933451cfa1a5", "f871a207-d209-420e-bf6e-3fe1da08a655", "cb23dc48-02b4-4b77-be8c-14a036efde88", "4a93d904-4c53-4b78-bc45-a22e320b20b1", "969af787-9741-4322-ba00-5e4e240580ce", "a6f4f9e3-de04-47da-bea4-ef3ab6e49228", "7bfad004-ec31-4d52-919c-c2b66e94ed3a", "2cc78936-688b-4365-a754-86d0d217eae3", "98e3dea0-f3b4-4c25-a6d0-a600dbafecad", "276da4df-4aed-4105-b392-6bd199c8248c", "a716335a-b362-4798-b330-ef5d8f0114df", "14f4728d-a3f2-413b-96c4-0bf8a068d6e2", "64b6cf5d-e09f-4b83-862b-dc82f9bf511e", "ad34633c-b6b3-4a8a-af5b-209716ad19d9", "ac002df5-2633-4a9d-8044-0894c5410641", "4e66bb40-e39d-4eec-9d61-d2e0054516ad", "b604150f-7442-4ca1-a68f-940221e51f4f", "3e2c574f-6010-4419-ac96-0bee6872cdc6", "cbb6bcd5-810f-400b-b75c-66e3d4f8dfa3", "f2e279aa-1729-4af5-b754-811bcbd37be9", "65f4974a-d2be-4540-bdef-01d2649601b9", "fed060e2-afb6-4208-bdc3-cbec9d0caaf6", "354e8c8f-f166-421d-9ba9-732ad3942c25", "ad7513fb-cb49-4342-b41f-9b8dbb514da5", "d8be0d7d-5278-4e7b-b9d0-8b246f27c84b", "61b52da7-d8cb-4f25-8db0-c29abd3aa246", "211b680d-41c2-475c-9f66-9b0d6431ab04", "dc80581d-21a2-4ba3-b3f1-3ba3594647f0", "9ae5901d-7e1b-4a42-b0da-7999d6c37dfc", "bf4d4260-f731-464c-b167-ec637c8cd958", "439c9977-b174-4d54-beb4-988216823737", "bdd78aaf-c9ab-415c-a13c-2c0f818e928c", "2a0eac29-fc97-493a-bc17-747ed2c07df4", "698dda6f-2359-4949-9167-435529dbf556", "e14c8b74-9fff-442c-85db-78db9cc67486", "2caff516-cee0-4d4b-89a0-2af993e3a833", "2b39a5e1-f6c1-4aff-b40c-adb57b136335", "60bcf168-21eb-43f0-8d61-bf0a5782a106", "106a0893-536d-443d-b4ff-99dacad11155", "db88f5e6-6e3c-44df-9204-7ebab7403f17", "2d97ce48-5edd-4485-954d-21e893832fec", "080a8035-2511-44ce-848d-52f22cc4c642", "4f5f4a3a-e768-410c-92ed-810f1059772d", "8345e064-7bdb-416d-9f93-c67ddf809f3e", "0f82129c-7d88-4b5e-86cc-a1189d84de20", "f72f5610-2f70-4e76-b4d4-f5850eb6638b", "3a1811f5-2bbd-4780-a664-cb8672a31a7a", "1759e9ff-de0e-446e-b059-562c7db3a2ef", "b9a3ad2e-5226-4fe0-a344-46ff239b33de", "75ac4fd8-bfd7-4e89-97d5-a19c84159fb1", "86b8e615-b328-4ec9-bba1-0dec573d341b", "9b117923-52d7-4e0e-a637-67ee77bf98a1", "8fe5395e-8f68-4897-a91f-49f61fb23cac", "16e5ad9a-0c08-4eec-a3c4-f100059dd392", "d4df5a56-c334-4352-93e0-7f7f5b5b4110", "9e784ca8-8ec2-46ce-9e9c-7eb6e4ad47c4", "688e37fa-5c18-4090-84c8-017cf4de9e0b", "8ecc436e-635b-414a-9b3b-1ad5b7493dac", "0b8863d1-8266-4636-a376-2fe9c9bcce51", "e001da9a-0dcc-4421-a7dc-e26da631df44", "2d963b0e-3963-4edb-8895-b63ef71b1a4e", "b9144572-c155-4a6b-992e-092d84def34d", "170ff8a6-3018-40bc-8100-1ed1631b5ce9", "ee03bba9-1374-4418-8845-a90bf8a8fb76", "566808dc-e0d7-442a-a411-7125269a2b29", "62dff47e-ca73-4976-a7fa-d0cb9ef0213e", "0b3831a2-75f0-4970-aaca-3256022fa94c", "a35ccd25-3904-47b2-a952-a984f5f0bef3", "b159bc88-f593-4367-978e-e07c1d42a825", "8f7ffa8e-44f3-463a-9e6b-1ff8f7cf8a95", "3ccb2564-c86d-464b-9823-80d3ee535353", "b9d99cd3-bfc6-468d-8fbc-61d84dd30df0", "6563466f-ca18-4181-bb77-bdbc7262032c", "8a736dff-765c-4a9d-8e87-e2def82ea3c7", "f0205d59-602b-4ead-b1e4-8c6c3def3898", "764afdcc-c824-45ec-9c51-3ce3858f3801", "fdae2293-753b-44a1-b8c5-e7c305d4036a", "c7855b07-3b05-4921-8762-e5f65dfaea51", "5c3a55cb-50df-4911-b6a6-b2016ab084ca", "9dbda48b-e389-49d6-a6c9-d7b61a1df1be", "fc5fa24b-742a-4677-87be-a9a97b49bca8", "795a1abd-c92e-4fe0-b277-04550736a675", "5308dd8d-bce3-4946-9b6f-2b130d0aa68d", "40adf896-bf87-48c9-8846-d237e6706ff0", "28fd6b09-18b7-449a-9205-c803b45c78ff", "4fb88ccf-2dea-4176-a2d5-29326181881f", "d7a73b38-f357-41b6-8fa9-fb4f2e929f39", "637687f7-dd2d-4d43-9cec-ecb2616e489f", "1ce29411-1f24-4c3d-af05-faa01ca9dda0", "8cea826e-dbe7-4d3d-9455-8b764366491d", "8ccf9879-7af8-4f7e-af9d-aadd79c8f53f", "bbb3fcdf-a7f4-40ce-bd14-00d8845ff4cf", "d878b460-f769-43bf-9516-170732c37379", "b90c3776-be5d-41d6-b6a2-ee2e39baf5ab", "53190802-725e-4336-85d8-c38326cd6dcf", "5a69deac-58b9-4244-8003-8671180b0573", "6e330d9b-675d-4442-8e28-95fff953c8b8", "16ae5ad8-dd0e-47a7-b685-abb2fb910322", "fdde0c7b-07f6-484b-9a58-9a83716740b1", "16c41ab5-e84f-4e54-b43f-21152f4fc7ab", "51d717bc-4697-43aa-a55f-aafbbe5e552c", "bc4996e2-e80c-4afe-925a-398611e2befe" 
2022-08-08 18:45:29,356 INFO root Thread-1 : Success of deleting 227
2022-08-08 18:45:29,358 INFO werkzeug Thread-1 : 127.0.0.1 - - [08/Aug/2022 18:45:29] "POST /yaml_delete_cluster?cluster_name=Jupyter_3 HTTP/1.1" 200 -
2022-08-08 18:45:42,276 INFO root Thread-2 : Get connection to ('10.100.151.128', 9669)
2022-08-08 18:45:42,285 INFO root Thread-2 : DELETE VERTEX  
2022-08-08 18:45:42,286 ERROR app Thread-2 : Exception on /yaml_delete_cluster [POST]
Traceback (most recent call last):
  File "/home/dmitrytulin/PycharmProjects/API_COURSE/venv/lib/python3.9/site-packages/flask/app.py", line 2077, in wsgi_app
    response = self.full_dispatch_request()
  File "/home/dmitrytulin/PycharmProjects/API_COURSE/venv/lib/python3.9/site-packages/flask/app.py", line 1525, in full_dispatch_request
    rv = self.handle_user_exception(e)
  File "/home/dmitrytulin/PycharmProjects/API_COURSE/venv/lib/python3.9/site-packages/flask/app.py", line 1523, in full_dispatch_request
    rv = self.dispatch_request()
  File "/home/dmitrytulin/PycharmProjects/API_COURSE/venv/lib/python3.9/site-packages/flask/app.py", line 1509, in dispatch_request
    return self.ensure_sync(self.view_functions[rule.endpoint])(**req.view_args)
  File "/home/dmitrytulin/PycharmProjects/API_COURSE/app/views.py", line 90, in yaml_delete_cluster
    :return:
  File "/home/dmitrytulin/PycharmProjects/API_COURSE/nebula_communication/nebula_functions.py", line 235, in delete_cluster
    delete_vertex(on_delete)
  File "/home/dmitrytulin/PycharmProjects/API_COURSE/nebula_communication/nebula_functions.py", line 107, in delete_vertex
    assert result.is_succeeded(), result.error_msg()
AssertionError: SyntaxError: syntax error near ` '
2022-08-08 18:45:42,289 INFO werkzeug Thread-2 : 127.0.0.1 - - [08/Aug/2022 18:45:42] "[35m[1mPOST /yaml_delete_cluster?cluster_name=Jupyter_3 HTTP/1.1[0m" 500 -
2022-08-08 18:47:10,675 INFO root Thread-3 : Get connection to ('10.100.151.128', 9669)
2022-08-08 18:47:10,690 INFO root Thread-3 : FETCH PROP ON ServiceTemplateDefinition "Jupyter_3" YIELD properties(vertex)
2022-08-08 18:47:10,691 ERROR app Thread-3 : Exception on /get_yaml_template [GET]
Traceback (most recent call last):
  File "/home/dmitrytulin/PycharmProjects/API_COURSE/venv/lib/python3.9/site-packages/flask/app.py", line 2077, in wsgi_app
    response = self.full_dispatch_request()
  File "/home/dmitrytulin/PycharmProjects/API_COURSE/venv/lib/python3.9/site-packages/flask/app.py", line 1525, in full_dispatch_request
    rv = self.handle_user_exception(e)
  File "/home/dmitrytulin/PycharmProjects/API_COURSE/venv/lib/python3.9/site-packages/flask/app.py", line 1523, in full_dispatch_request
    rv = self.dispatch_request()
  File "/home/dmitrytulin/PycharmProjects/API_COURSE/venv/lib/python3.9/site-packages/flask/app.py", line 1509, in dispatch_request
    return self.ensure_sync(self.view_functions[rule.endpoint])(**req.view_args)
  File "/home/dmitrytulin/PycharmProjects/API_COURSE/app/views.py", line 113, in get_yaml_from_vertex
    """
  File "/home/dmitrytulin/PycharmProjects/API_COURSE/nebula_communication/template_builder/definition/ServiceTemplateDefinition.py", line 23, in construct_service_template_definition
    vertex_value = vertex_value.as_map()
AttributeError: 'NoneType' object has no attribute 'as_map'
2022-08-08 18:47:10,691 INFO werkzeug Thread-3 : 127.0.0.1 - - [08/Aug/2022 18:47:10] "[35m[1mGET /get_yaml_template?cluster_name=Jupyter_3 HTTP/1.1[0m" 500 -
