2022-03-05 15:28:43,919 INFO werkzeug MainThread :  * Running on http://127.0.0.1:5000/ (Press CTRL+C to quit)
2022-03-05 15:28:43,921 INFO werkzeug MainThread :  * Restarting with stat
2022-03-05 15:28:44,088 WARNING werkzeug MainThread :  * Debugger is active!
2022-03-05 15:28:44,089 INFO werkzeug MainThread :  * Debugger PIN: 127-056-592
2022-03-05 15:28:46,481 INFO werkzeug Thread-2 : 127.0.0.1 - - [05/Mar/2022 15:28:46] "[35m[1mPOST /yaml-template?cluster_name=cluster_tosca_52 HTTP/1.1[0m" 500 -
2022-03-05 15:30:16,066 INFO werkzeug MainThread :  * Detected change in '/home/tulin/PycharmProjects/pythonProject/app/yaml_parser.py', reloading
2022-03-05 15:30:16,115 INFO werkzeug MainThread :  * Restarting with stat
2022-03-05 15:33:00,148 INFO werkzeug MainThread :  * Restarting with stat
2022-03-05 15:35:05,988 INFO werkzeug MainThread :  * Restarting with stat
2022-03-05 15:36:00,763 INFO werkzeug MainThread :  * Restarting with stat
2022-03-05 15:36:43,778 INFO werkzeug MainThread :  * Restarting with stat
2022-03-05 15:41:08,755 INFO werkzeug MainThread :  * Restarting with stat
2022-03-05 15:51:07,226 INFO werkzeug MainThread :  * Restarting with stat
2022-03-05 15:52:27,393 INFO werkzeug MainThread :  * Restarting with stat
2022-03-05 15:54:39,224 INFO werkzeug MainThread :  * Restarting with stat
2022-03-05 15:54:52,682 INFO werkzeug MainThread :  * Restarting with stat
2022-03-05 15:57:04,357 INFO werkzeug MainThread :  * Restarting with stat
2022-03-05 15:57:48,016 INFO werkzeug MainThread :  * Restarting with stat
2022-03-05 15:58:11,482 INFO werkzeug MainThread :  * Restarting with stat
2022-03-05 15:58:51,137 INFO werkzeug MainThread :  * Restarting with stat
2022-03-05 15:59:45,975 INFO werkzeug MainThread :  * Restarting with stat
2022-03-05 16:00:26,650 INFO werkzeug MainThread :  * Restarting with stat
2022-03-05 16:01:20,477 INFO werkzeug MainThread :  * Restarting with stat
2022-03-05 16:02:23,362 INFO werkzeug MainThread :  * Restarting with stat
2022-03-05 16:03:37,338 INFO werkzeug MainThread :  * Restarting with stat
