2022-03-05 16:13:03,991 INFO werkzeug MainThread :  * Running on http://127.0.0.1:5000/ (Press CTRL+C to quit)
2022-03-05 16:13:03,993 INFO werkzeug MainThread :  * Restarting with stat
2022-03-05 16:13:04,177 WARNING werkzeug MainThread :  * Debugger is active!
2022-03-05 16:13:04,177 INFO werkzeug MainThread :  * Debugger PIN: 127-056-592
2022-03-05 16:13:08,720 INFO werkzeug Thread-2 : 127.0.0.1 - - [05/Mar/2022 16:13:08] "POST /yaml-template?cluster_name=test HTTP/1.1" 200 -
2022-03-05 16:14:25,065 INFO werkzeug MainThread :  * Detected change in '/home/tulin/PycharmProjects/pythonProject/test.py', reloading
2022-03-05 16:14:25,096 INFO werkzeug MainThread :  * Restarting with stat
2022-03-05 16:15:07,786 INFO werkzeug MainThread :  * Restarting with stat
2022-03-05 16:15:30,256 INFO werkzeug MainThread :  * Restarting with stat
2022-03-05 16:21:31,750 INFO werkzeug MainThread :  * Restarting with stat
2022-03-05 16:52:44,115 INFO werkzeug MainThread :  * Restarting with stat
2022-03-05 16:53:16,697 INFO werkzeug MainThread :  * Restarting with stat
2022-03-05 16:54:21,634 INFO werkzeug MainThread :  * Restarting with stat
2022-03-05 16:54:35,987 INFO werkzeug MainThread :  * Restarting with stat
2022-03-05 16:54:53,386 INFO werkzeug MainThread :  * Restarting with stat
2022-03-05 16:56:49,926 INFO werkzeug MainThread :  * Restarting with stat
2022-03-05 16:56:54,176 INFO werkzeug MainThread :  * Restarting with stat
2022-03-05 16:57:46,986 INFO werkzeug MainThread :  * Restarting with stat
2022-03-05 16:58:45,830 INFO werkzeug MainThread :  * Restarting with stat
2022-03-05 16:58:53,130 INFO werkzeug MainThread :  * Restarting with stat
